<!DOCTYPE html>

<html>
  <head>
  <meta charset='utf-8'>
  <title>TestNG reports</title>

    <link type="text/css" href="testng-reports.css" rel="stylesheet" />
    <script type="text/javascript" src="jquery-1.7.1.min.js"></script>
    <script type="text/javascript" src="testng-reports.js"></script>
    <script type="text/javascript" src="https://www.google.com/jsapi"></script>
    <script type='text/javascript'>
      google.load('visualization', '1', {packages:['table']});
      google.setOnLoadCallback(drawTable);
      var suiteTableInitFunctions = new Array();
      var suiteTableData = new Array();
    </script>
    <!--
      <script type="text/javascript" src="jquery-ui/js/jquery-ui-1.8.16.custom.min.js"></script>
     -->
  </head>

  <body>
    <div class="top-banner-root">
      <span class="top-banner-title-font">Test results</span>
      <br/>
      <span class="top-banner-font-1">1 suite, 32 failed tests</span>
    </div> <!-- top-banner-root -->
    <div class="navigator-root">
      <div class="navigator-suite-header">
        <span>All suites</span>
        <a href="#" class="collapse-all-link" title="Collapse/expand all the suites">
          <img class="collapse-all-icon" src="collapseall.gif">
          </img> <!-- collapse-all-icon -->
        </a> <!-- collapse-all-link -->
      </div> <!-- navigator-suite-header -->
      <div class="suite">
        <div class="rounded-window">
          <div class="suite-header light-rounded-window-top">
            <a href="#" class="navigator-link" panel-name="suite-CalculatorTestSuite">
              <span class="suite-name border-failed">CalculatorTestSuite</span>
            </a> <!-- navigator-link -->
          </div> <!-- suite-header light-rounded-window-top -->
          <div class="navigator-suite-content">
            <div class="suite-section-title">
              <span>Info</span>
            </div> <!-- suite-section-title -->
            <div class="suite-section-content">
              <ul>
                <li>
                  <a href="#" class="navigator-link " panel-name="test-xml-CalculatorTestSuite">
                    <span>C:\Users\Valiantsin_Ivashynka\workspace\CalculatorTest\CalculatorTestSuite.xml</span>
                  </a> <!-- navigator-link  -->
                </li>
                <li>
                  <a href="#" class="navigator-link " panel-name="testlist-CalculatorTestSuite">
                    <span class="test-stats">12 tests</span>
                  </a> <!-- navigator-link  -->
                </li>
                <li>
                  <a href="#" class="navigator-link " panel-name="group-CalculatorTestSuite">
                    <span>1 group</span>
                  </a> <!-- navigator-link  -->
                </li>
                <li>
                  <a href="#" class="navigator-link " panel-name="times-CalculatorTestSuite">
                    <span>Times</span>
                  </a> <!-- navigator-link  -->
                </li>
                <li>
                  <a href="#" class="navigator-link " panel-name="reporter-CalculatorTestSuite">
                    <span>Reporter output</span>
                  </a> <!-- navigator-link  -->
                </li>
                <li>
                  <a href="#" class="navigator-link " panel-name="ignored-methods-CalculatorTestSuite">
                    <span>Ignored methods</span>
                  </a> <!-- navigator-link  -->
                </li>
                <li>
                  <a href="#" class="navigator-link " panel-name="chronological-CalculatorTestSuite">
                    <span>Chronological view</span>
                  </a> <!-- navigator-link  -->
                </li>
              </ul>
            </div> <!-- suite-section-content -->
            <div class="result-section">
              <div class="suite-section-title">
                <span>Results</span>
              </div> <!-- suite-section-title -->
              <div class="suite-section-content">
                <ul>
                  <li>
                    <span class="method-stats">114 methods, 32 failed,   82 passed</span>
                  </li>
                  <li>
                    <span class="method-list-title failed">Failed methods</span>
                    <span class="show-or-hide-methods failed">
                      <a href="#" panel-name="suite-CalculatorTestSuite" class="hide-methods failed suite-CalculatorTestSuite"> (hide)</a> <!-- hide-methods failed suite-CalculatorTestSuite -->
                      <a href="#" panel-name="suite-CalculatorTestSuite" class="show-methods failed suite-CalculatorTestSuite"> (show)</a> <!-- show-methods failed suite-CalculatorTestSuite -->
                    </span>
                    <div class="method-list-content failed suite-CalculatorTestSuite">
                      <span>
                        <img width="3%" src="failed.png"/>
                        <a href="#" class="method navigator-link" panel-name="suite-CalculatorTestSuite" title="by.epam.atmentoring.unittest.CalculatorTestCos" hash-for-method="testCos(3.1416, -1.0)">testCos(3.1416, -1.0)</a> <!-- method navigator-link -->
                      </span>
                      <br/>
                      <span>
                        <img width="3%" src="failed.png"/>
                        <a href="#" class="method navigator-link" panel-name="suite-CalculatorTestSuite" title="by.epam.atmentoring.unittest.CalculatorTestCos" hash-for-method="testCos(4.7997, 0.0872)">testCos(4.7997, 0.0872)</a> <!-- method navigator-link -->
                      </span>
                      <br/>
                      <span>
                        <img width="3%" src="failed.png"/>
                        <a href="#" class="method navigator-link" panel-name="suite-CalculatorTestSuite" title="by.epam.atmentoring.unittest.CalculatorTestCos" hash-for-method="testCos(1.0472, 0.5)">testCos(1.0472, 0.5)</a> <!-- method navigator-link -->
                      </span>
                      <br/>
                      <span>
                        <img width="3%" src="failed.png"/>
                        <a href="#" class="method navigator-link" panel-name="suite-CalculatorTestSuite" title="by.epam.atmentoring.unittest.CalculatorTestCos" hash-for-method="testCos(1.5708, 0.0)">testCos(1.5708, 0.0)</a> <!-- method navigator-link -->
                      </span>
                      <br/>
                      <span>
                        <img width="3%" src="failed.png"/>
                        <a href="#" class="method navigator-link" panel-name="suite-CalculatorTestSuite" title="by.epam.atmentoring.unittest.CalculatorTestCos" hash-for-method="testCos(6.2832, 1.0)">testCos(6.2832, 1.0)</a> <!-- method navigator-link -->
                      </span>
                      <br/>
                      <span>
                        <img width="3%" src="failed.png"/>
                        <a href="#" class="method navigator-link" panel-name="suite-CalculatorTestSuite" title="by.epam.atmentoring.unittest.CalculatorTestCos" hash-for-method="testCos(-6.2832, -1.0)">testCos(-6.2832, -1.0)</a> <!-- method navigator-link -->
                      </span>
                      <br/>
                      <span>
                        <img width="3%" src="failed.png"/>
                        <a href="#" class="method navigator-link" panel-name="suite-CalculatorTestSuite" title="by.epam.atmentoring.unittest.CalculatorTestCos" hash-for-method="testCos(0.0175, 0.9998)">testCos(0.0175, 0.9998)</a> <!-- method navigator-link -->
                      </span>
                      <br/>
                      <span>
                        <img width="3%" src="failed.png"/>
                        <a href="#" class="method navigator-link" panel-name="suite-CalculatorTestSuite" title="by.epam.atmentoring.unittest.CalculatorTestCtg" hash-for-method="testCtg(0.0175, 57.29)">testCtg(0.0175, 57.29)</a> <!-- method navigator-link -->
                      </span>
                      <br/>
                      <span>
                        <img width="3%" src="failed.png"/>
                        <a href="#" class="method navigator-link" panel-name="suite-CalculatorTestSuite" title="by.epam.atmentoring.unittest.CalculatorTestCtg" hash-for-method="testCtg(1.5708, 0.0)">testCtg(1.5708, 0.0)</a> <!-- method navigator-link -->
                      </span>
                      <br/>
                      <span>
                        <img width="3%" src="failed.png"/>
                        <a href="#" class="method navigator-link" panel-name="suite-CalculatorTestSuite" title="by.epam.atmentoring.unittest.CalculatorTestCtg" hash-for-method="testCtg(6.2832, Infinity)">testCtg(6.2832, Infinity)</a> <!-- method navigator-link -->
                      </span>
                      <br/>
                      <span>
                        <img width="3%" src="failed.png"/>
                        <a href="#" class="method navigator-link" panel-name="suite-CalculatorTestSuite" title="by.epam.atmentoring.unittest.CalculatorTestCtg" hash-for-method="testCtg(3.1416, -Infinity)">testCtg(3.1416, -Infinity)</a> <!-- method navigator-link -->
                      </span>
                      <br/>
                      <span>
                        <img width="3%" src="failed.png"/>
                        <a href="#" class="method navigator-link" panel-name="suite-CalculatorTestSuite" title="by.epam.atmentoring.unittest.CalculatorTestCtg" hash-for-method="testCtg(4.7997, -0.0875)">testCtg(4.7997, -0.0875)</a> <!-- method navigator-link -->
                      </span>
                      <br/>
                      <span>
                        <img width="3%" src="failed.png"/>
                        <a href="#" class="method navigator-link" panel-name="suite-CalculatorTestSuite" title="by.epam.atmentoring.unittest.CalculatorTestCtg" hash-for-method="testCtg(1.0472, 0.5774)">testCtg(1.0472, 0.5774)</a> <!-- method navigator-link -->
                      </span>
                      <br/>
                      <span>
                        <img width="3%" src="failed.png"/>
                        <a href="#" class="method navigator-link" panel-name="suite-CalculatorTestSuite" title="by.epam.atmentoring.unittest.CalculatorTestCtg" hash-for-method="testCtg(-6.2832, Infinity)">testCtg(-6.2832, Infinity)</a> <!-- method navigator-link -->
                      </span>
                      <br/>
                      <span>
                        <img width="3%" src="failed.png"/>
                        <a href="#" class="method navigator-link" panel-name="suite-CalculatorTestSuite" title="by.epam.atmentoring.unittest.CalculatorTestDiv" hash-for-method="testDiv(1.7976931348623157E308)">testDiv(1.7976931348623157E308)</a> <!-- method navigator-link -->
                      </span>
                      <br/>
                      <span>
                        <img width="3%" src="failed.png"/>
                        <a href="#" class="method navigator-link" panel-name="suite-CalculatorTestSuite" title="by.epam.atmentoring.unittest.CalculatorTestDiv" hash-for-method="testDiv(-1.7976931348623157E308)">testDiv(-1.7976931348623157E308)</a> <!-- method navigator-link -->
                      </span>
                      <br/>
                      <span>
                        <img width="3%" src="failed.png"/>
                        <a href="#" class="method navigator-link" panel-name="suite-CalculatorTestSuite" title="by.epam.atmentoring.unittest.CalculatorTestDiv" hash-for-method="testDiv(0.0)">testDiv(0.0)</a> <!-- method navigator-link -->
                      </span>
                      <br/>
                      <span>
                        <img width="3%" src="failed.png"/>
                        <a href="#" class="method navigator-link" panel-name="suite-CalculatorTestSuite" title="by.epam.atmentoring.unittest.CalculatorTestDiv" hash-for-method="testDiv(-1.0)">testDiv(-1.0)</a> <!-- method navigator-link -->
                      </span>
                      <br/>
                      <span>
                        <img width="3%" src="failed.png"/>
                        <a href="#" class="method navigator-link" panel-name="suite-CalculatorTestSuite" title="by.epam.atmentoring.unittest.CalculatorTestDiv" hash-for-method="testDiv(1.0)">testDiv(1.0)</a> <!-- method navigator-link -->
                      </span>
                      <br/>
                      <span>
                        <img width="3%" src="failed.png"/>
                        <a href="#" class="method navigator-link" panel-name="suite-CalculatorTestSuite" title="by.epam.atmentoring.unittest.CalculatorTestMult" hash-for-method="testMult(-1.5, 0.0, 0.0)">testMult(-1.5, 0.0, 0.0)</a> <!-- method navigator-link -->
                      </span>
                      <br/>
                      <span>
                        <img width="3%" src="failed.png"/>
                        <a href="#" class="method navigator-link" panel-name="suite-CalculatorTestSuite" title="by.epam.atmentoring.unittest.CalculatorTestMult" hash-for-method="testMult(1.5, 0.75, 1.125)">testMult(1.5, 0.75, 1.125)</a> <!-- method navigator-link -->
                      </span>
                      <br/>
                      <span>
                        <img width="3%" src="failed.png"/>
                        <a href="#" class="method navigator-link" panel-name="suite-CalculatorTestSuite" title="by.epam.atmentoring.unittest.CalculatorTestMult" hash-for-method="testMult(-1.5, 0.75, -1.125)">testMult(-1.5, 0.75, -1.125)</a> <!-- method navigator-link -->
                      </span>
                      <br/>
                      <span>
                        <img width="3%" src="failed.png"/>
                        <a href="#" class="method navigator-link" panel-name="suite-CalculatorTestSuite" title="by.epam.atmentoring.unittest.CalculatorTestMult" hash-for-method="testMult(-1.5, -1.5, 2.25)">testMult(-1.5, -1.5, 2.25)</a> <!-- method navigator-link -->
                      </span>
                      <br/>
                      <span>
                        <img width="3%" src="failed.png"/>
                        <a href="#" class="method navigator-link" panel-name="suite-CalculatorTestSuite" title="by.epam.atmentoring.unittest.CalculatorTestMult" hash-for-method="testMult(1.5, 1.5, 2.25)">testMult(1.5, 1.5, 2.25)</a> <!-- method navigator-link -->
                      </span>
                      <br/>
                      <span>
                        <img width="3%" src="failed.png"/>
                        <a href="#" class="method navigator-link" panel-name="suite-CalculatorTestSuite" title="by.epam.atmentoring.unittest.CalculatorTestSqrt" hash-for-method="testSqrt(-1.0)">testSqrt(-1.0)</a> <!-- method navigator-link -->
                      </span>
                      <br/>
                      <span>
                        <img width="3%" src="failed.png"/>
                        <a href="#" class="method navigator-link" panel-name="suite-CalculatorTestSuite" title="by.epam.atmentoring.unittest.CalculatorTestTg" hash-for-method="testTg(0.0175, 0.0175)">testTg(0.0175, 0.0175)</a> <!-- method navigator-link -->
                      </span>
                      <br/>
                      <span>
                        <img width="3%" src="failed.png"/>
                        <a href="#" class="method navigator-link" panel-name="suite-CalculatorTestSuite" title="by.epam.atmentoring.unittest.CalculatorTestTg" hash-for-method="testTg(-6.2832, 0.0)">testTg(-6.2832, 0.0)</a> <!-- method navigator-link -->
                      </span>
                      <br/>
                      <span>
                        <img width="3%" src="failed.png"/>
                        <a href="#" class="method navigator-link" panel-name="suite-CalculatorTestSuite" title="by.epam.atmentoring.unittest.CalculatorTestTg" hash-for-method="testTg(1.5708, Infinity)">testTg(1.5708, Infinity)</a> <!-- method navigator-link -->
                      </span>
                      <br/>
                      <span>
                        <img width="3%" src="failed.png"/>
                        <a href="#" class="method navigator-link" panel-name="suite-CalculatorTestSuite" title="by.epam.atmentoring.unittest.CalculatorTestTg" hash-for-method="testTg(3.1416, 0.0)">testTg(3.1416, 0.0)</a> <!-- method navigator-link -->
                      </span>
                      <br/>
                      <span>
                        <img width="3%" src="failed.png"/>
                        <a href="#" class="method navigator-link" panel-name="suite-CalculatorTestSuite" title="by.epam.atmentoring.unittest.CalculatorTestTg" hash-for-method="testTg(4.7997, -11.4301)">testTg(4.7997, -11.4301)</a> <!-- method navigator-link -->
                      </span>
                      <br/>
                      <span>
                        <img width="3%" src="failed.png"/>
                        <a href="#" class="method navigator-link" panel-name="suite-CalculatorTestSuite" title="by.epam.atmentoring.unittest.CalculatorTestTg" hash-for-method="testTg(1.0472, 1.7321)">testTg(1.0472, 1.7321)</a> <!-- method navigator-link -->
                      </span>
                      <br/>
                      <span>
                        <img width="3%" src="failed.png"/>
                        <a href="#" class="method navigator-link" panel-name="suite-CalculatorTestSuite" title="by.epam.atmentoring.unittest.CalculatorTestTg" hash-for-method="testTg(6.2832, 0.0)">testTg(6.2832, 0.0)</a> <!-- method navigator-link -->
                      </span>
                      <br/>
                    </div> <!-- method-list-content failed suite-CalculatorTestSuite -->
                  </li>
                  <li>
                    <span class="method-list-title passed">Passed methods</span>
                    <span class="show-or-hide-methods passed">
                      <a href="#" panel-name="suite-CalculatorTestSuite" class="hide-methods passed suite-CalculatorTestSuite"> (hide)</a> <!-- hide-methods passed suite-CalculatorTestSuite -->
                      <a href="#" panel-name="suite-CalculatorTestSuite" class="show-methods passed suite-CalculatorTestSuite"> (show)</a> <!-- show-methods passed suite-CalculatorTestSuite -->
                    </span>
                    <div class="method-list-content passed suite-CalculatorTestSuite">
                      <span>
                        <img width="3%" src="passed.png"/>
                        <a href="#" class="method navigator-link" panel-name="suite-CalculatorTestSuite" title="by.epam.atmentoring.unittest.CalculatorTestDiv" hash-for-method="testDiv(1, 3, 0)">testDiv(1, 3, 0)</a> <!-- method navigator-link -->
                      </span>
                      <br/>
                      <span>
                        <img width="3%" src="passed.png"/>
                        <a href="#" class="method navigator-link" panel-name="suite-CalculatorTestSuite" title="by.epam.atmentoring.unittest.CalculatorTestDiv" hash-for-method="testDiv(9223372036854775807)">testDiv(9223372036854775807)</a> <!-- method navigator-link -->
                      </span>
                      <br/>
                      <span>
                        <img width="3%" src="passed.png"/>
                        <a href="#" class="method navigator-link" panel-name="suite-CalculatorTestSuite" title="by.epam.atmentoring.unittest.CalculatorTestDiv" hash-for-method="testDiv(1.1, 0.1, 11)">testDiv(1.1, 0.1, 11)</a> <!-- method navigator-link -->
                      </span>
                      <br/>
                      <span>
                        <img width="3%" src="passed.png"/>
                        <a href="#" class="method navigator-link" panel-name="suite-CalculatorTestSuite" title="by.epam.atmentoring.unittest.CalculatorTestDiv" hash-for-method="testDiv(0)">testDiv(0)</a> <!-- method navigator-link -->
                      </span>
                      <br/>
                      <span>
                        <img width="3%" src="passed.png"/>
                        <a href="#" class="method navigator-link" panel-name="suite-CalculatorTestSuite" title="by.epam.atmentoring.unittest.CalculatorTestDiv" hash-for-method="testDiv(0.0, 123.45678, 0)">testDiv(0.0, 123.45678, 0)</a> <!-- method navigator-link -->
                      </span>
                      <br/>
                      <span>
                        <img width="3%" src="passed.png"/>
                        <a href="#" class="method navigator-link" panel-name="suite-CalculatorTestSuite" title="by.epam.atmentoring.unittest.CalculatorTestDiv" hash-for-method="testDiv(-9223372036854775808, 2, -4611686018427387904)">testDiv(-9223372036854775808, 2, -4611686018427387904)</a> <!-- method navigator-link -->
                      </span>
                      <br/>
                      <span>
                        <img width="3%" src="passed.png"/>
                        <a href="#" class="method navigator-link" panel-name="suite-CalculatorTestSuite" title="by.epam.atmentoring.unittest.CalculatorTestDiv" hash-for-method="testDiv(10, 3, 3)">testDiv(10, 3, 3)</a> <!-- method navigator-link -->
                      </span>
                      <br/>
                      <span>
                        <img width="3%" src="passed.png"/>
                        <a href="#" class="method navigator-link" panel-name="suite-CalculatorTestSuite" title="by.epam.atmentoring.unittest.CalculatorTestDiv" hash-for-method="testDiv(10, 3, 3.3333333333333335)">testDiv(10, 3, 3.3333333333333335)</a> <!-- method navigator-link -->
                      </span>
                      <br/>
                      <span>
                        <img width="3%" src="passed.png"/>
                        <a href="#" class="method navigator-link" panel-name="suite-CalculatorTestSuite" title="by.epam.atmentoring.unittest.CalculatorTestDiv" hash-for-method="testDiv(225, 15, 15)">testDiv(225, 15, 15)</a> <!-- method navigator-link -->
                      </span>
                      <br/>
                      <span>
                        <img width="3%" src="passed.png"/>
                        <a href="#" class="method navigator-link" panel-name="suite-CalculatorTestSuite" title="by.epam.atmentoring.unittest.CalculatorTestDiv" hash-for-method="testDiv(-9223372036854775808)">testDiv(-9223372036854775808)</a> <!-- method navigator-link -->
                      </span>
                      <br/>
                      <span>
                        <img width="3%" src="passed.png"/>
                        <a href="#" class="method navigator-link" panel-name="suite-CalculatorTestSuite" title="by.epam.atmentoring.unittest.CalculatorTestDiv" hash-for-method="testDiv(1)">testDiv(1)</a> <!-- method navigator-link -->
                      </span>
                      <br/>
                      <span>
                        <img width="3%" src="passed.png"/>
                        <a href="#" class="method navigator-link" panel-name="suite-CalculatorTestSuite" title="by.epam.atmentoring.unittest.CalculatorTestDiv" hash-for-method="testDiv(0, 10, 0)">testDiv(0, 10, 0)</a> <!-- method navigator-link -->
                      </span>
                      <br/>
                      <span>
                        <img width="3%" src="passed.png"/>
                        <a href="#" class="method navigator-link" panel-name="suite-CalculatorTestSuite" title="by.epam.atmentoring.unittest.CalculatorTestDiv" hash-for-method="testDiv(1.7976931348623157E308, 2, 8.988465674311579E307)">testDiv(1.7976931348623157E308, 2, 8.988465674311579E307)</a> <!-- method navigator-link -->
                      </span>
                      <br/>
                      <span>
                        <img width="3%" src="passed.png"/>
                        <a href="#" class="method navigator-link" panel-name="suite-CalculatorTestSuite" title="by.epam.atmentoring.unittest.CalculatorTestDiv" hash-for-method="testDiv(-1.7976931348623157E308, -2, 8.988465674311579E307)">testDiv(-1.7976931348623157E308, -2, 8.988465674311579E307)</a> <!-- method navigator-link -->
                      </span>
                      <br/>
                      <span>
                        <img width="3%" src="passed.png"/>
                        <a href="#" class="method navigator-link" panel-name="suite-CalculatorTestSuite" title="by.epam.atmentoring.unittest.CalculatorTestDiv" hash-for-method="testDiv(-1)">testDiv(-1)</a> <!-- method navigator-link -->
                      </span>
                      <br/>
                      <span>
                        <img width="3%" src="passed.png"/>
                        <a href="#" class="method navigator-link" panel-name="suite-CalculatorTestSuite" title="by.epam.atmentoring.unittest.CalculatorTestDiv" hash-for-method="testDiv(9223372036854775807, 2, 4611686018427387903)">testDiv(9223372036854775807, 2, 4611686018427387903)</a> <!-- method navigator-link -->
                      </span>
                      <br/>
                      <span>
                        <img width="3%" src="passed.png"/>
                        <a href="#" class="method navigator-link" panel-name="suite-CalculatorTestSuite" title="by.epam.atmentoring.unittest.CalculatorTestDiv" hash-for-method="testDiv(-5.1, 2.0, -2.55)">testDiv(-5.1, 2.0, -2.55)</a> <!-- method navigator-link -->
                      </span>
                      <br/>
                      <span>
                        <img width="3%" src="passed.png"/>
                        <a href="#" class="method navigator-link" panel-name="suite-CalculatorTestSuite" title="by.epam.atmentoring.unittest.CalculatorTestDiv" hash-for-method="testDiv(-42, -7, 6)">testDiv(-42, -7, 6)</a> <!-- method navigator-link -->
                      </span>
                      <br/>
                      <span>
                        <img width="3%" src="passed.png"/>
                        <a href="#" class="method navigator-link" panel-name="suite-CalculatorTestSuite" title="by.epam.atmentoring.unittest.CalculatorTestIsNegative" hash-for-method="testIsNegative(-1, true)">testIsNegative(-1, true)</a> <!-- method navigator-link -->
                      </span>
                      <br/>
                      <span>
                        <img width="3%" src="passed.png"/>
                        <a href="#" class="method navigator-link" panel-name="suite-CalculatorTestSuite" title="by.epam.atmentoring.unittest.CalculatorTestIsNegative" hash-for-method="testIsNegative(1, false)">testIsNegative(1, false)</a> <!-- method navigator-link -->
                      </span>
                      <br/>
                      <span>
                        <img width="3%" src="passed.png"/>
                        <a href="#" class="method navigator-link" panel-name="suite-CalculatorTestSuite" title="by.epam.atmentoring.unittest.CalculatorTestIsNegative" hash-for-method="testIsNegative(0, false)">testIsNegative(0, false)</a> <!-- method navigator-link -->
                      </span>
                      <br/>
                      <span>
                        <img width="3%" src="passed.png"/>
                        <a href="#" class="method navigator-link" panel-name="suite-CalculatorTestSuite" title="by.epam.atmentoring.unittest.CalculatorTestIsNegative" hash-for-method="testIsNegative(-9223372036854775808, true)">testIsNegative(-9223372036854775808, true)</a> <!-- method navigator-link -->
                      </span>
                      <br/>
                      <span>
                        <img width="3%" src="passed.png"/>
                        <a href="#" class="method navigator-link" panel-name="suite-CalculatorTestSuite" title="by.epam.atmentoring.unittest.CalculatorTestIsNegative" hash-for-method="testIsNegative(9223372036854775807, false)">testIsNegative(9223372036854775807, false)</a> <!-- method navigator-link -->
                      </span>
                      <br/>
                      <span>
                        <img width="3%" src="passed.png"/>
                        <a href="#" class="method navigator-link" panel-name="suite-CalculatorTestSuite" title="by.epam.atmentoring.unittest.CalculatorTestIsPositive" hash-for-method="testIsPositive(-9223372036854775808, false)">testIsPositive(-9223372036854775808, false)</a> <!-- method navigator-link -->
                      </span>
                      <br/>
                      <span>
                        <img width="3%" src="passed.png"/>
                        <a href="#" class="method navigator-link" panel-name="suite-CalculatorTestSuite" title="by.epam.atmentoring.unittest.CalculatorTestIsPositive" hash-for-method="testIsPositive(9223372036854775807, true)">testIsPositive(9223372036854775807, true)</a> <!-- method navigator-link -->
                      </span>
                      <br/>
                      <span>
                        <img width="3%" src="passed.png"/>
                        <a href="#" class="method navigator-link" panel-name="suite-CalculatorTestSuite" title="by.epam.atmentoring.unittest.CalculatorTestIsPositive" hash-for-method="testIsPositive(-1, false)">testIsPositive(-1, false)</a> <!-- method navigator-link -->
                      </span>
                      <br/>
                      <span>
                        <img width="3%" src="passed.png"/>
                        <a href="#" class="method navigator-link" panel-name="suite-CalculatorTestSuite" title="by.epam.atmentoring.unittest.CalculatorTestIsPositive" hash-for-method="testIsPositive(0, false)">testIsPositive(0, false)</a> <!-- method navigator-link -->
                      </span>
                      <br/>
                      <span>
                        <img width="3%" src="passed.png"/>
                        <a href="#" class="method navigator-link" panel-name="suite-CalculatorTestSuite" title="by.epam.atmentoring.unittest.CalculatorTestIsPositive" hash-for-method="testIsPositive(1, true)">testIsPositive(1, true)</a> <!-- method navigator-link -->
                      </span>
                      <br/>
                      <span>
                        <img width="3%" src="passed.png"/>
                        <a href="#" class="method navigator-link" panel-name="suite-CalculatorTestSuite" title="by.epam.atmentoring.unittest.CalculatorTestMult" hash-for-method="testMult(1, 0, 0)">testMult(1, 0, 0)</a> <!-- method navigator-link -->
                      </span>
                      <br/>
                      <span>
                        <img width="3%" src="passed.png"/>
                        <a href="#" class="method navigator-link" panel-name="suite-CalculatorTestSuite" title="by.epam.atmentoring.unittest.CalculatorTestMult" hash-for-method="testMult(-1, 1, -1)">testMult(-1, 1, -1)</a> <!-- method navigator-link -->
                      </span>
                      <br/>
                      <span>
                        <img width="3%" src="passed.png"/>
                        <a href="#" class="method navigator-link" panel-name="suite-CalculatorTestSuite" title="by.epam.atmentoring.unittest.CalculatorTestMult" hash-for-method="testMult(1, 1, 1)">testMult(1, 1, 1)</a> <!-- method navigator-link -->
                      </span>
                      <br/>
                      <span>
                        <img width="3%" src="passed.png"/>
                        <a href="#" class="method navigator-link" panel-name="suite-CalculatorTestSuite" title="by.epam.atmentoring.unittest.CalculatorTestMult" hash-for-method="testMult(-1, 10, -10)">testMult(-1, 10, -10)</a> <!-- method navigator-link -->
                      </span>
                      <br/>
                      <span>
                        <img width="3%" src="passed.png"/>
                        <a href="#" class="method navigator-link" panel-name="suite-CalculatorTestSuite" title="by.epam.atmentoring.unittest.CalculatorTestMult" hash-for-method="testMult(1.5, 0.0, 0.0)">testMult(1.5, 0.0, 0.0)</a> <!-- method navigator-link -->
                      </span>
                      <br/>
                      <span>
                        <img width="3%" src="passed.png"/>
                        <a href="#" class="method navigator-link" panel-name="suite-CalculatorTestSuite" title="by.epam.atmentoring.unittest.CalculatorTestMult" hash-for-method="testMult(0.0, 1.5, 0.0)">testMult(0.0, 1.5, 0.0)</a> <!-- method navigator-link -->
                      </span>
                      <br/>
                      <span>
                        <img width="3%" src="passed.png"/>
                        <a href="#" class="method navigator-link" panel-name="suite-CalculatorTestSuite" title="by.epam.atmentoring.unittest.CalculatorTestMult" hash-for-method="testMult(1, 10, 10)">testMult(1, 10, 10)</a> <!-- method navigator-link -->
                      </span>
                      <br/>
                      <span>
                        <img width="3%" src="passed.png"/>
                        <a href="#" class="method navigator-link" panel-name="suite-CalculatorTestSuite" title="by.epam.atmentoring.unittest.CalculatorTestPow" hash-for-method="testPow(-2.0, 2.0, 4.0)">testPow(-2.0, 2.0, 4.0)</a> <!-- method navigator-link -->
                      </span>
                      <br/>
                      <span>
                        <img width="3%" src="passed.png"/>
                        <a href="#" class="method navigator-link" panel-name="suite-CalculatorTestSuite" title="by.epam.atmentoring.unittest.CalculatorTestPow" hash-for-method="testPow(-2.0, 1.0, -2.0)">testPow(-2.0, 1.0, -2.0)</a> <!-- method navigator-link -->
                      </span>
                      <br/>
                      <span>
                        <img width="3%" src="passed.png"/>
                        <a href="#" class="method navigator-link" panel-name="suite-CalculatorTestSuite" title="by.epam.atmentoring.unittest.CalculatorTestPow" hash-for-method="testPow(-2.0, 0.0, 1.0)">testPow(-2.0, 0.0, 1.0)</a> <!-- method navigator-link -->
                      </span>
                      <br/>
                      <span>
                        <img width="3%" src="passed.png"/>
                        <a href="#" class="method navigator-link" panel-name="suite-CalculatorTestSuite" title="by.epam.atmentoring.unittest.CalculatorTestPow" hash-for-method="testPow(2.0, 1.0, 2.0)">testPow(2.0, 1.0, 2.0)</a> <!-- method navigator-link -->
                      </span>
                      <br/>
                      <span>
                        <img width="3%" src="passed.png"/>
                        <a href="#" class="method navigator-link" panel-name="suite-CalculatorTestSuite" title="by.epam.atmentoring.unittest.CalculatorTestPow" hash-for-method="testPow(2.0, 2.0, 4.0)">testPow(2.0, 2.0, 4.0)</a> <!-- method navigator-link -->
                      </span>
                      <br/>
                      <span>
                        <img width="3%" src="passed.png"/>
                        <a href="#" class="method navigator-link" panel-name="suite-CalculatorTestSuite" title="by.epam.atmentoring.unittest.CalculatorTestPow" hash-for-method="testPow(2.0, -1.0, 0.5)">testPow(2.0, -1.0, 0.5)</a> <!-- method navigator-link -->
                      </span>
                      <br/>
                      <span>
                        <img width="3%" src="passed.png"/>
                        <a href="#" class="method navigator-link" panel-name="suite-CalculatorTestSuite" title="by.epam.atmentoring.unittest.CalculatorTestPow" hash-for-method="testPow(2.0, 0.0, 1.0)">testPow(2.0, 0.0, 1.0)</a> <!-- method navigator-link -->
                      </span>
                      <br/>
                      <span>
                        <img width="3%" src="passed.png"/>
                        <a href="#" class="method navigator-link" panel-name="suite-CalculatorTestSuite" title="by.epam.atmentoring.unittest.CalculatorTestSin" hash-for-method="testSin(6.2832, 0.0)">testSin(6.2832, 0.0)</a> <!-- method navigator-link -->
                      </span>
                      <br/>
                      <span>
                        <img width="3%" src="passed.png"/>
                        <a href="#" class="method navigator-link" panel-name="suite-CalculatorTestSuite" title="by.epam.atmentoring.unittest.CalculatorTestSin" hash-for-method="testSin(4.7997, -0.9962)">testSin(4.7997, -0.9962)</a> <!-- method navigator-link -->
                      </span>
                      <br/>
                      <span>
                        <img width="3%" src="passed.png"/>
                        <a href="#" class="method navigator-link" panel-name="suite-CalculatorTestSuite" title="by.epam.atmentoring.unittest.CalculatorTestSin" hash-for-method="testSin(0.0175, 0.0175)">testSin(0.0175, 0.0175)</a> <!-- method navigator-link -->
                      </span>
                      <br/>
                      <span>
                        <img width="3%" src="passed.png"/>
                        <a href="#" class="method navigator-link" panel-name="suite-CalculatorTestSuite" title="by.epam.atmentoring.unittest.CalculatorTestSin" hash-for-method="testSin(1.0472, 0.866)">testSin(1.0472, 0.866)</a> <!-- method navigator-link -->
                      </span>
                      <br/>
                      <span>
                        <img width="3%" src="passed.png"/>
                        <a href="#" class="method navigator-link" panel-name="suite-CalculatorTestSuite" title="by.epam.atmentoring.unittest.CalculatorTestSin" hash-for-method="testSin(1.5708, 1.0)">testSin(1.5708, 1.0)</a> <!-- method navigator-link -->
                      </span>
                      <br/>
                      <span>
                        <img width="3%" src="passed.png"/>
                        <a href="#" class="method navigator-link" panel-name="suite-CalculatorTestSuite" title="by.epam.atmentoring.unittest.CalculatorTestSin" hash-for-method="testSin(3.1416, 0.0)">testSin(3.1416, 0.0)</a> <!-- method navigator-link -->
                      </span>
                      <br/>
                      <span>
                        <img width="3%" src="passed.png"/>
                        <a href="#" class="method navigator-link" panel-name="suite-CalculatorTestSuite" title="by.epam.atmentoring.unittest.CalculatorTestSin" hash-for-method="testSin(-6.2832, 0.0)">testSin(-6.2832, 0.0)</a> <!-- method navigator-link -->
                      </span>
                      <br/>
                      <span>
                        <img width="3%" src="passed.png"/>
                        <a href="#" class="method navigator-link" panel-name="suite-CalculatorTestSuite" title="by.epam.atmentoring.unittest.CalculatorTestSqrt" hash-for-method="testSqrt(10.0, 3.1622776601683795)">testSqrt(10.0, 3.1622776601683795)</a> <!-- method navigator-link -->
                      </span>
                      <br/>
                      <span>
                        <img width="3%" src="passed.png"/>
                        <a href="#" class="method navigator-link" panel-name="suite-CalculatorTestSuite" title="by.epam.atmentoring.unittest.CalculatorTestSqrt" hash-for-method="testSqrt(2.25, 1.5)">testSqrt(2.25, 1.5)</a> <!-- method navigator-link -->
                      </span>
                      <br/>
                      <span>
                        <img width="3%" src="passed.png"/>
                        <a href="#" class="method navigator-link" panel-name="suite-CalculatorTestSuite" title="by.epam.atmentoring.unittest.CalculatorTestSqrt" hash-for-method="testSqrt(225.0, 15.0)">testSqrt(225.0, 15.0)</a> <!-- method navigator-link -->
                      </span>
                      <br/>
                      <span>
                        <img width="3%" src="passed.png"/>
                        <a href="#" class="method navigator-link" panel-name="suite-CalculatorTestSuite" title="by.epam.atmentoring.unittest.CalculatorTestSqrt" hash-for-method="testSqrt(1.0, 1.0)">testSqrt(1.0, 1.0)</a> <!-- method navigator-link -->
                      </span>
                      <br/>
                      <span>
                        <img width="3%" src="passed.png"/>
                        <a href="#" class="method navigator-link" panel-name="suite-CalculatorTestSuite" title="by.epam.atmentoring.unittest.CalculatorTestSqrt" hash-for-method="testSqrt(0.0, 0.0)">testSqrt(0.0, 0.0)</a> <!-- method navigator-link -->
                      </span>
                      <br/>
                      <span>
                        <img width="3%" src="passed.png"/>
                        <a href="#" class="method navigator-link" panel-name="suite-CalculatorTestSuite" title="by.epam.atmentoring.unittest.CalculatorTestSub" hash-for-method="testSub(-9223372036854775808, -1, -9223372036854775807)">testSub(-9223372036854775808, -1, -9223372036854775807)</a> <!-- method navigator-link -->
                      </span>
                      <br/>
                      <span>
                        <img width="3%" src="passed.png"/>
                        <a href="#" class="method navigator-link" panel-name="suite-CalculatorTestSuite" title="by.epam.atmentoring.unittest.CalculatorTestSub" hash-for-method="testSub(-1.5, 1.5, -3.0)">testSub(-1.5, 1.5, -3.0)</a> <!-- method navigator-link -->
                      </span>
                      <br/>
                      <span>
                        <img width="3%" src="passed.png"/>
                        <a href="#" class="method navigator-link" panel-name="suite-CalculatorTestSuite" title="by.epam.atmentoring.unittest.CalculatorTestSub" hash-for-method="testSub(0, 0, 0)">testSub(0, 0, 0)</a> <!-- method navigator-link -->
                      </span>
                      <br/>
                      <span>
                        <img width="3%" src="passed.png"/>
                        <a href="#" class="method navigator-link" panel-name="suite-CalculatorTestSuite" title="by.epam.atmentoring.unittest.CalculatorTestSub" hash-for-method="testSub(0.1, 1.01, -0.91)">testSub(0.1, 1.01, -0.91)</a> <!-- method navigator-link -->
                      </span>
                      <br/>
                      <span>
                        <img width="3%" src="passed.png"/>
                        <a href="#" class="method navigator-link" panel-name="suite-CalculatorTestSuite" title="by.epam.atmentoring.unittest.CalculatorTestSub" hash-for-method="testSub(9223372036854775807, 1, 9223372036854775806)">testSub(9223372036854775807, 1, 9223372036854775806)</a> <!-- method navigator-link -->
                      </span>
                      <br/>
                      <span>
                        <img width="3%" src="passed.png"/>
                        <a href="#" class="method navigator-link" panel-name="suite-CalculatorTestSuite" title="by.epam.atmentoring.unittest.CalculatorTestSub" hash-for-method="testSub(0, -1, 1)">testSub(0, -1, 1)</a> <!-- method navigator-link -->
                      </span>
                      <br/>
                      <span>
                        <img width="3%" src="passed.png"/>
                        <a href="#" class="method navigator-link" panel-name="suite-CalculatorTestSuite" title="by.epam.atmentoring.unittest.CalculatorTestSub" hash-for-method="testSub(-3, -2, -1)">testSub(-3, -2, -1)</a> <!-- method navigator-link -->
                      </span>
                      <br/>
                      <span>
                        <img width="3%" src="passed.png"/>
                        <a href="#" class="method navigator-link" panel-name="suite-CalculatorTestSuite" title="by.epam.atmentoring.unittest.CalculatorTestSub" hash-for-method="testSub(0, 1, -1)">testSub(0, 1, -1)</a> <!-- method navigator-link -->
                      </span>
                      <br/>
                      <span>
                        <img width="3%" src="passed.png"/>
                        <a href="#" class="method navigator-link" panel-name="suite-CalculatorTestSuite" title="by.epam.atmentoring.unittest.CalculatorTestSub" hash-for-method="testSub(-1.7976931348623157E308, -1, -1.7976931348623157E308)">testSub(-1.7976931348623157E308, -1, -1.7976931348623157E308)</a> <!-- method navigator-link -->
                      </span>
                      <br/>
                      <span>
                        <img width="3%" src="passed.png"/>
                        <a href="#" class="method navigator-link" panel-name="suite-CalculatorTestSuite" title="by.epam.atmentoring.unittest.CalculatorTestSub" hash-for-method="testSub(1.7976931348623157E308, 1, 1.7976931348623157E308)">testSub(1.7976931348623157E308, 1, 1.7976931348623157E308)</a> <!-- method navigator-link -->
                      </span>
                      <br/>
                      <span>
                        <img width="3%" src="passed.png"/>
                        <a href="#" class="method navigator-link" panel-name="suite-CalculatorTestSuite" title="by.epam.atmentoring.unittest.CalculatorTestSub" hash-for-method="testSub(-2, 3, -5)">testSub(-2, 3, -5)</a> <!-- method navigator-link -->
                      </span>
                      <br/>
                      <span>
                        <img width="3%" src="passed.png"/>
                        <a href="#" class="method navigator-link" panel-name="suite-CalculatorTestSuite" title="by.epam.atmentoring.unittest.CalculatorTestSub" hash-for-method="testSub(2, 3, -1)">testSub(2, 3, -1)</a> <!-- method navigator-link -->
                      </span>
                      <br/>
                      <span>
                        <img width="3%" src="passed.png"/>
                        <a href="#" class="method navigator-link" panel-name="suite-CalculatorTestSuite" title="by.epam.atmentoring.unittest.CalculatorTestSub" hash-for-method="testSub(-3, 2, -5)">testSub(-3, 2, -5)</a> <!-- method navigator-link -->
                      </span>
                      <br/>
                      <span>
                        <img width="3%" src="passed.png"/>
                        <a href="#" class="method navigator-link" panel-name="suite-CalculatorTestSuite" title="by.epam.atmentoring.unittest.CalculatorTestSub" hash-for-method="testSub(1.5, 1.5, 0.0)">testSub(1.5, 1.5, 0.0)</a> <!-- method navigator-link -->
                      </span>
                      <br/>
                      <span>
                        <img width="3%" src="passed.png"/>
                        <a href="#" class="method navigator-link" panel-name="suite-CalculatorTestSuite" title="by.epam.atmentoring.unittest.CalculatorTestSum" hash-for-method="testSum(0, -1, -1)">testSum(0, -1, -1)</a> <!-- method navigator-link -->
                      </span>
                      <br/>
                      <span>
                        <img width="3%" src="passed.png"/>
                        <a href="#" class="method navigator-link" panel-name="suite-CalculatorTestSuite" title="by.epam.atmentoring.unittest.CalculatorTestSum" hash-for-method="testSum(0, 0, 0)">testSum(0, 0, 0)</a> <!-- method navigator-link -->
                      </span>
                      <br/>
                      <span>
                        <img width="3%" src="passed.png"/>
                        <a href="#" class="method navigator-link" panel-name="suite-CalculatorTestSuite" title="by.epam.atmentoring.unittest.CalculatorTestSum" hash-for-method="testSum(1.7976931348623157E308, -1, 1.7976931348623157E308)">testSum(1.7976931348623157E308, -1, 1.7976931348623157E308)</a> <!-- method navigator-link -->
                      </span>
                      <br/>
                      <span>
                        <img width="3%" src="passed.png"/>
                        <a href="#" class="method navigator-link" panel-name="suite-CalculatorTestSuite" title="by.epam.atmentoring.unittest.CalculatorTestSum" hash-for-method="testSum(-3, -2, -5)">testSum(-3, -2, -5)</a> <!-- method navigator-link -->
                      </span>
                      <br/>
                      <span>
                        <img width="3%" src="passed.png"/>
                        <a href="#" class="method navigator-link" panel-name="suite-CalculatorTestSuite" title="by.epam.atmentoring.unittest.CalculatorTestSum" hash-for-method="testSum(-2, 3, 1)">testSum(-2, 3, 1)</a> <!-- method navigator-link -->
                      </span>
                      <br/>
                      <span>
                        <img width="3%" src="passed.png"/>
                        <a href="#" class="method navigator-link" panel-name="suite-CalculatorTestSuite" title="by.epam.atmentoring.unittest.CalculatorTestSum" hash-for-method="testSum(9223372036854775807, -1, 9223372036854775806)">testSum(9223372036854775807, -1, 9223372036854775806)</a> <!-- method navigator-link -->
                      </span>
                      <br/>
                      <span>
                        <img width="3%" src="passed.png"/>
                        <a href="#" class="method navigator-link" panel-name="suite-CalculatorTestSuite" title="by.epam.atmentoring.unittest.CalculatorTestSum" hash-for-method="testSum(-3, 2, -1)">testSum(-3, 2, -1)</a> <!-- method navigator-link -->
                      </span>
                      <br/>
                      <span>
                        <img width="3%" src="passed.png"/>
                        <a href="#" class="method navigator-link" panel-name="suite-CalculatorTestSuite" title="by.epam.atmentoring.unittest.CalculatorTestSum" hash-for-method="testSum(-1.7976931348623157E308, 1, -1.7976931348623157E308)">testSum(-1.7976931348623157E308, 1, -1.7976931348623157E308)</a> <!-- method navigator-link -->
                      </span>
                      <br/>
                      <span>
                        <img width="3%" src="passed.png"/>
                        <a href="#" class="method navigator-link" panel-name="suite-CalculatorTestSuite" title="by.epam.atmentoring.unittest.CalculatorTestSum" hash-for-method="testSum(1.5, 1.5, 3.0)">testSum(1.5, 1.5, 3.0)</a> <!-- method navigator-link -->
                      </span>
                      <br/>
                      <span>
                        <img width="3%" src="passed.png"/>
                        <a href="#" class="method navigator-link" panel-name="suite-CalculatorTestSuite" title="by.epam.atmentoring.unittest.CalculatorTestSum" hash-for-method="testSum(0.1, 1.01, 1.11)">testSum(0.1, 1.01, 1.11)</a> <!-- method navigator-link -->
                      </span>
                      <br/>
                      <span>
                        <img width="3%" src="passed.png"/>
                        <a href="#" class="method navigator-link" panel-name="suite-CalculatorTestSuite" title="by.epam.atmentoring.unittest.CalculatorTestSum" hash-for-method="testSum(-9223372036854775808, 1, -9223372036854775807)">testSum(-9223372036854775808, 1, -9223372036854775807)</a> <!-- method navigator-link -->
                      </span>
                      <br/>
                      <span>
                        <img width="3%" src="passed.png"/>
                        <a href="#" class="method navigator-link" panel-name="suite-CalculatorTestSuite" title="by.epam.atmentoring.unittest.CalculatorTestSum" hash-for-method="testSum(0, 1, 1)">testSum(0, 1, 1)</a> <!-- method navigator-link -->
                      </span>
                      <br/>
                      <span>
                        <img width="3%" src="passed.png"/>
                        <a href="#" class="method navigator-link" panel-name="suite-CalculatorTestSuite" title="by.epam.atmentoring.unittest.CalculatorTestSum" hash-for-method="testSum(2, 3, 5)">testSum(2, 3, 5)</a> <!-- method navigator-link -->
                      </span>
                      <br/>
                      <span>
                        <img width="3%" src="passed.png"/>
                        <a href="#" class="method navigator-link" panel-name="suite-CalculatorTestSuite" title="by.epam.atmentoring.unittest.CalculatorTestSum" hash-for-method="testSum(-1.5, 1.5, 0)">testSum(-1.5, 1.5, 0)</a> <!-- method navigator-link -->
                      </span>
                      <br/>
                    </div> <!-- method-list-content passed suite-CalculatorTestSuite -->
                  </li>
                </ul>
              </div> <!-- suite-section-content -->
            </div> <!-- result-section -->
          </div> <!-- navigator-suite-content -->
        </div> <!-- rounded-window -->
      </div> <!-- suite -->
    </div> <!-- navigator-root -->
    <div class="wrapper">
      <div class="main-panel-root">
        <div panel-name="suite-CalculatorTestSuite" class="panel CalculatorTestSuite">
          <div class="suite-CalculatorTestSuite-class-failed">
            <div class="main-panel-header rounded-window-top">
              <img src="failed.png"/>
              <span class="class-name">by.epam.atmentoring.unittest.CalculatorTestCos</span>
            </div> <!-- main-panel-header rounded-window-top -->
            <div class="main-panel-content rounded-window-bottom">
              <div class="method">
                <div class="method-content">
                  <a name="testCos(3.1416, -1.0)">
                  </a> <!-- testCos(3.1416, -1.0) -->
                  <span class="method-name">testCos</span>
                  <span class="parameters">(3.1416, -1.0)</span>
                  <div class="stack-trace">java.lang.AssertionError: expected [-1.0] but found [0.0]
	at org.testng.Assert.fail(Assert.java:93)
	at org.testng.Assert.failNotEquals(Assert.java:512)
	at org.testng.Assert.assertEqualsImpl(Assert.java:134)
	at org.testng.Assert.assertEquals(Assert.java:115)
	at org.testng.Assert.assertEquals(Assert.java:178)
	at by.epam.atmentoring.unittest.CalculatorTestCos.testCos(CalculatorTestCos.java:20)
	at sun.reflect.NativeMethodAccessorImpl.invoke0(Native Method)
	at sun.reflect.NativeMethodAccessorImpl.invoke(Unknown Source)
	at sun.reflect.DelegatingMethodAccessorImpl.invoke(Unknown Source)
	at java.lang.reflect.Method.invoke(Unknown Source)
	at org.testng.internal.MethodInvocationHelper.invokeMethod(MethodInvocationHelper.java:108)
	at org.testng.internal.Invoker.invokeMethod(Invoker.java:661)
	at org.testng.internal.Invoker.invokeTestMethod(Invoker.java:869)
	at org.testng.internal.Invoker.invokeTestMethods(Invoker.java:1193)
	at org.testng.internal.TestMethodWorker.invokeTestMethods(TestMethodWorker.java:126)
	at org.testng.internal.TestMethodWorker.run(TestMethodWorker.java:109)
	at org.testng.TestRunner.privateRun(TestRunner.java:744)
	at org.testng.TestRunner.run(TestRunner.java:602)
	at org.testng.SuiteRunner.runTest(SuiteRunner.java:380)
	at org.testng.SuiteRunner.access$000(SuiteRunner.java:39)
	at org.testng.SuiteRunner$SuiteWorker.run(SuiteRunner.java:414)
	at org.testng.internal.thread.ThreadUtil$1.call(ThreadUtil.java:52)
	at java.util.concurrent.FutureTask.run(Unknown Source)
	at java.util.concurrent.ThreadPoolExecutor.runWorker(Unknown Source)
	at java.util.concurrent.ThreadPoolExecutor$Worker.run(Unknown Source)
	at java.lang.Thread.run(Unknown Source)

</div> <!-- stack-trace -->
                </div> <!-- method-content -->
              </div> <!-- method -->
              <div class="method">
                <div class="method-content">
                  <a name="testCos(4.7997, 0.0872)">
                  </a> <!-- testCos(4.7997, 0.0872) -->
                  <span class="method-name">testCos</span>
                  <span class="parameters">(4.7997, 0.0872)</span>
                  <div class="stack-trace">java.lang.AssertionError: expected [0.0872] but found [-0.9962]
	at org.testng.Assert.fail(Assert.java:93)
	at org.testng.Assert.failNotEquals(Assert.java:512)
	at org.testng.Assert.assertEqualsImpl(Assert.java:134)
	at org.testng.Assert.assertEquals(Assert.java:115)
	at org.testng.Assert.assertEquals(Assert.java:178)
	at by.epam.atmentoring.unittest.CalculatorTestCos.testCos(CalculatorTestCos.java:20)
	at sun.reflect.NativeMethodAccessorImpl.invoke0(Native Method)
	at sun.reflect.NativeMethodAccessorImpl.invoke(Unknown Source)
	at sun.reflect.DelegatingMethodAccessorImpl.invoke(Unknown Source)
	at java.lang.reflect.Method.invoke(Unknown Source)
	at org.testng.internal.MethodInvocationHelper.invokeMethod(MethodInvocationHelper.java:108)
	at org.testng.internal.Invoker.invokeMethod(Invoker.java:661)
	at org.testng.internal.Invoker.invokeTestMethod(Invoker.java:869)
	at org.testng.internal.Invoker.invokeTestMethods(Invoker.java:1193)
	at org.testng.internal.TestMethodWorker.invokeTestMethods(TestMethodWorker.java:126)
	at org.testng.internal.TestMethodWorker.run(TestMethodWorker.java:109)
	at org.testng.TestRunner.privateRun(TestRunner.java:744)
	at org.testng.TestRunner.run(TestRunner.java:602)
	at org.testng.SuiteRunner.runTest(SuiteRunner.java:380)
	at org.testng.SuiteRunner.access$000(SuiteRunner.java:39)
	at org.testng.SuiteRunner$SuiteWorker.run(SuiteRunner.java:414)
	at org.testng.internal.thread.ThreadUtil$1.call(ThreadUtil.java:52)
	at java.util.concurrent.FutureTask.run(Unknown Source)
	at java.util.concurrent.ThreadPoolExecutor.runWorker(Unknown Source)
	at java.util.concurrent.ThreadPoolExecutor$Worker.run(Unknown Source)
	at java.lang.Thread.run(Unknown Source)

</div> <!-- stack-trace -->
                </div> <!-- method-content -->
              </div> <!-- method -->
              <div class="method">
                <div class="method-content">
                  <a name="testCos(1.0472, 0.5)">
                  </a> <!-- testCos(1.0472, 0.5) -->
                  <span class="method-name">testCos</span>
                  <span class="parameters">(1.0472, 0.5)</span>
                  <div class="stack-trace">java.lang.AssertionError: expected [0.5] but found [0.866]
	at org.testng.Assert.fail(Assert.java:93)
	at org.testng.Assert.failNotEquals(Assert.java:512)
	at org.testng.Assert.assertEqualsImpl(Assert.java:134)
	at org.testng.Assert.assertEquals(Assert.java:115)
	at org.testng.Assert.assertEquals(Assert.java:178)
	at by.epam.atmentoring.unittest.CalculatorTestCos.testCos(CalculatorTestCos.java:20)
	at sun.reflect.NativeMethodAccessorImpl.invoke0(Native Method)
	at sun.reflect.NativeMethodAccessorImpl.invoke(Unknown Source)
	at sun.reflect.DelegatingMethodAccessorImpl.invoke(Unknown Source)
	at java.lang.reflect.Method.invoke(Unknown Source)
	at org.testng.internal.MethodInvocationHelper.invokeMethod(MethodInvocationHelper.java:108)
	at org.testng.internal.Invoker.invokeMethod(Invoker.java:661)
	at org.testng.internal.Invoker.invokeTestMethod(Invoker.java:869)
	at org.testng.internal.Invoker.invokeTestMethods(Invoker.java:1193)
	at org.testng.internal.TestMethodWorker.invokeTestMethods(TestMethodWorker.java:126)
	at org.testng.internal.TestMethodWorker.run(TestMethodWorker.java:109)
	at org.testng.TestRunner.privateRun(TestRunner.java:744)
	at org.testng.TestRunner.run(TestRunner.java:602)
	at org.testng.SuiteRunner.runTest(SuiteRunner.java:380)
	at org.testng.SuiteRunner.access$000(SuiteRunner.java:39)
	at org.testng.SuiteRunner$SuiteWorker.run(SuiteRunner.java:414)
	at org.testng.internal.thread.ThreadUtil$1.call(ThreadUtil.java:52)
	at java.util.concurrent.FutureTask.run(Unknown Source)
	at java.util.concurrent.ThreadPoolExecutor.runWorker(Unknown Source)
	at java.util.concurrent.ThreadPoolExecutor$Worker.run(Unknown Source)
	at java.lang.Thread.run(Unknown Source)

</div> <!-- stack-trace -->
                </div> <!-- method-content -->
              </div> <!-- method -->
              <div class="method">
                <div class="method-content">
                  <a name="testCos(1.5708, 0.0)">
                  </a> <!-- testCos(1.5708, 0.0) -->
                  <span class="method-name">testCos</span>
                  <span class="parameters">(1.5708, 0.0)</span>
                  <div class="stack-trace">java.lang.AssertionError: expected [0.0] but found [1.0]
	at org.testng.Assert.fail(Assert.java:93)
	at org.testng.Assert.failNotEquals(Assert.java:512)
	at org.testng.Assert.assertEqualsImpl(Assert.java:134)
	at org.testng.Assert.assertEquals(Assert.java:115)
	at org.testng.Assert.assertEquals(Assert.java:178)
	at by.epam.atmentoring.unittest.CalculatorTestCos.testCos(CalculatorTestCos.java:20)
	at sun.reflect.NativeMethodAccessorImpl.invoke0(Native Method)
	at sun.reflect.NativeMethodAccessorImpl.invoke(Unknown Source)
	at sun.reflect.DelegatingMethodAccessorImpl.invoke(Unknown Source)
	at java.lang.reflect.Method.invoke(Unknown Source)
	at org.testng.internal.MethodInvocationHelper.invokeMethod(MethodInvocationHelper.java:108)
	at org.testng.internal.Invoker.invokeMethod(Invoker.java:661)
	at org.testng.internal.Invoker.invokeTestMethod(Invoker.java:869)
	at org.testng.internal.Invoker.invokeTestMethods(Invoker.java:1193)
	at org.testng.internal.TestMethodWorker.invokeTestMethods(TestMethodWorker.java:126)
	at org.testng.internal.TestMethodWorker.run(TestMethodWorker.java:109)
	at org.testng.TestRunner.privateRun(TestRunner.java:744)
	at org.testng.TestRunner.run(TestRunner.java:602)
	at org.testng.SuiteRunner.runTest(SuiteRunner.java:380)
	at org.testng.SuiteRunner.access$000(SuiteRunner.java:39)
	at org.testng.SuiteRunner$SuiteWorker.run(SuiteRunner.java:414)
	at org.testng.internal.thread.ThreadUtil$1.call(ThreadUtil.java:52)
	at java.util.concurrent.FutureTask.run(Unknown Source)
	at java.util.concurrent.ThreadPoolExecutor.runWorker(Unknown Source)
	at java.util.concurrent.ThreadPoolExecutor$Worker.run(Unknown Source)
	at java.lang.Thread.run(Unknown Source)

</div> <!-- stack-trace -->
                </div> <!-- method-content -->
              </div> <!-- method -->
              <div class="method">
                <div class="method-content">
                  <a name="testCos(6.2832, 1.0)">
                  </a> <!-- testCos(6.2832, 1.0) -->
                  <span class="method-name">testCos</span>
                  <span class="parameters">(6.2832, 1.0)</span>
                  <div class="stack-trace">java.lang.AssertionError: expected [1.0] but found [0.0]
	at org.testng.Assert.fail(Assert.java:93)
	at org.testng.Assert.failNotEquals(Assert.java:512)
	at org.testng.Assert.assertEqualsImpl(Assert.java:134)
	at org.testng.Assert.assertEquals(Assert.java:115)
	at org.testng.Assert.assertEquals(Assert.java:178)
	at by.epam.atmentoring.unittest.CalculatorTestCos.testCos(CalculatorTestCos.java:20)
	at sun.reflect.NativeMethodAccessorImpl.invoke0(Native Method)
	at sun.reflect.NativeMethodAccessorImpl.invoke(Unknown Source)
	at sun.reflect.DelegatingMethodAccessorImpl.invoke(Unknown Source)
	at java.lang.reflect.Method.invoke(Unknown Source)
	at org.testng.internal.MethodInvocationHelper.invokeMethod(MethodInvocationHelper.java:108)
	at org.testng.internal.Invoker.invokeMethod(Invoker.java:661)
	at org.testng.internal.Invoker.invokeTestMethod(Invoker.java:869)
	at org.testng.internal.Invoker.invokeTestMethods(Invoker.java:1193)
	at org.testng.internal.TestMethodWorker.invokeTestMethods(TestMethodWorker.java:126)
	at org.testng.internal.TestMethodWorker.run(TestMethodWorker.java:109)
	at org.testng.TestRunner.privateRun(TestRunner.java:744)
	at org.testng.TestRunner.run(TestRunner.java:602)
	at org.testng.SuiteRunner.runTest(SuiteRunner.java:380)
	at org.testng.SuiteRunner.access$000(SuiteRunner.java:39)
	at org.testng.SuiteRunner$SuiteWorker.run(SuiteRunner.java:414)
	at org.testng.internal.thread.ThreadUtil$1.call(ThreadUtil.java:52)
	at java.util.concurrent.FutureTask.run(Unknown Source)
	at java.util.concurrent.ThreadPoolExecutor.runWorker(Unknown Source)
	at java.util.concurrent.ThreadPoolExecutor$Worker.run(Unknown Source)
	at java.lang.Thread.run(Unknown Source)

</div> <!-- stack-trace -->
                </div> <!-- method-content -->
              </div> <!-- method -->
              <div class="method">
                <div class="method-content">
                  <a name="testCos(-6.2832, -1.0)">
                  </a> <!-- testCos(-6.2832, -1.0) -->
                  <span class="method-name">testCos</span>
                  <span class="parameters">(-6.2832, -1.0)</span>
                  <div class="stack-trace">java.lang.AssertionError: expected [-1.0] but found [0.0]
	at org.testng.Assert.fail(Assert.java:93)
	at org.testng.Assert.failNotEquals(Assert.java:512)
	at org.testng.Assert.assertEqualsImpl(Assert.java:134)
	at org.testng.Assert.assertEquals(Assert.java:115)
	at org.testng.Assert.assertEquals(Assert.java:178)
	at by.epam.atmentoring.unittest.CalculatorTestCos.testCos(CalculatorTestCos.java:20)
	at sun.reflect.NativeMethodAccessorImpl.invoke0(Native Method)
	at sun.reflect.NativeMethodAccessorImpl.invoke(Unknown Source)
	at sun.reflect.DelegatingMethodAccessorImpl.invoke(Unknown Source)
	at java.lang.reflect.Method.invoke(Unknown Source)
	at org.testng.internal.MethodInvocationHelper.invokeMethod(MethodInvocationHelper.java:108)
	at org.testng.internal.Invoker.invokeMethod(Invoker.java:661)
	at org.testng.internal.Invoker.invokeTestMethod(Invoker.java:869)
	at org.testng.internal.Invoker.invokeTestMethods(Invoker.java:1193)
	at org.testng.internal.TestMethodWorker.invokeTestMethods(TestMethodWorker.java:126)
	at org.testng.internal.TestMethodWorker.run(TestMethodWorker.java:109)
	at org.testng.TestRunner.privateRun(TestRunner.java:744)
	at org.testng.TestRunner.run(TestRunner.java:602)
	at org.testng.SuiteRunner.runTest(SuiteRunner.java:380)
	at org.testng.SuiteRunner.access$000(SuiteRunner.java:39)
	at org.testng.SuiteRunner$SuiteWorker.run(SuiteRunner.java:414)
	at org.testng.internal.thread.ThreadUtil$1.call(ThreadUtil.java:52)
	at java.util.concurrent.FutureTask.run(Unknown Source)
	at java.util.concurrent.ThreadPoolExecutor.runWorker(Unknown Source)
	at java.util.concurrent.ThreadPoolExecutor$Worker.run(Unknown Source)
	at java.lang.Thread.run(Unknown Source)

</div> <!-- stack-trace -->
                </div> <!-- method-content -->
              </div> <!-- method -->
              <div class="method">
                <div class="method-content">
                  <a name="testCos(0.0175, 0.9998)">
                  </a> <!-- testCos(0.0175, 0.9998) -->
                  <span class="method-name">testCos</span>
                  <span class="parameters">(0.0175, 0.9998)</span>
                  <div class="stack-trace">java.lang.AssertionError: expected [0.9998] but found [0.0175]
	at org.testng.Assert.fail(Assert.java:93)
	at org.testng.Assert.failNotEquals(Assert.java:512)
	at org.testng.Assert.assertEqualsImpl(Assert.java:134)
	at org.testng.Assert.assertEquals(Assert.java:115)
	at org.testng.Assert.assertEquals(Assert.java:178)
	at by.epam.atmentoring.unittest.CalculatorTestCos.testCos(CalculatorTestCos.java:20)
	at sun.reflect.NativeMethodAccessorImpl.invoke0(Native Method)
	at sun.reflect.NativeMethodAccessorImpl.invoke(Unknown Source)
	at sun.reflect.DelegatingMethodAccessorImpl.invoke(Unknown Source)
	at java.lang.reflect.Method.invoke(Unknown Source)
	at org.testng.internal.MethodInvocationHelper.invokeMethod(MethodInvocationHelper.java:108)
	at org.testng.internal.Invoker.invokeMethod(Invoker.java:661)
	at org.testng.internal.Invoker.invokeTestMethod(Invoker.java:869)
	at org.testng.internal.Invoker.invokeTestMethods(Invoker.java:1193)
	at org.testng.internal.TestMethodWorker.invokeTestMethods(TestMethodWorker.java:126)
	at org.testng.internal.TestMethodWorker.run(TestMethodWorker.java:109)
	at org.testng.TestRunner.privateRun(TestRunner.java:744)
	at org.testng.TestRunner.run(TestRunner.java:602)
	at org.testng.SuiteRunner.runTest(SuiteRunner.java:380)
	at org.testng.SuiteRunner.access$000(SuiteRunner.java:39)
	at org.testng.SuiteRunner$SuiteWorker.run(SuiteRunner.java:414)
	at org.testng.internal.thread.ThreadUtil$1.call(ThreadUtil.java:52)
	at java.util.concurrent.FutureTask.run(Unknown Source)
	at java.util.concurrent.ThreadPoolExecutor.runWorker(Unknown Source)
	at java.util.concurrent.ThreadPoolExecutor$Worker.run(Unknown Source)
	at java.lang.Thread.run(Unknown Source)

</div> <!-- stack-trace -->
                </div> <!-- method-content -->
              </div> <!-- method -->
            </div> <!-- main-panel-content rounded-window-bottom -->
          </div> <!-- suite-CalculatorTestSuite-class-failed -->
          <div class="suite-CalculatorTestSuite-class-failed">
            <div class="main-panel-header rounded-window-top">
              <img src="failed.png"/>
              <span class="class-name">by.epam.atmentoring.unittest.CalculatorTestMult</span>
            </div> <!-- main-panel-header rounded-window-top -->
            <div class="main-panel-content rounded-window-bottom">
              <div class="method">
                <div class="method-content">
                  <a name="testMult(-1.5, 0.0, 0.0)">
                  </a> <!-- testMult(-1.5, 0.0, 0.0) -->
                  <span class="method-name">testMult</span>
                  <span class="parameters">(-1.5, 0.0, 0.0)</span>
                  <div class="stack-trace">java.lang.AssertionError: expected [0.0] but found [-0.0]
	at org.testng.Assert.fail(Assert.java:93)
	at org.testng.Assert.failNotEquals(Assert.java:512)
	at org.testng.Assert.assertEqualsImpl(Assert.java:134)
	at org.testng.Assert.assertEquals(Assert.java:115)
	at org.testng.Assert.assertEquals(Assert.java:178)
	at by.epam.atmentoring.unittest.CalculatorTestMult.testMult(CalculatorTestMult.java:38)
	at sun.reflect.NativeMethodAccessorImpl.invoke0(Native Method)
	at sun.reflect.NativeMethodAccessorImpl.invoke(Unknown Source)
	at sun.reflect.DelegatingMethodAccessorImpl.invoke(Unknown Source)
	at java.lang.reflect.Method.invoke(Unknown Source)
	at org.testng.internal.MethodInvocationHelper.invokeMethod(MethodInvocationHelper.java:108)
	at org.testng.internal.Invoker.invokeMethod(Invoker.java:661)
	at org.testng.internal.Invoker.invokeTestMethod(Invoker.java:869)
	at org.testng.internal.Invoker.invokeTestMethods(Invoker.java:1193)
	at org.testng.internal.TestMethodWorker.invokeTestMethods(TestMethodWorker.java:126)
	at org.testng.internal.TestMethodWorker.run(TestMethodWorker.java:109)
	at org.testng.TestRunner.privateRun(TestRunner.java:744)
	at org.testng.TestRunner.run(TestRunner.java:602)
	at org.testng.SuiteRunner.runTest(SuiteRunner.java:380)
	at org.testng.SuiteRunner.access$000(SuiteRunner.java:39)
	at org.testng.SuiteRunner$SuiteWorker.run(SuiteRunner.java:414)
	at org.testng.internal.thread.ThreadUtil$1.call(ThreadUtil.java:52)
	at java.util.concurrent.FutureTask.run(Unknown Source)
	at java.util.concurrent.ThreadPoolExecutor.runWorker(Unknown Source)
	at java.util.concurrent.ThreadPoolExecutor$Worker.run(Unknown Source)
	at java.lang.Thread.run(Unknown Source)

</div> <!-- stack-trace -->
                </div> <!-- method-content -->
              </div> <!-- method -->
              <div class="method">
                <div class="method-content">
                  <a name="testMult(1.5, 0.75, 1.125)">
                  </a> <!-- testMult(1.5, 0.75, 1.125) -->
                  <span class="method-name">testMult</span>
                  <span class="parameters">(1.5, 0.75, 1.125)</span>
                  <div class="stack-trace">java.lang.AssertionError: expected [1.125] but found [1.0]
	at org.testng.Assert.fail(Assert.java:93)
	at org.testng.Assert.failNotEquals(Assert.java:512)
	at org.testng.Assert.assertEqualsImpl(Assert.java:134)
	at org.testng.Assert.assertEquals(Assert.java:115)
	at org.testng.Assert.assertEquals(Assert.java:178)
	at by.epam.atmentoring.unittest.CalculatorTestMult.testMult(CalculatorTestMult.java:38)
	at sun.reflect.NativeMethodAccessorImpl.invoke0(Native Method)
	at sun.reflect.NativeMethodAccessorImpl.invoke(Unknown Source)
	at sun.reflect.DelegatingMethodAccessorImpl.invoke(Unknown Source)
	at java.lang.reflect.Method.invoke(Unknown Source)
	at org.testng.internal.MethodInvocationHelper.invokeMethod(MethodInvocationHelper.java:108)
	at org.testng.internal.Invoker.invokeMethod(Invoker.java:661)
	at org.testng.internal.Invoker.invokeTestMethod(Invoker.java:869)
	at org.testng.internal.Invoker.invokeTestMethods(Invoker.java:1193)
	at org.testng.internal.TestMethodWorker.invokeTestMethods(TestMethodWorker.java:126)
	at org.testng.internal.TestMethodWorker.run(TestMethodWorker.java:109)
	at org.testng.TestRunner.privateRun(TestRunner.java:744)
	at org.testng.TestRunner.run(TestRunner.java:602)
	at org.testng.SuiteRunner.runTest(SuiteRunner.java:380)
	at org.testng.SuiteRunner.access$000(SuiteRunner.java:39)
	at org.testng.SuiteRunner$SuiteWorker.run(SuiteRunner.java:414)
	at org.testng.internal.thread.ThreadUtil$1.call(ThreadUtil.java:52)
	at java.util.concurrent.FutureTask.run(Unknown Source)
	at java.util.concurrent.ThreadPoolExecutor.runWorker(Unknown Source)
	at java.util.concurrent.ThreadPoolExecutor$Worker.run(Unknown Source)
	at java.lang.Thread.run(Unknown Source)

</div> <!-- stack-trace -->
                </div> <!-- method-content -->
              </div> <!-- method -->
              <div class="method">
                <div class="method-content">
                  <a name="testMult(-1.5, 0.75, -1.125)">
                  </a> <!-- testMult(-1.5, 0.75, -1.125) -->
                  <span class="method-name">testMult</span>
                  <span class="parameters">(-1.5, 0.75, -1.125)</span>
                  <div class="stack-trace">java.lang.AssertionError: expected [-1.125] but found [-2.0]
	at org.testng.Assert.fail(Assert.java:93)
	at org.testng.Assert.failNotEquals(Assert.java:512)
	at org.testng.Assert.assertEqualsImpl(Assert.java:134)
	at org.testng.Assert.assertEquals(Assert.java:115)
	at org.testng.Assert.assertEquals(Assert.java:178)
	at by.epam.atmentoring.unittest.CalculatorTestMult.testMult(CalculatorTestMult.java:38)
	at sun.reflect.NativeMethodAccessorImpl.invoke0(Native Method)
	at sun.reflect.NativeMethodAccessorImpl.invoke(Unknown Source)
	at sun.reflect.DelegatingMethodAccessorImpl.invoke(Unknown Source)
	at java.lang.reflect.Method.invoke(Unknown Source)
	at org.testng.internal.MethodInvocationHelper.invokeMethod(MethodInvocationHelper.java:108)
	at org.testng.internal.Invoker.invokeMethod(Invoker.java:661)
	at org.testng.internal.Invoker.invokeTestMethod(Invoker.java:869)
	at org.testng.internal.Invoker.invokeTestMethods(Invoker.java:1193)
	at org.testng.internal.TestMethodWorker.invokeTestMethods(TestMethodWorker.java:126)
	at org.testng.internal.TestMethodWorker.run(TestMethodWorker.java:109)
	at org.testng.TestRunner.privateRun(TestRunner.java:744)
	at org.testng.TestRunner.run(TestRunner.java:602)
	at org.testng.SuiteRunner.runTest(SuiteRunner.java:380)
	at org.testng.SuiteRunner.access$000(SuiteRunner.java:39)
	at org.testng.SuiteRunner$SuiteWorker.run(SuiteRunner.java:414)
	at org.testng.internal.thread.ThreadUtil$1.call(ThreadUtil.java:52)
	at java.util.concurrent.FutureTask.run(Unknown Source)
	at java.util.concurrent.ThreadPoolExecutor.runWorker(Unknown Source)
	at java.util.concurrent.ThreadPoolExecutor$Worker.run(Unknown Source)
	at java.lang.Thread.run(Unknown Source)

</div> <!-- stack-trace -->
                </div> <!-- method-content -->
              </div> <!-- method -->
              <div class="method">
                <div class="method-content">
                  <a name="testMult(-1.5, -1.5, 2.25)">
                  </a> <!-- testMult(-1.5, -1.5, 2.25) -->
                  <span class="method-name">testMult</span>
                  <span class="parameters">(-1.5, -1.5, 2.25)</span>
                  <div class="stack-trace">java.lang.AssertionError: expected [2.25] but found [2.0]
	at org.testng.Assert.fail(Assert.java:93)
	at org.testng.Assert.failNotEquals(Assert.java:512)
	at org.testng.Assert.assertEqualsImpl(Assert.java:134)
	at org.testng.Assert.assertEquals(Assert.java:115)
	at org.testng.Assert.assertEquals(Assert.java:178)
	at by.epam.atmentoring.unittest.CalculatorTestMult.testMult(CalculatorTestMult.java:38)
	at sun.reflect.NativeMethodAccessorImpl.invoke0(Native Method)
	at sun.reflect.NativeMethodAccessorImpl.invoke(Unknown Source)
	at sun.reflect.DelegatingMethodAccessorImpl.invoke(Unknown Source)
	at java.lang.reflect.Method.invoke(Unknown Source)
	at org.testng.internal.MethodInvocationHelper.invokeMethod(MethodInvocationHelper.java:108)
	at org.testng.internal.Invoker.invokeMethod(Invoker.java:661)
	at org.testng.internal.Invoker.invokeTestMethod(Invoker.java:869)
	at org.testng.internal.Invoker.invokeTestMethods(Invoker.java:1193)
	at org.testng.internal.TestMethodWorker.invokeTestMethods(TestMethodWorker.java:126)
	at org.testng.internal.TestMethodWorker.run(TestMethodWorker.java:109)
	at org.testng.TestRunner.privateRun(TestRunner.java:744)
	at org.testng.TestRunner.run(TestRunner.java:602)
	at org.testng.SuiteRunner.runTest(SuiteRunner.java:380)
	at org.testng.SuiteRunner.access$000(SuiteRunner.java:39)
	at org.testng.SuiteRunner$SuiteWorker.run(SuiteRunner.java:414)
	at org.testng.internal.thread.ThreadUtil$1.call(ThreadUtil.java:52)
	at java.util.concurrent.FutureTask.run(Unknown Source)
	at java.util.concurrent.ThreadPoolExecutor.runWorker(Unknown Source)
	at java.util.concurrent.ThreadPoolExecutor$Worker.run(Unknown Source)
	at java.lang.Thread.run(Unknown Source)

</div> <!-- stack-trace -->
                </div> <!-- method-content -->
              </div> <!-- method -->
              <div class="method">
                <div class="method-content">
                  <a name="testMult(1.5, 1.5, 2.25)">
                  </a> <!-- testMult(1.5, 1.5, 2.25) -->
                  <span class="method-name">testMult</span>
                  <span class="parameters">(1.5, 1.5, 2.25)</span>
                  <div class="stack-trace">java.lang.AssertionError: expected [2.25] but found [2.0]
	at org.testng.Assert.fail(Assert.java:93)
	at org.testng.Assert.failNotEquals(Assert.java:512)
	at org.testng.Assert.assertEqualsImpl(Assert.java:134)
	at org.testng.Assert.assertEquals(Assert.java:115)
	at org.testng.Assert.assertEquals(Assert.java:178)
	at by.epam.atmentoring.unittest.CalculatorTestMult.testMult(CalculatorTestMult.java:38)
	at sun.reflect.NativeMethodAccessorImpl.invoke0(Native Method)
	at sun.reflect.NativeMethodAccessorImpl.invoke(Unknown Source)
	at sun.reflect.DelegatingMethodAccessorImpl.invoke(Unknown Source)
	at java.lang.reflect.Method.invoke(Unknown Source)
	at org.testng.internal.MethodInvocationHelper.invokeMethod(MethodInvocationHelper.java:108)
	at org.testng.internal.Invoker.invokeMethod(Invoker.java:661)
	at org.testng.internal.Invoker.invokeTestMethod(Invoker.java:869)
	at org.testng.internal.Invoker.invokeTestMethods(Invoker.java:1193)
	at org.testng.internal.TestMethodWorker.invokeTestMethods(TestMethodWorker.java:126)
	at org.testng.internal.TestMethodWorker.run(TestMethodWorker.java:109)
	at org.testng.TestRunner.privateRun(TestRunner.java:744)
	at org.testng.TestRunner.run(TestRunner.java:602)
	at org.testng.SuiteRunner.runTest(SuiteRunner.java:380)
	at org.testng.SuiteRunner.access$000(SuiteRunner.java:39)
	at org.testng.SuiteRunner$SuiteWorker.run(SuiteRunner.java:414)
	at org.testng.internal.thread.ThreadUtil$1.call(ThreadUtil.java:52)
	at java.util.concurrent.FutureTask.run(Unknown Source)
	at java.util.concurrent.ThreadPoolExecutor.runWorker(Unknown Source)
	at java.util.concurrent.ThreadPoolExecutor$Worker.run(Unknown Source)
	at java.lang.Thread.run(Unknown Source)

</div> <!-- stack-trace -->
                </div> <!-- method-content -->
              </div> <!-- method -->
            </div> <!-- main-panel-content rounded-window-bottom -->
          </div> <!-- suite-CalculatorTestSuite-class-failed -->
          <div class="suite-CalculatorTestSuite-class-failed">
            <div class="main-panel-header rounded-window-top">
              <img src="failed.png"/>
              <span class="class-name">by.epam.atmentoring.unittest.CalculatorTestCtg</span>
            </div> <!-- main-panel-header rounded-window-top -->
            <div class="main-panel-content rounded-window-bottom">
              <div class="method">
                <div class="method-content">
                  <a name="testCtg(0.0175, 57.29)">
                  </a> <!-- testCtg(0.0175, 57.29) -->
                  <span class="method-name">testCtg</span>
                  <span class="parameters">(0.0175, 57.29)</span>
                  <div class="stack-trace">java.lang.AssertionError: expected [57.29] but found [0.01749821376048069]
	at org.testng.Assert.fail(Assert.java:93)
	at org.testng.Assert.failNotEquals(Assert.java:512)
	at org.testng.Assert.assertEqualsImpl(Assert.java:134)
	at org.testng.Assert.assertEquals(Assert.java:115)
	at org.testng.Assert.assertEquals(Assert.java:178)
	at by.epam.atmentoring.unittest.CalculatorTestCtg.testCtg(CalculatorTestCtg.java:20)
	at sun.reflect.NativeMethodAccessorImpl.invoke0(Native Method)
	at sun.reflect.NativeMethodAccessorImpl.invoke(Unknown Source)
	at sun.reflect.DelegatingMethodAccessorImpl.invoke(Unknown Source)
	at java.lang.reflect.Method.invoke(Unknown Source)
	at org.testng.internal.MethodInvocationHelper.invokeMethod(MethodInvocationHelper.java:108)
	at org.testng.internal.Invoker.invokeMethod(Invoker.java:661)
	at org.testng.internal.Invoker.invokeTestMethod(Invoker.java:869)
	at org.testng.internal.Invoker.invokeTestMethods(Invoker.java:1193)
	at org.testng.internal.TestMethodWorker.invokeTestMethods(TestMethodWorker.java:126)
	at org.testng.internal.TestMethodWorker.run(TestMethodWorker.java:109)
	at org.testng.TestRunner.privateRun(TestRunner.java:744)
	at org.testng.TestRunner.run(TestRunner.java:602)
	at org.testng.SuiteRunner.runTest(SuiteRunner.java:380)
	at org.testng.SuiteRunner.access$000(SuiteRunner.java:39)
	at org.testng.SuiteRunner$SuiteWorker.run(SuiteRunner.java:414)
	at org.testng.internal.thread.ThreadUtil$1.call(ThreadUtil.java:52)
	at java.util.concurrent.FutureTask.run(Unknown Source)
	at java.util.concurrent.ThreadPoolExecutor.runWorker(Unknown Source)
	at java.util.concurrent.ThreadPoolExecutor$Worker.run(Unknown Source)
	at java.lang.Thread.run(Unknown Source)

</div> <!-- stack-trace -->
                </div> <!-- method-content -->
              </div> <!-- method -->
              <div class="method">
                <div class="method-content">
                  <a name="testCtg(1.5708, 0.0)">
                  </a> <!-- testCtg(1.5708, 0.0) -->
                  <span class="method-name">testCtg</span>
                  <span class="parameters">(1.5708, 0.0)</span>
                  <div class="stack-trace">java.lang.AssertionError: expected [0.0] but found [0.9171529190863275]
	at org.testng.Assert.fail(Assert.java:93)
	at org.testng.Assert.failNotEquals(Assert.java:512)
	at org.testng.Assert.assertEqualsImpl(Assert.java:134)
	at org.testng.Assert.assertEquals(Assert.java:115)
	at org.testng.Assert.assertEquals(Assert.java:178)
	at by.epam.atmentoring.unittest.CalculatorTestCtg.testCtg(CalculatorTestCtg.java:20)
	at sun.reflect.NativeMethodAccessorImpl.invoke0(Native Method)
	at sun.reflect.NativeMethodAccessorImpl.invoke(Unknown Source)
	at sun.reflect.DelegatingMethodAccessorImpl.invoke(Unknown Source)
	at java.lang.reflect.Method.invoke(Unknown Source)
	at org.testng.internal.MethodInvocationHelper.invokeMethod(MethodInvocationHelper.java:108)
	at org.testng.internal.Invoker.invokeMethod(Invoker.java:661)
	at org.testng.internal.Invoker.invokeTestMethod(Invoker.java:869)
	at org.testng.internal.Invoker.invokeTestMethods(Invoker.java:1193)
	at org.testng.internal.TestMethodWorker.invokeTestMethods(TestMethodWorker.java:126)
	at org.testng.internal.TestMethodWorker.run(TestMethodWorker.java:109)
	at org.testng.TestRunner.privateRun(TestRunner.java:744)
	at org.testng.TestRunner.run(TestRunner.java:602)
	at org.testng.SuiteRunner.runTest(SuiteRunner.java:380)
	at org.testng.SuiteRunner.access$000(SuiteRunner.java:39)
	at org.testng.SuiteRunner$SuiteWorker.run(SuiteRunner.java:414)
	at org.testng.internal.thread.ThreadUtil$1.call(ThreadUtil.java:52)
	at java.util.concurrent.FutureTask.run(Unknown Source)
	at java.util.concurrent.ThreadPoolExecutor.runWorker(Unknown Source)
	at java.util.concurrent.ThreadPoolExecutor$Worker.run(Unknown Source)
	at java.lang.Thread.run(Unknown Source)

</div> <!-- stack-trace -->
                </div> <!-- method-content -->
              </div> <!-- method -->
              <div class="method">
                <div class="method-content">
                  <a name="testCtg(6.2832, Infinity)">
                  </a> <!-- testCtg(6.2832, Infinity) -->
                  <span class="method-name">testCtg</span>
                  <span class="parameters">(6.2832, Infinity)</span>
                  <div class="stack-trace">java.lang.AssertionError: expected [Infinity] but found [0.9999930255445617]
	at org.testng.Assert.fail(Assert.java:93)
	at org.testng.Assert.failNotEquals(Assert.java:512)
	at org.testng.Assert.assertEqualsImpl(Assert.java:134)
	at org.testng.Assert.assertEquals(Assert.java:115)
	at org.testng.Assert.assertEquals(Assert.java:178)
	at by.epam.atmentoring.unittest.CalculatorTestCtg.testCtg(CalculatorTestCtg.java:20)
	at sun.reflect.NativeMethodAccessorImpl.invoke0(Native Method)
	at sun.reflect.NativeMethodAccessorImpl.invoke(Unknown Source)
	at sun.reflect.DelegatingMethodAccessorImpl.invoke(Unknown Source)
	at java.lang.reflect.Method.invoke(Unknown Source)
	at org.testng.internal.MethodInvocationHelper.invokeMethod(MethodInvocationHelper.java:108)
	at org.testng.internal.Invoker.invokeMethod(Invoker.java:661)
	at org.testng.internal.Invoker.invokeTestMethod(Invoker.java:869)
	at org.testng.internal.Invoker.invokeTestMethods(Invoker.java:1193)
	at org.testng.internal.TestMethodWorker.invokeTestMethods(TestMethodWorker.java:126)
	at org.testng.internal.TestMethodWorker.run(TestMethodWorker.java:109)
	at org.testng.TestRunner.privateRun(TestRunner.java:744)
	at org.testng.TestRunner.run(TestRunner.java:602)
	at org.testng.SuiteRunner.runTest(SuiteRunner.java:380)
	at org.testng.SuiteRunner.access$000(SuiteRunner.java:39)
	at org.testng.SuiteRunner$SuiteWorker.run(SuiteRunner.java:414)
	at org.testng.internal.thread.ThreadUtil$1.call(ThreadUtil.java:52)
	at java.util.concurrent.FutureTask.run(Unknown Source)
	at java.util.concurrent.ThreadPoolExecutor.runWorker(Unknown Source)
	at java.util.concurrent.ThreadPoolExecutor$Worker.run(Unknown Source)
	at java.lang.Thread.run(Unknown Source)

</div> <!-- stack-trace -->
                </div> <!-- method-content -->
              </div> <!-- method -->
              <div class="method">
                <div class="method-content">
                  <a name="testCtg(3.1416, -Infinity)">
                  </a> <!-- testCtg(3.1416, -Infinity) -->
                  <span class="method-name">testCtg</span>
                  <span class="parameters">(3.1416, -Infinity)</span>
                  <div class="stack-trace">java.lang.AssertionError: expected [-Infinity] but found [0.9962721308919683]
	at org.testng.Assert.fail(Assert.java:93)
	at org.testng.Assert.failNotEquals(Assert.java:512)
	at org.testng.Assert.assertEqualsImpl(Assert.java:134)
	at org.testng.Assert.assertEquals(Assert.java:115)
	at org.testng.Assert.assertEquals(Assert.java:178)
	at by.epam.atmentoring.unittest.CalculatorTestCtg.testCtg(CalculatorTestCtg.java:20)
	at sun.reflect.NativeMethodAccessorImpl.invoke0(Native Method)
	at sun.reflect.NativeMethodAccessorImpl.invoke(Unknown Source)
	at sun.reflect.DelegatingMethodAccessorImpl.invoke(Unknown Source)
	at java.lang.reflect.Method.invoke(Unknown Source)
	at org.testng.internal.MethodInvocationHelper.invokeMethod(MethodInvocationHelper.java:108)
	at org.testng.internal.Invoker.invokeMethod(Invoker.java:661)
	at org.testng.internal.Invoker.invokeTestMethod(Invoker.java:869)
	at org.testng.internal.Invoker.invokeTestMethods(Invoker.java:1193)
	at org.testng.internal.TestMethodWorker.invokeTestMethods(TestMethodWorker.java:126)
	at org.testng.internal.TestMethodWorker.run(TestMethodWorker.java:109)
	at org.testng.TestRunner.privateRun(TestRunner.java:744)
	at org.testng.TestRunner.run(TestRunner.java:602)
	at org.testng.SuiteRunner.runTest(SuiteRunner.java:380)
	at org.testng.SuiteRunner.access$000(SuiteRunner.java:39)
	at org.testng.SuiteRunner$SuiteWorker.run(SuiteRunner.java:414)
	at org.testng.internal.thread.ThreadUtil$1.call(ThreadUtil.java:52)
	at java.util.concurrent.FutureTask.run(Unknown Source)
	at java.util.concurrent.ThreadPoolExecutor.runWorker(Unknown Source)
	at java.util.concurrent.ThreadPoolExecutor$Worker.run(Unknown Source)
	at java.lang.Thread.run(Unknown Source)

</div> <!-- stack-trace -->
                </div> <!-- method-content -->
              </div> <!-- method -->
              <div class="method">
                <div class="method-content">
                  <a name="testCtg(4.7997, -0.0875)">
                  </a> <!-- testCtg(4.7997, -0.0875) -->
                  <span class="method-name">testCtg</span>
                  <span class="parameters">(4.7997, -0.0875)</span>
                  <div class="stack-trace">java.lang.AssertionError: expected [-0.0875] but found [0.9998644704129042]
	at org.testng.Assert.fail(Assert.java:93)
	at org.testng.Assert.failNotEquals(Assert.java:512)
	at org.testng.Assert.assertEqualsImpl(Assert.java:134)
	at org.testng.Assert.assertEquals(Assert.java:115)
	at org.testng.Assert.assertEquals(Assert.java:178)
	at by.epam.atmentoring.unittest.CalculatorTestCtg.testCtg(CalculatorTestCtg.java:20)
	at sun.reflect.NativeMethodAccessorImpl.invoke0(Native Method)
	at sun.reflect.NativeMethodAccessorImpl.invoke(Unknown Source)
	at sun.reflect.DelegatingMethodAccessorImpl.invoke(Unknown Source)
	at java.lang.reflect.Method.invoke(Unknown Source)
	at org.testng.internal.MethodInvocationHelper.invokeMethod(MethodInvocationHelper.java:108)
	at org.testng.internal.Invoker.invokeMethod(Invoker.java:661)
	at org.testng.internal.Invoker.invokeTestMethod(Invoker.java:869)
	at org.testng.internal.Invoker.invokeTestMethods(Invoker.java:1193)
	at org.testng.internal.TestMethodWorker.invokeTestMethods(TestMethodWorker.java:126)
	at org.testng.internal.TestMethodWorker.run(TestMethodWorker.java:109)
	at org.testng.TestRunner.privateRun(TestRunner.java:744)
	at org.testng.TestRunner.run(TestRunner.java:602)
	at org.testng.SuiteRunner.runTest(SuiteRunner.java:380)
	at org.testng.SuiteRunner.access$000(SuiteRunner.java:39)
	at org.testng.SuiteRunner$SuiteWorker.run(SuiteRunner.java:414)
	at org.testng.internal.thread.ThreadUtil$1.call(ThreadUtil.java:52)
	at java.util.concurrent.FutureTask.run(Unknown Source)
	at java.util.concurrent.ThreadPoolExecutor.runWorker(Unknown Source)
	at java.util.concurrent.ThreadPoolExecutor$Worker.run(Unknown Source)
	at java.lang.Thread.run(Unknown Source)

</div> <!-- stack-trace -->
                </div> <!-- method-content -->
              </div> <!-- method -->
              <div class="method">
                <div class="method-content">
                  <a name="testCtg(1.0472, 0.5774)">
                  </a> <!-- testCtg(1.0472, 0.5774) -->
                  <span class="method-name">testCtg</span>
                  <span class="parameters">(1.0472, 0.5774)</span>
                  <div class="stack-trace">java.lang.AssertionError: expected [0.5774] but found [0.7807153915783637]
	at org.testng.Assert.fail(Assert.java:93)
	at org.testng.Assert.failNotEquals(Assert.java:512)
	at org.testng.Assert.assertEqualsImpl(Assert.java:134)
	at org.testng.Assert.assertEquals(Assert.java:115)
	at org.testng.Assert.assertEquals(Assert.java:178)
	at by.epam.atmentoring.unittest.CalculatorTestCtg.testCtg(CalculatorTestCtg.java:20)
	at sun.reflect.NativeMethodAccessorImpl.invoke0(Native Method)
	at sun.reflect.NativeMethodAccessorImpl.invoke(Unknown Source)
	at sun.reflect.DelegatingMethodAccessorImpl.invoke(Unknown Source)
	at java.lang.reflect.Method.invoke(Unknown Source)
	at org.testng.internal.MethodInvocationHelper.invokeMethod(MethodInvocationHelper.java:108)
	at org.testng.internal.Invoker.invokeMethod(Invoker.java:661)
	at org.testng.internal.Invoker.invokeTestMethod(Invoker.java:869)
	at org.testng.internal.Invoker.invokeTestMethods(Invoker.java:1193)
	at org.testng.internal.TestMethodWorker.invokeTestMethods(TestMethodWorker.java:126)
	at org.testng.internal.TestMethodWorker.run(TestMethodWorker.java:109)
	at org.testng.TestRunner.privateRun(TestRunner.java:744)
	at org.testng.TestRunner.run(TestRunner.java:602)
	at org.testng.SuiteRunner.runTest(SuiteRunner.java:380)
	at org.testng.SuiteRunner.access$000(SuiteRunner.java:39)
	at org.testng.SuiteRunner$SuiteWorker.run(SuiteRunner.java:414)
	at org.testng.internal.thread.ThreadUtil$1.call(ThreadUtil.java:52)
	at java.util.concurrent.FutureTask.run(Unknown Source)
	at java.util.concurrent.ThreadPoolExecutor.runWorker(Unknown Source)
	at java.util.concurrent.ThreadPoolExecutor$Worker.run(Unknown Source)
	at java.lang.Thread.run(Unknown Source)

</div> <!-- stack-trace -->
                </div> <!-- method-content -->
              </div> <!-- method -->
              <div class="method">
                <div class="method-content">
                  <a name="testCtg(-6.2832, Infinity)">
                  </a> <!-- testCtg(-6.2832, Infinity) -->
                  <span class="method-name">testCtg</span>
                  <span class="parameters">(-6.2832, Infinity)</span>
                  <div class="stack-trace">java.lang.AssertionError: expected [Infinity] but found [-0.9999930255445617]
	at org.testng.Assert.fail(Assert.java:93)
	at org.testng.Assert.failNotEquals(Assert.java:512)
	at org.testng.Assert.assertEqualsImpl(Assert.java:134)
	at org.testng.Assert.assertEquals(Assert.java:115)
	at org.testng.Assert.assertEquals(Assert.java:178)
	at by.epam.atmentoring.unittest.CalculatorTestCtg.testCtg(CalculatorTestCtg.java:20)
	at sun.reflect.NativeMethodAccessorImpl.invoke0(Native Method)
	at sun.reflect.NativeMethodAccessorImpl.invoke(Unknown Source)
	at sun.reflect.DelegatingMethodAccessorImpl.invoke(Unknown Source)
	at java.lang.reflect.Method.invoke(Unknown Source)
	at org.testng.internal.MethodInvocationHelper.invokeMethod(MethodInvocationHelper.java:108)
	at org.testng.internal.Invoker.invokeMethod(Invoker.java:661)
	at org.testng.internal.Invoker.invokeTestMethod(Invoker.java:869)
	at org.testng.internal.Invoker.invokeTestMethods(Invoker.java:1193)
	at org.testng.internal.TestMethodWorker.invokeTestMethods(TestMethodWorker.java:126)
	at org.testng.internal.TestMethodWorker.run(TestMethodWorker.java:109)
	at org.testng.TestRunner.privateRun(TestRunner.java:744)
	at org.testng.TestRunner.run(TestRunner.java:602)
	at org.testng.SuiteRunner.runTest(SuiteRunner.java:380)
	at org.testng.SuiteRunner.access$000(SuiteRunner.java:39)
	at org.testng.SuiteRunner$SuiteWorker.run(SuiteRunner.java:414)
	at org.testng.internal.thread.ThreadUtil$1.call(ThreadUtil.java:52)
	at java.util.concurrent.FutureTask.run(Unknown Source)
	at java.util.concurrent.ThreadPoolExecutor.runWorker(Unknown Source)
	at java.util.concurrent.ThreadPoolExecutor$Worker.run(Unknown Source)
	at java.lang.Thread.run(Unknown Source)

</div> <!-- stack-trace -->
                </div> <!-- method-content -->
              </div> <!-- method -->
            </div> <!-- main-panel-content rounded-window-bottom -->
          </div> <!-- suite-CalculatorTestSuite-class-failed -->
          <div class="suite-CalculatorTestSuite-class-failed">
            <div class="main-panel-header rounded-window-top">
              <img src="failed.png"/>
              <span class="class-name">by.epam.atmentoring.unittest.CalculatorTestSqrt</span>
            </div> <!-- main-panel-header rounded-window-top -->
            <div class="main-panel-content rounded-window-bottom">
              <div class="method">
                <div class="method-content">
                  <a name="testSqrt(-1.0)">
                  </a> <!-- testSqrt(-1.0) -->
                  <span class="method-name">testSqrt</span>
                  <span class="parameters">(-1.0)</span>
                  <div class="stack-trace">org.testng.TestException: 
Method CalculatorTestSqrt.testSqrt(double)[pri:0, instance:by.epam.atmentoring.unittest.CalculatorTestSqrt@46d56d67] should have thrown an exception of type class java.lang.NumberFormatException
	at org.testng.internal.ExpectedExceptionsHolder.noException(ExpectedExceptionsHolder.java:89)
	at org.testng.internal.Invoker.handleInvocationResults(Invoker.java:1416)
	at org.testng.internal.Invoker.invokeMethod(Invoker.java:695)
	at org.testng.internal.Invoker.invokeTestMethod(Invoker.java:869)
	at org.testng.internal.Invoker.invokeTestMethods(Invoker.java:1193)
	at org.testng.internal.TestMethodWorker.invokeTestMethods(TestMethodWorker.java:126)
	at org.testng.internal.TestMethodWorker.run(TestMethodWorker.java:109)
	at org.testng.TestRunner.privateRun(TestRunner.java:744)
	at org.testng.TestRunner.run(TestRunner.java:602)
	at org.testng.SuiteRunner.runTest(SuiteRunner.java:380)
	at org.testng.SuiteRunner.access$000(SuiteRunner.java:39)
	at org.testng.SuiteRunner$SuiteWorker.run(SuiteRunner.java:414)
	at org.testng.internal.thread.ThreadUtil$1.call(ThreadUtil.java:52)
	at java.util.concurrent.FutureTask.run(Unknown Source)
	at java.util.concurrent.ThreadPoolExecutor.runWorker(Unknown Source)
	at java.util.concurrent.ThreadPoolExecutor$Worker.run(Unknown Source)
	at java.lang.Thread.run(Unknown Source)

</div> <!-- stack-trace -->
                </div> <!-- method-content -->
              </div> <!-- method -->
            </div> <!-- main-panel-content rounded-window-bottom -->
          </div> <!-- suite-CalculatorTestSuite-class-failed -->
          <div class="suite-CalculatorTestSuite-class-failed">
            <div class="main-panel-header rounded-window-top">
              <img src="failed.png"/>
              <span class="class-name">by.epam.atmentoring.unittest.CalculatorTestTg</span>
            </div> <!-- main-panel-header rounded-window-top -->
            <div class="main-panel-content rounded-window-bottom">
              <div class="method">
                <div class="method-content">
                  <a name="testTg(0.0175, 0.0175)">
                  </a> <!-- testTg(0.0175, 0.0175) -->
                  <span class="method-name">testTg</span>
                  <span class="parameters">(0.0175, 0.0175)</span>
                  <div class="stack-trace">java.lang.AssertionError: expected [0.0175] but found [1.0]
	at org.testng.Assert.fail(Assert.java:93)
	at org.testng.Assert.failNotEquals(Assert.java:512)
	at org.testng.Assert.assertEqualsImpl(Assert.java:134)
	at org.testng.Assert.assertEquals(Assert.java:115)
	at org.testng.Assert.assertEquals(Assert.java:178)
	at by.epam.atmentoring.unittest.CalculatorTestTg.testTg(CalculatorTestTg.java:20)
	at sun.reflect.NativeMethodAccessorImpl.invoke0(Native Method)
	at sun.reflect.NativeMethodAccessorImpl.invoke(Unknown Source)
	at sun.reflect.DelegatingMethodAccessorImpl.invoke(Unknown Source)
	at java.lang.reflect.Method.invoke(Unknown Source)
	at org.testng.internal.MethodInvocationHelper.invokeMethod(MethodInvocationHelper.java:108)
	at org.testng.internal.Invoker.invokeMethod(Invoker.java:661)
	at org.testng.internal.Invoker.invokeTestMethod(Invoker.java:869)
	at org.testng.internal.Invoker.invokeTestMethods(Invoker.java:1193)
	at org.testng.internal.TestMethodWorker.invokeTestMethods(TestMethodWorker.java:126)
	at org.testng.internal.TestMethodWorker.run(TestMethodWorker.java:109)
	at org.testng.TestRunner.privateRun(TestRunner.java:744)
	at org.testng.TestRunner.run(TestRunner.java:602)
	at org.testng.SuiteRunner.runTest(SuiteRunner.java:380)
	at org.testng.SuiteRunner.access$000(SuiteRunner.java:39)
	at org.testng.SuiteRunner$SuiteWorker.run(SuiteRunner.java:414)
	at org.testng.internal.thread.ThreadUtil$1.call(ThreadUtil.java:52)
	at java.util.concurrent.FutureTask.run(Unknown Source)
	at java.util.concurrent.ThreadPoolExecutor.runWorker(Unknown Source)
	at java.util.concurrent.ThreadPoolExecutor$Worker.run(Unknown Source)
	at java.lang.Thread.run(Unknown Source)

</div> <!-- stack-trace -->
                </div> <!-- method-content -->
              </div> <!-- method -->
              <div class="method">
                <div class="method-content">
                  <a name="testTg(-6.2832, 0.0)">
                  </a> <!-- testTg(-6.2832, 0.0) -->
                  <span class="method-name">testTg</span>
                  <span class="parameters">(-6.2832, 0.0)</span>
                  <div class="stack-trace">java.lang.AssertionError: expected [0.0] but found [1.0]
	at org.testng.Assert.fail(Assert.java:93)
	at org.testng.Assert.failNotEquals(Assert.java:512)
	at org.testng.Assert.assertEqualsImpl(Assert.java:134)
	at org.testng.Assert.assertEquals(Assert.java:115)
	at org.testng.Assert.assertEquals(Assert.java:178)
	at by.epam.atmentoring.unittest.CalculatorTestTg.testTg(CalculatorTestTg.java:20)
	at sun.reflect.NativeMethodAccessorImpl.invoke0(Native Method)
	at sun.reflect.NativeMethodAccessorImpl.invoke(Unknown Source)
	at sun.reflect.DelegatingMethodAccessorImpl.invoke(Unknown Source)
	at java.lang.reflect.Method.invoke(Unknown Source)
	at org.testng.internal.MethodInvocationHelper.invokeMethod(MethodInvocationHelper.java:108)
	at org.testng.internal.Invoker.invokeMethod(Invoker.java:661)
	at org.testng.internal.Invoker.invokeTestMethod(Invoker.java:869)
	at org.testng.internal.Invoker.invokeTestMethods(Invoker.java:1193)
	at org.testng.internal.TestMethodWorker.invokeTestMethods(TestMethodWorker.java:126)
	at org.testng.internal.TestMethodWorker.run(TestMethodWorker.java:109)
	at org.testng.TestRunner.privateRun(TestRunner.java:744)
	at org.testng.TestRunner.run(TestRunner.java:602)
	at org.testng.SuiteRunner.runTest(SuiteRunner.java:380)
	at org.testng.SuiteRunner.access$000(SuiteRunner.java:39)
	at org.testng.SuiteRunner$SuiteWorker.run(SuiteRunner.java:414)
	at org.testng.internal.thread.ThreadUtil$1.call(ThreadUtil.java:52)
	at java.util.concurrent.FutureTask.run(Unknown Source)
	at java.util.concurrent.ThreadPoolExecutor.runWorker(Unknown Source)
	at java.util.concurrent.ThreadPoolExecutor$Worker.run(Unknown Source)
	at java.lang.Thread.run(Unknown Source)

</div> <!-- stack-trace -->
                </div> <!-- method-content -->
              </div> <!-- method -->
              <div class="method">
                <div class="method-content">
                  <a name="testTg(1.5708, Infinity)">
                  </a> <!-- testTg(1.5708, Infinity) -->
                  <span class="method-name">testTg</span>
                  <span class="parameters">(1.5708, Infinity)</span>
                  <div class="stack-trace">java.lang.AssertionError: expected [Infinity] but found [1.0]
	at org.testng.Assert.fail(Assert.java:93)
	at org.testng.Assert.failNotEquals(Assert.java:512)
	at org.testng.Assert.assertEqualsImpl(Assert.java:134)
	at org.testng.Assert.assertEquals(Assert.java:115)
	at org.testng.Assert.assertEquals(Assert.java:178)
	at by.epam.atmentoring.unittest.CalculatorTestTg.testTg(CalculatorTestTg.java:20)
	at sun.reflect.NativeMethodAccessorImpl.invoke0(Native Method)
	at sun.reflect.NativeMethodAccessorImpl.invoke(Unknown Source)
	at sun.reflect.DelegatingMethodAccessorImpl.invoke(Unknown Source)
	at java.lang.reflect.Method.invoke(Unknown Source)
	at org.testng.internal.MethodInvocationHelper.invokeMethod(MethodInvocationHelper.java:108)
	at org.testng.internal.Invoker.invokeMethod(Invoker.java:661)
	at org.testng.internal.Invoker.invokeTestMethod(Invoker.java:869)
	at org.testng.internal.Invoker.invokeTestMethods(Invoker.java:1193)
	at org.testng.internal.TestMethodWorker.invokeTestMethods(TestMethodWorker.java:126)
	at org.testng.internal.TestMethodWorker.run(TestMethodWorker.java:109)
	at org.testng.TestRunner.privateRun(TestRunner.java:744)
	at org.testng.TestRunner.run(TestRunner.java:602)
	at org.testng.SuiteRunner.runTest(SuiteRunner.java:380)
	at org.testng.SuiteRunner.access$000(SuiteRunner.java:39)
	at org.testng.SuiteRunner$SuiteWorker.run(SuiteRunner.java:414)
	at org.testng.internal.thread.ThreadUtil$1.call(ThreadUtil.java:52)
	at java.util.concurrent.FutureTask.run(Unknown Source)
	at java.util.concurrent.ThreadPoolExecutor.runWorker(Unknown Source)
	at java.util.concurrent.ThreadPoolExecutor$Worker.run(Unknown Source)
	at java.lang.Thread.run(Unknown Source)

</div> <!-- stack-trace -->
                </div> <!-- method-content -->
              </div> <!-- method -->
              <div class="method">
                <div class="method-content">
                  <a name="testTg(3.1416, 0.0)">
                  </a> <!-- testTg(3.1416, 0.0) -->
                  <span class="method-name">testTg</span>
                  <span class="parameters">(3.1416, 0.0)</span>
                  <div class="stack-trace">java.lang.AssertionError: expected [0.0] but found [1.0]
	at org.testng.Assert.fail(Assert.java:93)
	at org.testng.Assert.failNotEquals(Assert.java:512)
	at org.testng.Assert.assertEqualsImpl(Assert.java:134)
	at org.testng.Assert.assertEquals(Assert.java:115)
	at org.testng.Assert.assertEquals(Assert.java:178)
	at by.epam.atmentoring.unittest.CalculatorTestTg.testTg(CalculatorTestTg.java:20)
	at sun.reflect.NativeMethodAccessorImpl.invoke0(Native Method)
	at sun.reflect.NativeMethodAccessorImpl.invoke(Unknown Source)
	at sun.reflect.DelegatingMethodAccessorImpl.invoke(Unknown Source)
	at java.lang.reflect.Method.invoke(Unknown Source)
	at org.testng.internal.MethodInvocationHelper.invokeMethod(MethodInvocationHelper.java:108)
	at org.testng.internal.Invoker.invokeMethod(Invoker.java:661)
	at org.testng.internal.Invoker.invokeTestMethod(Invoker.java:869)
	at org.testng.internal.Invoker.invokeTestMethods(Invoker.java:1193)
	at org.testng.internal.TestMethodWorker.invokeTestMethods(TestMethodWorker.java:126)
	at org.testng.internal.TestMethodWorker.run(TestMethodWorker.java:109)
	at org.testng.TestRunner.privateRun(TestRunner.java:744)
	at org.testng.TestRunner.run(TestRunner.java:602)
	at org.testng.SuiteRunner.runTest(SuiteRunner.java:380)
	at org.testng.SuiteRunner.access$000(SuiteRunner.java:39)
	at org.testng.SuiteRunner$SuiteWorker.run(SuiteRunner.java:414)
	at org.testng.internal.thread.ThreadUtil$1.call(ThreadUtil.java:52)
	at java.util.concurrent.FutureTask.run(Unknown Source)
	at java.util.concurrent.ThreadPoolExecutor.runWorker(Unknown Source)
	at java.util.concurrent.ThreadPoolExecutor$Worker.run(Unknown Source)
	at java.lang.Thread.run(Unknown Source)

</div> <!-- stack-trace -->
                </div> <!-- method-content -->
              </div> <!-- method -->
              <div class="method">
                <div class="method-content">
                  <a name="testTg(4.7997, -11.4301)">
                  </a> <!-- testTg(4.7997, -11.4301) -->
                  <span class="method-name">testTg</span>
                  <span class="parameters">(4.7997, -11.4301)</span>
                  <div class="stack-trace">java.lang.AssertionError: expected [-11.4301] but found [1.0]
	at org.testng.Assert.fail(Assert.java:93)
	at org.testng.Assert.failNotEquals(Assert.java:512)
	at org.testng.Assert.assertEqualsImpl(Assert.java:134)
	at org.testng.Assert.assertEquals(Assert.java:115)
	at org.testng.Assert.assertEquals(Assert.java:178)
	at by.epam.atmentoring.unittest.CalculatorTestTg.testTg(CalculatorTestTg.java:20)
	at sun.reflect.NativeMethodAccessorImpl.invoke0(Native Method)
	at sun.reflect.NativeMethodAccessorImpl.invoke(Unknown Source)
	at sun.reflect.DelegatingMethodAccessorImpl.invoke(Unknown Source)
	at java.lang.reflect.Method.invoke(Unknown Source)
	at org.testng.internal.MethodInvocationHelper.invokeMethod(MethodInvocationHelper.java:108)
	at org.testng.internal.Invoker.invokeMethod(Invoker.java:661)
	at org.testng.internal.Invoker.invokeTestMethod(Invoker.java:869)
	at org.testng.internal.Invoker.invokeTestMethods(Invoker.java:1193)
	at org.testng.internal.TestMethodWorker.invokeTestMethods(TestMethodWorker.java:126)
	at org.testng.internal.TestMethodWorker.run(TestMethodWorker.java:109)
	at org.testng.TestRunner.privateRun(TestRunner.java:744)
	at org.testng.TestRunner.run(TestRunner.java:602)
	at org.testng.SuiteRunner.runTest(SuiteRunner.java:380)
	at org.testng.SuiteRunner.access$000(SuiteRunner.java:39)
	at org.testng.SuiteRunner$SuiteWorker.run(SuiteRunner.java:414)
	at org.testng.internal.thread.ThreadUtil$1.call(ThreadUtil.java:52)
	at java.util.concurrent.FutureTask.run(Unknown Source)
	at java.util.concurrent.ThreadPoolExecutor.runWorker(Unknown Source)
	at java.util.concurrent.ThreadPoolExecutor$Worker.run(Unknown Source)
	at java.lang.Thread.run(Unknown Source)

</div> <!-- stack-trace -->
                </div> <!-- method-content -->
              </div> <!-- method -->
              <div class="method">
                <div class="method-content">
                  <a name="testTg(1.0472, 1.7321)">
                  </a> <!-- testTg(1.0472, 1.7321) -->
                  <span class="method-name">testTg</span>
                  <span class="parameters">(1.0472, 1.7321)</span>
                  <div class="stack-trace">java.lang.AssertionError: expected [1.7321] but found [1.0]
	at org.testng.Assert.fail(Assert.java:93)
	at org.testng.Assert.failNotEquals(Assert.java:512)
	at org.testng.Assert.assertEqualsImpl(Assert.java:134)
	at org.testng.Assert.assertEquals(Assert.java:115)
	at org.testng.Assert.assertEquals(Assert.java:178)
	at by.epam.atmentoring.unittest.CalculatorTestTg.testTg(CalculatorTestTg.java:20)
	at sun.reflect.NativeMethodAccessorImpl.invoke0(Native Method)
	at sun.reflect.NativeMethodAccessorImpl.invoke(Unknown Source)
	at sun.reflect.DelegatingMethodAccessorImpl.invoke(Unknown Source)
	at java.lang.reflect.Method.invoke(Unknown Source)
	at org.testng.internal.MethodInvocationHelper.invokeMethod(MethodInvocationHelper.java:108)
	at org.testng.internal.Invoker.invokeMethod(Invoker.java:661)
	at org.testng.internal.Invoker.invokeTestMethod(Invoker.java:869)
	at org.testng.internal.Invoker.invokeTestMethods(Invoker.java:1193)
	at org.testng.internal.TestMethodWorker.invokeTestMethods(TestMethodWorker.java:126)
	at org.testng.internal.TestMethodWorker.run(TestMethodWorker.java:109)
	at org.testng.TestRunner.privateRun(TestRunner.java:744)
	at org.testng.TestRunner.run(TestRunner.java:602)
	at org.testng.SuiteRunner.runTest(SuiteRunner.java:380)
	at org.testng.SuiteRunner.access$000(SuiteRunner.java:39)
	at org.testng.SuiteRunner$SuiteWorker.run(SuiteRunner.java:414)
	at org.testng.internal.thread.ThreadUtil$1.call(ThreadUtil.java:52)
	at java.util.concurrent.FutureTask.run(Unknown Source)
	at java.util.concurrent.ThreadPoolExecutor.runWorker(Unknown Source)
	at java.util.concurrent.ThreadPoolExecutor$Worker.run(Unknown Source)
	at java.lang.Thread.run(Unknown Source)

</div> <!-- stack-trace -->
                </div> <!-- method-content -->
              </div> <!-- method -->
              <div class="method">
                <div class="method-content">
                  <a name="testTg(6.2832, 0.0)">
                  </a> <!-- testTg(6.2832, 0.0) -->
                  <span class="method-name">testTg</span>
                  <span class="parameters">(6.2832, 0.0)</span>
                  <div class="stack-trace">java.lang.AssertionError: expected [0.0] but found [1.0]
	at org.testng.Assert.fail(Assert.java:93)
	at org.testng.Assert.failNotEquals(Assert.java:512)
	at org.testng.Assert.assertEqualsImpl(Assert.java:134)
	at org.testng.Assert.assertEquals(Assert.java:115)
	at org.testng.Assert.assertEquals(Assert.java:178)
	at by.epam.atmentoring.unittest.CalculatorTestTg.testTg(CalculatorTestTg.java:20)
	at sun.reflect.NativeMethodAccessorImpl.invoke0(Native Method)
	at sun.reflect.NativeMethodAccessorImpl.invoke(Unknown Source)
	at sun.reflect.DelegatingMethodAccessorImpl.invoke(Unknown Source)
	at java.lang.reflect.Method.invoke(Unknown Source)
	at org.testng.internal.MethodInvocationHelper.invokeMethod(MethodInvocationHelper.java:108)
	at org.testng.internal.Invoker.invokeMethod(Invoker.java:661)
	at org.testng.internal.Invoker.invokeTestMethod(Invoker.java:869)
	at org.testng.internal.Invoker.invokeTestMethods(Invoker.java:1193)
	at org.testng.internal.TestMethodWorker.invokeTestMethods(TestMethodWorker.java:126)
	at org.testng.internal.TestMethodWorker.run(TestMethodWorker.java:109)
	at org.testng.TestRunner.privateRun(TestRunner.java:744)
	at org.testng.TestRunner.run(TestRunner.java:602)
	at org.testng.SuiteRunner.runTest(SuiteRunner.java:380)
	at org.testng.SuiteRunner.access$000(SuiteRunner.java:39)
	at org.testng.SuiteRunner$SuiteWorker.run(SuiteRunner.java:414)
	at org.testng.internal.thread.ThreadUtil$1.call(ThreadUtil.java:52)
	at java.util.concurrent.FutureTask.run(Unknown Source)
	at java.util.concurrent.ThreadPoolExecutor.runWorker(Unknown Source)
	at java.util.concurrent.ThreadPoolExecutor$Worker.run(Unknown Source)
	at java.lang.Thread.run(Unknown Source)

</div> <!-- stack-trace -->
                </div> <!-- method-content -->
              </div> <!-- method -->
            </div> <!-- main-panel-content rounded-window-bottom -->
          </div> <!-- suite-CalculatorTestSuite-class-failed -->
          <div class="suite-CalculatorTestSuite-class-failed">
            <div class="main-panel-header rounded-window-top">
              <img src="failed.png"/>
              <span class="class-name">by.epam.atmentoring.unittest.CalculatorTestDiv</span>
            </div> <!-- main-panel-header rounded-window-top -->
            <div class="main-panel-content rounded-window-bottom">
              <div class="method">
                <div class="method-content">
                  <a name="testDiv(1.7976931348623157E308)">
                  </a> <!-- testDiv(1.7976931348623157E308) -->
                  <span class="method-name">testDiv</span>
                  <span class="parameters">(1.7976931348623157E308)</span>
                  <div class="stack-trace">org.testng.TestException: 
Method CalculatorTestDiv.testDiv(double)[pri:0, instance:by.epam.atmentoring.unittest.CalculatorTestDiv@6767c1fc] should have thrown an exception of type class java.lang.NumberFormatException
	at org.testng.internal.ExpectedExceptionsHolder.noException(ExpectedExceptionsHolder.java:89)
	at org.testng.internal.Invoker.handleInvocationResults(Invoker.java:1416)
	at org.testng.internal.Invoker.invokeMethod(Invoker.java:695)
	at org.testng.internal.Invoker.invokeTestMethod(Invoker.java:869)
	at org.testng.internal.Invoker.invokeTestMethods(Invoker.java:1193)
	at org.testng.internal.TestMethodWorker.invokeTestMethods(TestMethodWorker.java:126)
	at org.testng.internal.TestMethodWorker.run(TestMethodWorker.java:109)
	at org.testng.TestRunner.privateRun(TestRunner.java:744)
	at org.testng.TestRunner.run(TestRunner.java:602)
	at org.testng.SuiteRunner.runTest(SuiteRunner.java:380)
	at org.testng.SuiteRunner.access$000(SuiteRunner.java:39)
	at org.testng.SuiteRunner$SuiteWorker.run(SuiteRunner.java:414)
	at org.testng.internal.thread.ThreadUtil$1.call(ThreadUtil.java:52)
	at java.util.concurrent.FutureTask.run(Unknown Source)
	at java.util.concurrent.ThreadPoolExecutor.runWorker(Unknown Source)
	at java.util.concurrent.ThreadPoolExecutor$Worker.run(Unknown Source)
	at java.lang.Thread.run(Unknown Source)

</div> <!-- stack-trace -->
                </div> <!-- method-content -->
              </div> <!-- method -->
              <div class="method">
                <div class="method-content">
                  <a name="testDiv(-1.7976931348623157E308)">
                  </a> <!-- testDiv(-1.7976931348623157E308) -->
                  <span class="method-name">testDiv</span>
                  <span class="parameters">(-1.7976931348623157E308)</span>
                  <div class="stack-trace">org.testng.TestException: 
Method CalculatorTestDiv.testDiv(double)[pri:0, instance:by.epam.atmentoring.unittest.CalculatorTestDiv@6767c1fc] should have thrown an exception of type class java.lang.NumberFormatException
	at org.testng.internal.ExpectedExceptionsHolder.noException(ExpectedExceptionsHolder.java:89)
	at org.testng.internal.Invoker.handleInvocationResults(Invoker.java:1416)
	at org.testng.internal.Invoker.invokeMethod(Invoker.java:695)
	at org.testng.internal.Invoker.invokeTestMethod(Invoker.java:869)
	at org.testng.internal.Invoker.invokeTestMethods(Invoker.java:1193)
	at org.testng.internal.TestMethodWorker.invokeTestMethods(TestMethodWorker.java:126)
	at org.testng.internal.TestMethodWorker.run(TestMethodWorker.java:109)
	at org.testng.TestRunner.privateRun(TestRunner.java:744)
	at org.testng.TestRunner.run(TestRunner.java:602)
	at org.testng.SuiteRunner.runTest(SuiteRunner.java:380)
	at org.testng.SuiteRunner.access$000(SuiteRunner.java:39)
	at org.testng.SuiteRunner$SuiteWorker.run(SuiteRunner.java:414)
	at org.testng.internal.thread.ThreadUtil$1.call(ThreadUtil.java:52)
	at java.util.concurrent.FutureTask.run(Unknown Source)
	at java.util.concurrent.ThreadPoolExecutor.runWorker(Unknown Source)
	at java.util.concurrent.ThreadPoolExecutor$Worker.run(Unknown Source)
	at java.lang.Thread.run(Unknown Source)

</div> <!-- stack-trace -->
                </div> <!-- method-content -->
              </div> <!-- method -->
              <div class="method">
                <div class="method-content">
                  <a name="testDiv(0.0)">
                  </a> <!-- testDiv(0.0) -->
                  <span class="method-name">testDiv</span>
                  <span class="parameters">(0.0)</span>
                  <div class="stack-trace">org.testng.TestException: 
Method CalculatorTestDiv.testDiv(double)[pri:0, instance:by.epam.atmentoring.unittest.CalculatorTestDiv@6767c1fc] should have thrown an exception of type class java.lang.NumberFormatException
	at org.testng.internal.ExpectedExceptionsHolder.noException(ExpectedExceptionsHolder.java:89)
	at org.testng.internal.Invoker.handleInvocationResults(Invoker.java:1416)
	at org.testng.internal.Invoker.invokeMethod(Invoker.java:695)
	at org.testng.internal.Invoker.invokeTestMethod(Invoker.java:869)
	at org.testng.internal.Invoker.invokeTestMethods(Invoker.java:1193)
	at org.testng.internal.TestMethodWorker.invokeTestMethods(TestMethodWorker.java:126)
	at org.testng.internal.TestMethodWorker.run(TestMethodWorker.java:109)
	at org.testng.TestRunner.privateRun(TestRunner.java:744)
	at org.testng.TestRunner.run(TestRunner.java:602)
	at org.testng.SuiteRunner.runTest(SuiteRunner.java:380)
	at org.testng.SuiteRunner.access$000(SuiteRunner.java:39)
	at org.testng.SuiteRunner$SuiteWorker.run(SuiteRunner.java:414)
	at org.testng.internal.thread.ThreadUtil$1.call(ThreadUtil.java:52)
	at java.util.concurrent.FutureTask.run(Unknown Source)
	at java.util.concurrent.ThreadPoolExecutor.runWorker(Unknown Source)
	at java.util.concurrent.ThreadPoolExecutor$Worker.run(Unknown Source)
	at java.lang.Thread.run(Unknown Source)

</div> <!-- stack-trace -->
                </div> <!-- method-content -->
              </div> <!-- method -->
              <div class="method">
                <div class="method-content">
                  <a name="testDiv(-1.0)">
                  </a> <!-- testDiv(-1.0) -->
                  <span class="method-name">testDiv</span>
                  <span class="parameters">(-1.0)</span>
                  <div class="stack-trace">org.testng.TestException: 
Method CalculatorTestDiv.testDiv(double)[pri:0, instance:by.epam.atmentoring.unittest.CalculatorTestDiv@6767c1fc] should have thrown an exception of type class java.lang.NumberFormatException
	at org.testng.internal.ExpectedExceptionsHolder.noException(ExpectedExceptionsHolder.java:89)
	at org.testng.internal.Invoker.handleInvocationResults(Invoker.java:1416)
	at org.testng.internal.Invoker.invokeMethod(Invoker.java:695)
	at org.testng.internal.Invoker.invokeTestMethod(Invoker.java:869)
	at org.testng.internal.Invoker.invokeTestMethods(Invoker.java:1193)
	at org.testng.internal.TestMethodWorker.invokeTestMethods(TestMethodWorker.java:126)
	at org.testng.internal.TestMethodWorker.run(TestMethodWorker.java:109)
	at org.testng.TestRunner.privateRun(TestRunner.java:744)
	at org.testng.TestRunner.run(TestRunner.java:602)
	at org.testng.SuiteRunner.runTest(SuiteRunner.java:380)
	at org.testng.SuiteRunner.access$000(SuiteRunner.java:39)
	at org.testng.SuiteRunner$SuiteWorker.run(SuiteRunner.java:414)
	at org.testng.internal.thread.ThreadUtil$1.call(ThreadUtil.java:52)
	at java.util.concurrent.FutureTask.run(Unknown Source)
	at java.util.concurrent.ThreadPoolExecutor.runWorker(Unknown Source)
	at java.util.concurrent.ThreadPoolExecutor$Worker.run(Unknown Source)
	at java.lang.Thread.run(Unknown Source)

</div> <!-- stack-trace -->
                </div> <!-- method-content -->
              </div> <!-- method -->
              <div class="method">
                <div class="method-content">
                  <a name="testDiv(1.0)">
                  </a> <!-- testDiv(1.0) -->
                  <span class="method-name">testDiv</span>
                  <span class="parameters">(1.0)</span>
                  <div class="stack-trace">org.testng.TestException: 
Method CalculatorTestDiv.testDiv(double)[pri:0, instance:by.epam.atmentoring.unittest.CalculatorTestDiv@6767c1fc] should have thrown an exception of type class java.lang.NumberFormatException
	at org.testng.internal.ExpectedExceptionsHolder.noException(ExpectedExceptionsHolder.java:89)
	at org.testng.internal.Invoker.handleInvocationResults(Invoker.java:1416)
	at org.testng.internal.Invoker.invokeMethod(Invoker.java:695)
	at org.testng.internal.Invoker.invokeTestMethod(Invoker.java:869)
	at org.testng.internal.Invoker.invokeTestMethods(Invoker.java:1193)
	at org.testng.internal.TestMethodWorker.invokeTestMethods(TestMethodWorker.java:126)
	at org.testng.internal.TestMethodWorker.run(TestMethodWorker.java:109)
	at org.testng.TestRunner.privateRun(TestRunner.java:744)
	at org.testng.TestRunner.run(TestRunner.java:602)
	at org.testng.SuiteRunner.runTest(SuiteRunner.java:380)
	at org.testng.SuiteRunner.access$000(SuiteRunner.java:39)
	at org.testng.SuiteRunner$SuiteWorker.run(SuiteRunner.java:414)
	at org.testng.internal.thread.ThreadUtil$1.call(ThreadUtil.java:52)
	at java.util.concurrent.FutureTask.run(Unknown Source)
	at java.util.concurrent.ThreadPoolExecutor.runWorker(Unknown Source)
	at java.util.concurrent.ThreadPoolExecutor$Worker.run(Unknown Source)
	at java.lang.Thread.run(Unknown Source)

</div> <!-- stack-trace -->
                </div> <!-- method-content -->
              </div> <!-- method -->
            </div> <!-- main-panel-content rounded-window-bottom -->
          </div> <!-- suite-CalculatorTestSuite-class-failed -->
          <div class="suite-CalculatorTestSuite-class-passed">
            <div class="main-panel-header rounded-window-top">
              <img src="passed.png"/>
              <span class="class-name">by.epam.atmentoring.unittest.CalculatorTestSum</span>
            </div> <!-- main-panel-header rounded-window-top -->
            <div class="main-panel-content rounded-window-bottom">
              <div class="method">
                <div class="method-content">
                  <a name="testSum(0, -1, -1)">
                  </a> <!-- testSum(0, -1, -1) -->
                  <span class="method-name">testSum</span>
                  <span class="parameters">(0, -1, -1)</span>
                </div> <!-- method-content -->
              </div> <!-- method -->
              <div class="method">
                <div class="method-content">
                  <a name="testSum(0, 0, 0)">
                  </a> <!-- testSum(0, 0, 0) -->
                  <span class="method-name">testSum</span>
                  <span class="parameters">(0, 0, 0)</span>
                </div> <!-- method-content -->
              </div> <!-- method -->
              <div class="method">
                <div class="method-content">
                  <a name="testSum(1.7976931348623157E308, -1, 1.7976931348623157E308)">
                  </a> <!-- testSum(1.7976931348623157E308, -1, 1.7976931348623157E308) -->
                  <span class="method-name">testSum</span>
                  <span class="parameters">(1.7976931348623157E308, -1, 1.7976931348623157E308)</span>
                </div> <!-- method-content -->
              </div> <!-- method -->
              <div class="method">
                <div class="method-content">
                  <a name="testSum(-3, -2, -5)">
                  </a> <!-- testSum(-3, -2, -5) -->
                  <span class="method-name">testSum</span>
                  <span class="parameters">(-3, -2, -5)</span>
                </div> <!-- method-content -->
              </div> <!-- method -->
              <div class="method">
                <div class="method-content">
                  <a name="testSum(-2, 3, 1)">
                  </a> <!-- testSum(-2, 3, 1) -->
                  <span class="method-name">testSum</span>
                  <span class="parameters">(-2, 3, 1)</span>
                </div> <!-- method-content -->
              </div> <!-- method -->
              <div class="method">
                <div class="method-content">
                  <a name="testSum(9223372036854775807, -1, 9223372036854775806)">
                  </a> <!-- testSum(9223372036854775807, -1, 9223372036854775806) -->
                  <span class="method-name">testSum</span>
                  <span class="parameters">(9223372036854775807, -1, 9223372036854775806)</span>
                </div> <!-- method-content -->
              </div> <!-- method -->
              <div class="method">
                <div class="method-content">
                  <a name="testSum(-3, 2, -1)">
                  </a> <!-- testSum(-3, 2, -1) -->
                  <span class="method-name">testSum</span>
                  <span class="parameters">(-3, 2, -1)</span>
                </div> <!-- method-content -->
              </div> <!-- method -->
              <div class="method">
                <div class="method-content">
                  <a name="testSum(-1.7976931348623157E308, 1, -1.7976931348623157E308)">
                  </a> <!-- testSum(-1.7976931348623157E308, 1, -1.7976931348623157E308) -->
                  <span class="method-name">testSum</span>
                  <span class="parameters">(-1.7976931348623157E308, 1, -1.7976931348623157E308)</span>
                </div> <!-- method-content -->
              </div> <!-- method -->
              <div class="method">
                <div class="method-content">
                  <a name="testSum(1.5, 1.5, 3.0)">
                  </a> <!-- testSum(1.5, 1.5, 3.0) -->
                  <span class="method-name">testSum</span>
                  <span class="parameters">(1.5, 1.5, 3.0)</span>
                </div> <!-- method-content -->
              </div> <!-- method -->
              <div class="method">
                <div class="method-content">
                  <a name="testSum(0.1, 1.01, 1.11)">
                  </a> <!-- testSum(0.1, 1.01, 1.11) -->
                  <span class="method-name">testSum</span>
                  <span class="parameters">(0.1, 1.01, 1.11)</span>
                </div> <!-- method-content -->
              </div> <!-- method -->
              <div class="method">
                <div class="method-content">
                  <a name="testSum(-9223372036854775808, 1, -9223372036854775807)">
                  </a> <!-- testSum(-9223372036854775808, 1, -9223372036854775807) -->
                  <span class="method-name">testSum</span>
                  <span class="parameters">(-9223372036854775808, 1, -9223372036854775807)</span>
                </div> <!-- method-content -->
              </div> <!-- method -->
              <div class="method">
                <div class="method-content">
                  <a name="testSum(0, 1, 1)">
                  </a> <!-- testSum(0, 1, 1) -->
                  <span class="method-name">testSum</span>
                  <span class="parameters">(0, 1, 1)</span>
                </div> <!-- method-content -->
              </div> <!-- method -->
              <div class="method">
                <div class="method-content">
                  <a name="testSum(2, 3, 5)">
                  </a> <!-- testSum(2, 3, 5) -->
                  <span class="method-name">testSum</span>
                  <span class="parameters">(2, 3, 5)</span>
                </div> <!-- method-content -->
              </div> <!-- method -->
              <div class="method">
                <div class="method-content">
                  <a name="testSum(-1.5, 1.5, 0)">
                  </a> <!-- testSum(-1.5, 1.5, 0) -->
                  <span class="method-name">testSum</span>
                  <span class="parameters">(-1.5, 1.5, 0)</span>
                </div> <!-- method-content -->
              </div> <!-- method -->
            </div> <!-- main-panel-content rounded-window-bottom -->
          </div> <!-- suite-CalculatorTestSuite-class-passed -->
          <div class="suite-CalculatorTestSuite-class-passed">
            <div class="main-panel-header rounded-window-top">
              <img src="passed.png"/>
              <span class="class-name">by.epam.atmentoring.unittest.CalculatorTestIsNegative</span>
            </div> <!-- main-panel-header rounded-window-top -->
            <div class="main-panel-content rounded-window-bottom">
              <div class="method">
                <div class="method-content">
                  <a name="testIsNegative(-1, true)">
                  </a> <!-- testIsNegative(-1, true) -->
                  <span class="method-name">testIsNegative</span>
                  <span class="parameters">(-1, true)</span>
                </div> <!-- method-content -->
              </div> <!-- method -->
              <div class="method">
                <div class="method-content">
                  <a name="testIsNegative(1, false)">
                  </a> <!-- testIsNegative(1, false) -->
                  <span class="method-name">testIsNegative</span>
                  <span class="parameters">(1, false)</span>
                </div> <!-- method-content -->
              </div> <!-- method -->
              <div class="method">
                <div class="method-content">
                  <a name="testIsNegative(0, false)">
                  </a> <!-- testIsNegative(0, false) -->
                  <span class="method-name">testIsNegative</span>
                  <span class="parameters">(0, false)</span>
                </div> <!-- method-content -->
              </div> <!-- method -->
              <div class="method">
                <div class="method-content">
                  <a name="testIsNegative(-9223372036854775808, true)">
                  </a> <!-- testIsNegative(-9223372036854775808, true) -->
                  <span class="method-name">testIsNegative</span>
                  <span class="parameters">(-9223372036854775808, true)</span>
                </div> <!-- method-content -->
              </div> <!-- method -->
              <div class="method">
                <div class="method-content">
                  <a name="testIsNegative(9223372036854775807, false)">
                  </a> <!-- testIsNegative(9223372036854775807, false) -->
                  <span class="method-name">testIsNegative</span>
                  <span class="parameters">(9223372036854775807, false)</span>
                </div> <!-- method-content -->
              </div> <!-- method -->
            </div> <!-- main-panel-content rounded-window-bottom -->
          </div> <!-- suite-CalculatorTestSuite-class-passed -->
          <div class="suite-CalculatorTestSuite-class-passed">
            <div class="main-panel-header rounded-window-top">
              <img src="passed.png"/>
              <span class="class-name">by.epam.atmentoring.unittest.CalculatorTestSub</span>
            </div> <!-- main-panel-header rounded-window-top -->
            <div class="main-panel-content rounded-window-bottom">
              <div class="method">
                <div class="method-content">
                  <a name="testSub(-9223372036854775808, -1, -9223372036854775807)">
                  </a> <!-- testSub(-9223372036854775808, -1, -9223372036854775807) -->
                  <span class="method-name">testSub</span>
                  <span class="parameters">(-9223372036854775808, -1, -9223372036854775807)</span>
                </div> <!-- method-content -->
              </div> <!-- method -->
              <div class="method">
                <div class="method-content">
                  <a name="testSub(-1.5, 1.5, -3.0)">
                  </a> <!-- testSub(-1.5, 1.5, -3.0) -->
                  <span class="method-name">testSub</span>
                  <span class="parameters">(-1.5, 1.5, -3.0)</span>
                </div> <!-- method-content -->
              </div> <!-- method -->
              <div class="method">
                <div class="method-content">
                  <a name="testSub(0, 0, 0)">
                  </a> <!-- testSub(0, 0, 0) -->
                  <span class="method-name">testSub</span>
                  <span class="parameters">(0, 0, 0)</span>
                </div> <!-- method-content -->
              </div> <!-- method -->
              <div class="method">
                <div class="method-content">
                  <a name="testSub(0.1, 1.01, -0.91)">
                  </a> <!-- testSub(0.1, 1.01, -0.91) -->
                  <span class="method-name">testSub</span>
                  <span class="parameters">(0.1, 1.01, -0.91)</span>
                </div> <!-- method-content -->
              </div> <!-- method -->
              <div class="method">
                <div class="method-content">
                  <a name="testSub(9223372036854775807, 1, 9223372036854775806)">
                  </a> <!-- testSub(9223372036854775807, 1, 9223372036854775806) -->
                  <span class="method-name">testSub</span>
                  <span class="parameters">(9223372036854775807, 1, 9223372036854775806)</span>
                </div> <!-- method-content -->
              </div> <!-- method -->
              <div class="method">
                <div class="method-content">
                  <a name="testSub(0, -1, 1)">
                  </a> <!-- testSub(0, -1, 1) -->
                  <span class="method-name">testSub</span>
                  <span class="parameters">(0, -1, 1)</span>
                </div> <!-- method-content -->
              </div> <!-- method -->
              <div class="method">
                <div class="method-content">
                  <a name="testSub(-3, -2, -1)">
                  </a> <!-- testSub(-3, -2, -1) -->
                  <span class="method-name">testSub</span>
                  <span class="parameters">(-3, -2, -1)</span>
                </div> <!-- method-content -->
              </div> <!-- method -->
              <div class="method">
                <div class="method-content">
                  <a name="testSub(0, 1, -1)">
                  </a> <!-- testSub(0, 1, -1) -->
                  <span class="method-name">testSub</span>
                  <span class="parameters">(0, 1, -1)</span>
                </div> <!-- method-content -->
              </div> <!-- method -->
              <div class="method">
                <div class="method-content">
                  <a name="testSub(-1.7976931348623157E308, -1, -1.7976931348623157E308)">
                  </a> <!-- testSub(-1.7976931348623157E308, -1, -1.7976931348623157E308) -->
                  <span class="method-name">testSub</span>
                  <span class="parameters">(-1.7976931348623157E308, -1, -1.7976931348623157E308)</span>
                </div> <!-- method-content -->
              </div> <!-- method -->
              <div class="method">
                <div class="method-content">
                  <a name="testSub(1.7976931348623157E308, 1, 1.7976931348623157E308)">
                  </a> <!-- testSub(1.7976931348623157E308, 1, 1.7976931348623157E308) -->
                  <span class="method-name">testSub</span>
                  <span class="parameters">(1.7976931348623157E308, 1, 1.7976931348623157E308)</span>
                </div> <!-- method-content -->
              </div> <!-- method -->
              <div class="method">
                <div class="method-content">
                  <a name="testSub(-2, 3, -5)">
                  </a> <!-- testSub(-2, 3, -5) -->
                  <span class="method-name">testSub</span>
                  <span class="parameters">(-2, 3, -5)</span>
                </div> <!-- method-content -->
              </div> <!-- method -->
              <div class="method">
                <div class="method-content">
                  <a name="testSub(2, 3, -1)">
                  </a> <!-- testSub(2, 3, -1) -->
                  <span class="method-name">testSub</span>
                  <span class="parameters">(2, 3, -1)</span>
                </div> <!-- method-content -->
              </div> <!-- method -->
              <div class="method">
                <div class="method-content">
                  <a name="testSub(-3, 2, -5)">
                  </a> <!-- testSub(-3, 2, -5) -->
                  <span class="method-name">testSub</span>
                  <span class="parameters">(-3, 2, -5)</span>
                </div> <!-- method-content -->
              </div> <!-- method -->
              <div class="method">
                <div class="method-content">
                  <a name="testSub(1.5, 1.5, 0.0)">
                  </a> <!-- testSub(1.5, 1.5, 0.0) -->
                  <span class="method-name">testSub</span>
                  <span class="parameters">(1.5, 1.5, 0.0)</span>
                </div> <!-- method-content -->
              </div> <!-- method -->
            </div> <!-- main-panel-content rounded-window-bottom -->
          </div> <!-- suite-CalculatorTestSuite-class-passed -->
          <div class="suite-CalculatorTestSuite-class-passed">
            <div class="main-panel-header rounded-window-top">
              <img src="passed.png"/>
              <span class="class-name">by.epam.atmentoring.unittest.CalculatorTestMult</span>
            </div> <!-- main-panel-header rounded-window-top -->
            <div class="main-panel-content rounded-window-bottom">
              <div class="method">
                <div class="method-content">
                  <a name="testMult(1, 0, 0)">
                  </a> <!-- testMult(1, 0, 0) -->
                  <span class="method-name">testMult</span>
                  <span class="parameters">(1, 0, 0)</span>
                </div> <!-- method-content -->
              </div> <!-- method -->
              <div class="method">
                <div class="method-content">
                  <a name="testMult(-1, 1, -1)">
                  </a> <!-- testMult(-1, 1, -1) -->
                  <span class="method-name">testMult</span>
                  <span class="parameters">(-1, 1, -1)</span>
                </div> <!-- method-content -->
              </div> <!-- method -->
              <div class="method">
                <div class="method-content">
                  <a name="testMult(1, 1, 1)">
                  </a> <!-- testMult(1, 1, 1) -->
                  <span class="method-name">testMult</span>
                  <span class="parameters">(1, 1, 1)</span>
                </div> <!-- method-content -->
              </div> <!-- method -->
              <div class="method">
                <div class="method-content">
                  <a name="testMult(-1, 10, -10)">
                  </a> <!-- testMult(-1, 10, -10) -->
                  <span class="method-name">testMult</span>
                  <span class="parameters">(-1, 10, -10)</span>
                </div> <!-- method-content -->
              </div> <!-- method -->
              <div class="method">
                <div class="method-content">
                  <a name="testMult(1.5, 0.0, 0.0)">
                  </a> <!-- testMult(1.5, 0.0, 0.0) -->
                  <span class="method-name">testMult</span>
                  <span class="parameters">(1.5, 0.0, 0.0)</span>
                </div> <!-- method-content -->
              </div> <!-- method -->
              <div class="method">
                <div class="method-content">
                  <a name="testMult(0.0, 1.5, 0.0)">
                  </a> <!-- testMult(0.0, 1.5, 0.0) -->
                  <span class="method-name">testMult</span>
                  <span class="parameters">(0.0, 1.5, 0.0)</span>
                </div> <!-- method-content -->
              </div> <!-- method -->
              <div class="method">
                <div class="method-content">
                  <a name="testMult(1, 10, 10)">
                  </a> <!-- testMult(1, 10, 10) -->
                  <span class="method-name">testMult</span>
                  <span class="parameters">(1, 10, 10)</span>
                </div> <!-- method-content -->
              </div> <!-- method -->
            </div> <!-- main-panel-content rounded-window-bottom -->
          </div> <!-- suite-CalculatorTestSuite-class-passed -->
          <div class="suite-CalculatorTestSuite-class-passed">
            <div class="main-panel-header rounded-window-top">
              <img src="passed.png"/>
              <span class="class-name">by.epam.atmentoring.unittest.CalculatorTestIsPositive</span>
            </div> <!-- main-panel-header rounded-window-top -->
            <div class="main-panel-content rounded-window-bottom">
              <div class="method">
                <div class="method-content">
                  <a name="testIsPositive(-9223372036854775808, false)">
                  </a> <!-- testIsPositive(-9223372036854775808, false) -->
                  <span class="method-name">testIsPositive</span>
                  <span class="parameters">(-9223372036854775808, false)</span>
                </div> <!-- method-content -->
              </div> <!-- method -->
              <div class="method">
                <div class="method-content">
                  <a name="testIsPositive(9223372036854775807, true)">
                  </a> <!-- testIsPositive(9223372036854775807, true) -->
                  <span class="method-name">testIsPositive</span>
                  <span class="parameters">(9223372036854775807, true)</span>
                </div> <!-- method-content -->
              </div> <!-- method -->
              <div class="method">
                <div class="method-content">
                  <a name="testIsPositive(-1, false)">
                  </a> <!-- testIsPositive(-1, false) -->
                  <span class="method-name">testIsPositive</span>
                  <span class="parameters">(-1, false)</span>
                </div> <!-- method-content -->
              </div> <!-- method -->
              <div class="method">
                <div class="method-content">
                  <a name="testIsPositive(0, false)">
                  </a> <!-- testIsPositive(0, false) -->
                  <span class="method-name">testIsPositive</span>
                  <span class="parameters">(0, false)</span>
                </div> <!-- method-content -->
              </div> <!-- method -->
              <div class="method">
                <div class="method-content">
                  <a name="testIsPositive(1, true)">
                  </a> <!-- testIsPositive(1, true) -->
                  <span class="method-name">testIsPositive</span>
                  <span class="parameters">(1, true)</span>
                </div> <!-- method-content -->
              </div> <!-- method -->
            </div> <!-- main-panel-content rounded-window-bottom -->
          </div> <!-- suite-CalculatorTestSuite-class-passed -->
          <div class="suite-CalculatorTestSuite-class-passed">
            <div class="main-panel-header rounded-window-top">
              <img src="passed.png"/>
              <span class="class-name">by.epam.atmentoring.unittest.CalculatorTestPow</span>
            </div> <!-- main-panel-header rounded-window-top -->
            <div class="main-panel-content rounded-window-bottom">
              <div class="method">
                <div class="method-content">
                  <a name="testPow(-2.0, 2.0, 4.0)">
                  </a> <!-- testPow(-2.0, 2.0, 4.0) -->
                  <span class="method-name">testPow</span>
                  <span class="parameters">(-2.0, 2.0, 4.0)</span>
                </div> <!-- method-content -->
              </div> <!-- method -->
              <div class="method">
                <div class="method-content">
                  <a name="testPow(-2.0, 1.0, -2.0)">
                  </a> <!-- testPow(-2.0, 1.0, -2.0) -->
                  <span class="method-name">testPow</span>
                  <span class="parameters">(-2.0, 1.0, -2.0)</span>
                </div> <!-- method-content -->
              </div> <!-- method -->
              <div class="method">
                <div class="method-content">
                  <a name="testPow(-2.0, 0.0, 1.0)">
                  </a> <!-- testPow(-2.0, 0.0, 1.0) -->
                  <span class="method-name">testPow</span>
                  <span class="parameters">(-2.0, 0.0, 1.0)</span>
                </div> <!-- method-content -->
              </div> <!-- method -->
              <div class="method">
                <div class="method-content">
                  <a name="testPow(2.0, 1.0, 2.0)">
                  </a> <!-- testPow(2.0, 1.0, 2.0) -->
                  <span class="method-name">testPow</span>
                  <span class="parameters">(2.0, 1.0, 2.0)</span>
                </div> <!-- method-content -->
              </div> <!-- method -->
              <div class="method">
                <div class="method-content">
                  <a name="testPow(2.0, 2.0, 4.0)">
                  </a> <!-- testPow(2.0, 2.0, 4.0) -->
                  <span class="method-name">testPow</span>
                  <span class="parameters">(2.0, 2.0, 4.0)</span>
                </div> <!-- method-content -->
              </div> <!-- method -->
              <div class="method">
                <div class="method-content">
                  <a name="testPow(2.0, -1.0, 0.5)">
                  </a> <!-- testPow(2.0, -1.0, 0.5) -->
                  <span class="method-name">testPow</span>
                  <span class="parameters">(2.0, -1.0, 0.5)</span>
                </div> <!-- method-content -->
              </div> <!-- method -->
              <div class="method">
                <div class="method-content">
                  <a name="testPow(2.0, 0.0, 1.0)">
                  </a> <!-- testPow(2.0, 0.0, 1.0) -->
                  <span class="method-name">testPow</span>
                  <span class="parameters">(2.0, 0.0, 1.0)</span>
                </div> <!-- method-content -->
              </div> <!-- method -->
            </div> <!-- main-panel-content rounded-window-bottom -->
          </div> <!-- suite-CalculatorTestSuite-class-passed -->
          <div class="suite-CalculatorTestSuite-class-passed">
            <div class="main-panel-header rounded-window-top">
              <img src="passed.png"/>
              <span class="class-name">by.epam.atmentoring.unittest.CalculatorTestSqrt</span>
            </div> <!-- main-panel-header rounded-window-top -->
            <div class="main-panel-content rounded-window-bottom">
              <div class="method">
                <div class="method-content">
                  <a name="testSqrt(10.0, 3.1622776601683795)">
                  </a> <!-- testSqrt(10.0, 3.1622776601683795) -->
                  <span class="method-name">testSqrt</span>
                  <span class="parameters">(10.0, 3.1622776601683795)</span>
                </div> <!-- method-content -->
              </div> <!-- method -->
              <div class="method">
                <div class="method-content">
                  <a name="testSqrt(2.25, 1.5)">
                  </a> <!-- testSqrt(2.25, 1.5) -->
                  <span class="method-name">testSqrt</span>
                  <span class="parameters">(2.25, 1.5)</span>
                </div> <!-- method-content -->
              </div> <!-- method -->
              <div class="method">
                <div class="method-content">
                  <a name="testSqrt(225.0, 15.0)">
                  </a> <!-- testSqrt(225.0, 15.0) -->
                  <span class="method-name">testSqrt</span>
                  <span class="parameters">(225.0, 15.0)</span>
                </div> <!-- method-content -->
              </div> <!-- method -->
              <div class="method">
                <div class="method-content">
                  <a name="testSqrt(1.0, 1.0)">
                  </a> <!-- testSqrt(1.0, 1.0) -->
                  <span class="method-name">testSqrt</span>
                  <span class="parameters">(1.0, 1.0)</span>
                </div> <!-- method-content -->
              </div> <!-- method -->
              <div class="method">
                <div class="method-content">
                  <a name="testSqrt(0.0, 0.0)">
                  </a> <!-- testSqrt(0.0, 0.0) -->
                  <span class="method-name">testSqrt</span>
                  <span class="parameters">(0.0, 0.0)</span>
                </div> <!-- method-content -->
              </div> <!-- method -->
            </div> <!-- main-panel-content rounded-window-bottom -->
          </div> <!-- suite-CalculatorTestSuite-class-passed -->
          <div class="suite-CalculatorTestSuite-class-passed">
            <div class="main-panel-header rounded-window-top">
              <img src="passed.png"/>
              <span class="class-name">by.epam.atmentoring.unittest.CalculatorTestDiv</span>
            </div> <!-- main-panel-header rounded-window-top -->
            <div class="main-panel-content rounded-window-bottom">
              <div class="method">
                <div class="method-content">
                  <a name="testDiv(1, 3, 0)">
                  </a> <!-- testDiv(1, 3, 0) -->
                  <span class="method-name">testDiv</span>
                  <span class="parameters">(1, 3, 0)</span>
                </div> <!-- method-content -->
              </div> <!-- method -->
              <div class="method">
                <div class="method-content">
                  <a name="testDiv(9223372036854775807)">
                  </a> <!-- testDiv(9223372036854775807) -->
                  <span class="method-name">testDiv</span>
                  <span class="parameters">(9223372036854775807)</span>
                </div> <!-- method-content -->
              </div> <!-- method -->
              <div class="method">
                <div class="method-content">
                  <a name="testDiv(1.1, 0.1, 11)">
                  </a> <!-- testDiv(1.1, 0.1, 11) -->
                  <span class="method-name">testDiv</span>
                  <span class="parameters">(1.1, 0.1, 11)</span>
                </div> <!-- method-content -->
              </div> <!-- method -->
              <div class="method">
                <div class="method-content">
                  <a name="testDiv(0)">
                  </a> <!-- testDiv(0) -->
                  <span class="method-name">testDiv</span>
                  <span class="parameters">(0)</span>
                </div> <!-- method-content -->
              </div> <!-- method -->
              <div class="method">
                <div class="method-content">
                  <a name="testDiv(0.0, 123.45678, 0)">
                  </a> <!-- testDiv(0.0, 123.45678, 0) -->
                  <span class="method-name">testDiv</span>
                  <span class="parameters">(0.0, 123.45678, 0)</span>
                </div> <!-- method-content -->
              </div> <!-- method -->
              <div class="method">
                <div class="method-content">
                  <a name="testDiv(-9223372036854775808, 2, -4611686018427387904)">
                  </a> <!-- testDiv(-9223372036854775808, 2, -4611686018427387904) -->
                  <span class="method-name">testDiv</span>
                  <span class="parameters">(-9223372036854775808, 2, -4611686018427387904)</span>
                </div> <!-- method-content -->
              </div> <!-- method -->
              <div class="method">
                <div class="method-content">
                  <a name="testDiv(10, 3, 3)">
                  </a> <!-- testDiv(10, 3, 3) -->
                  <span class="method-name">testDiv</span>
                  <span class="parameters">(10, 3, 3)</span>
                </div> <!-- method-content -->
              </div> <!-- method -->
              <div class="method">
                <div class="method-content">
                  <a name="testDiv(10, 3, 3.3333333333333335)">
                  </a> <!-- testDiv(10, 3, 3.3333333333333335) -->
                  <span class="method-name">testDiv</span>
                  <span class="parameters">(10, 3, 3.3333333333333335)</span>
                </div> <!-- method-content -->
              </div> <!-- method -->
              <div class="method">
                <div class="method-content">
                  <a name="testDiv(225, 15, 15)">
                  </a> <!-- testDiv(225, 15, 15) -->
                  <span class="method-name">testDiv</span>
                  <span class="parameters">(225, 15, 15)</span>
                </div> <!-- method-content -->
              </div> <!-- method -->
              <div class="method">
                <div class="method-content">
                  <a name="testDiv(-9223372036854775808)">
                  </a> <!-- testDiv(-9223372036854775808) -->
                  <span class="method-name">testDiv</span>
                  <span class="parameters">(-9223372036854775808)</span>
                </div> <!-- method-content -->
              </div> <!-- method -->
              <div class="method">
                <div class="method-content">
                  <a name="testDiv(1)">
                  </a> <!-- testDiv(1) -->
                  <span class="method-name">testDiv</span>
                  <span class="parameters">(1)</span>
                </div> <!-- method-content -->
              </div> <!-- method -->
              <div class="method">
                <div class="method-content">
                  <a name="testDiv(0, 10, 0)">
                  </a> <!-- testDiv(0, 10, 0) -->
                  <span class="method-name">testDiv</span>
                  <span class="parameters">(0, 10, 0)</span>
                </div> <!-- method-content -->
              </div> <!-- method -->
              <div class="method">
                <div class="method-content">
                  <a name="testDiv(1.7976931348623157E308, 2, 8.988465674311579E307)">
                  </a> <!-- testDiv(1.7976931348623157E308, 2, 8.988465674311579E307) -->
                  <span class="method-name">testDiv</span>
                  <span class="parameters">(1.7976931348623157E308, 2, 8.988465674311579E307)</span>
                </div> <!-- method-content -->
              </div> <!-- method -->
              <div class="method">
                <div class="method-content">
                  <a name="testDiv(-1.7976931348623157E308, -2, 8.988465674311579E307)">
                  </a> <!-- testDiv(-1.7976931348623157E308, -2, 8.988465674311579E307) -->
                  <span class="method-name">testDiv</span>
                  <span class="parameters">(-1.7976931348623157E308, -2, 8.988465674311579E307)</span>
                </div> <!-- method-content -->
              </div> <!-- method -->
              <div class="method">
                <div class="method-content">
                  <a name="testDiv(-1)">
                  </a> <!-- testDiv(-1) -->
                  <span class="method-name">testDiv</span>
                  <span class="parameters">(-1)</span>
                </div> <!-- method-content -->
              </div> <!-- method -->
              <div class="method">
                <div class="method-content">
                  <a name="testDiv(9223372036854775807, 2, 4611686018427387903)">
                  </a> <!-- testDiv(9223372036854775807, 2, 4611686018427387903) -->
                  <span class="method-name">testDiv</span>
                  <span class="parameters">(9223372036854775807, 2, 4611686018427387903)</span>
                </div> <!-- method-content -->
              </div> <!-- method -->
              <div class="method">
                <div class="method-content">
                  <a name="testDiv(-5.1, 2.0, -2.55)">
                  </a> <!-- testDiv(-5.1, 2.0, -2.55) -->
                  <span class="method-name">testDiv</span>
                  <span class="parameters">(-5.1, 2.0, -2.55)</span>
                </div> <!-- method-content -->
              </div> <!-- method -->
              <div class="method">
                <div class="method-content">
                  <a name="testDiv(-42, -7, 6)">
                  </a> <!-- testDiv(-42, -7, 6) -->
                  <span class="method-name">testDiv</span>
                  <span class="parameters">(-42, -7, 6)</span>
                </div> <!-- method-content -->
              </div> <!-- method -->
            </div> <!-- main-panel-content rounded-window-bottom -->
          </div> <!-- suite-CalculatorTestSuite-class-passed -->
          <div class="suite-CalculatorTestSuite-class-passed">
            <div class="main-panel-header rounded-window-top">
              <img src="passed.png"/>
              <span class="class-name">by.epam.atmentoring.unittest.CalculatorTestSin</span>
            </div> <!-- main-panel-header rounded-window-top -->
            <div class="main-panel-content rounded-window-bottom">
              <div class="method">
                <div class="method-content">
                  <a name="testSin(6.2832, 0.0)">
                  </a> <!-- testSin(6.2832, 0.0) -->
                  <span class="method-name">testSin</span>
                  <span class="parameters">(6.2832, 0.0)</span>
                </div> <!-- method-content -->
              </div> <!-- method -->
              <div class="method">
                <div class="method-content">
                  <a name="testSin(4.7997, -0.9962)">
                  </a> <!-- testSin(4.7997, -0.9962) -->
                  <span class="method-name">testSin</span>
                  <span class="parameters">(4.7997, -0.9962)</span>
                </div> <!-- method-content -->
              </div> <!-- method -->
              <div class="method">
                <div class="method-content">
                  <a name="testSin(0.0175, 0.0175)">
                  </a> <!-- testSin(0.0175, 0.0175) -->
                  <span class="method-name">testSin</span>
                  <span class="parameters">(0.0175, 0.0175)</span>
                </div> <!-- method-content -->
              </div> <!-- method -->
              <div class="method">
                <div class="method-content">
                  <a name="testSin(1.0472, 0.866)">
                  </a> <!-- testSin(1.0472, 0.866) -->
                  <span class="method-name">testSin</span>
                  <span class="parameters">(1.0472, 0.866)</span>
                </div> <!-- method-content -->
              </div> <!-- method -->
              <div class="method">
                <div class="method-content">
                  <a name="testSin(1.5708, 1.0)">
                  </a> <!-- testSin(1.5708, 1.0) -->
                  <span class="method-name">testSin</span>
                  <span class="parameters">(1.5708, 1.0)</span>
                </div> <!-- method-content -->
              </div> <!-- method -->
              <div class="method">
                <div class="method-content">
                  <a name="testSin(3.1416, 0.0)">
                  </a> <!-- testSin(3.1416, 0.0) -->
                  <span class="method-name">testSin</span>
                  <span class="parameters">(3.1416, 0.0)</span>
                </div> <!-- method-content -->
              </div> <!-- method -->
              <div class="method">
                <div class="method-content">
                  <a name="testSin(-6.2832, 0.0)">
                  </a> <!-- testSin(-6.2832, 0.0) -->
                  <span class="method-name">testSin</span>
                  <span class="parameters">(-6.2832, 0.0)</span>
                </div> <!-- method-content -->
              </div> <!-- method -->
            </div> <!-- main-panel-content rounded-window-bottom -->
          </div> <!-- suite-CalculatorTestSuite-class-passed -->
        </div> <!-- panel CalculatorTestSuite -->
        <div panel-name="test-xml-CalculatorTestSuite" class="panel">
          <div class="main-panel-header rounded-window-top">
            <span class="header-content">C:\Users\Valiantsin_Ivashynka\workspace\CalculatorTest\CalculatorTestSuite.xml</span>
          </div> <!-- main-panel-header rounded-window-top -->
          <div class="main-panel-content rounded-window-bottom">
            <pre>
&lt;?xml version=&quot;1.0&quot; encoding=&quot;UTF-8&quot;?&gt;
&lt;!DOCTYPE suite SYSTEM &quot;http://testng.org/testng-1.0.dtd&quot;&gt;
&lt;suite thread-count=&quot;4&quot; configfailurepolicy=&quot;continue&quot; guice-stage=&quot;DEVELOPMENT&quot; verbose=&quot;2&quot; name=&quot;CalculatorTestSuite&quot; parallel=&quot;tests&quot;&gt;
  &lt;test name=&quot;CalculatorTestSum&quot;&gt;
    &lt;classes&gt;
      &lt;class name=&quot;by.epam.atmentoring.unittest.CalculatorTestSum&quot;/&gt;
    &lt;/classes&gt;
  &lt;/test&gt; &lt;!-- CalculatorTestSum --&gt;
  &lt;test name=&quot;CalculatorTestSub&quot;&gt;
    &lt;classes&gt;
      &lt;class name=&quot;by.epam.atmentoring.unittest.CalculatorTestSub&quot;/&gt;
    &lt;/classes&gt;
  &lt;/test&gt; &lt;!-- CalculatorTestSub --&gt;
  &lt;test name=&quot;CalculatorTestMult&quot;&gt;
    &lt;classes&gt;
      &lt;class name=&quot;by.epam.atmentoring.unittest.CalculatorTestMult&quot;/&gt;
    &lt;/classes&gt;
  &lt;/test&gt; &lt;!-- CalculatorTestMult --&gt;
  &lt;test name=&quot;CalculatorTestDiv&quot;&gt;
    &lt;classes&gt;
      &lt;class name=&quot;by.epam.atmentoring.unittest.CalculatorTestDiv&quot;/&gt;
    &lt;/classes&gt;
  &lt;/test&gt; &lt;!-- CalculatorTestDiv --&gt;
  &lt;test name=&quot;CalculatorTestPow&quot;&gt;
    &lt;classes&gt;
      &lt;class name=&quot;by.epam.atmentoring.unittest.CalculatorTestPow&quot;/&gt;
    &lt;/classes&gt;
  &lt;/test&gt; &lt;!-- CalculatorTestPow --&gt;
  &lt;test name=&quot;CalculatorTestSqrt&quot;&gt;
    &lt;classes&gt;
      &lt;class name=&quot;by.epam.atmentoring.unittest.CalculatorTestSqrt&quot;/&gt;
    &lt;/classes&gt;
  &lt;/test&gt; &lt;!-- CalculatorTestSqrt --&gt;
  &lt;test name=&quot;CalculatorTestTg&quot;&gt;
    &lt;classes&gt;
      &lt;class name=&quot;by.epam.atmentoring.unittest.CalculatorTestTg&quot;/&gt;
    &lt;/classes&gt;
  &lt;/test&gt; &lt;!-- CalculatorTestTg --&gt;
  &lt;test name=&quot;CalculatorTestCtg&quot;&gt;
    &lt;classes&gt;
      &lt;class name=&quot;by.epam.atmentoring.unittest.CalculatorTestCtg&quot;/&gt;
    &lt;/classes&gt;
  &lt;/test&gt; &lt;!-- CalculatorTestCtg --&gt;
  &lt;test name=&quot;CalculatorTestSin&quot;&gt;
    &lt;classes&gt;
      &lt;class name=&quot;by.epam.atmentoring.unittest.CalculatorTestSin&quot;/&gt;
    &lt;/classes&gt;
  &lt;/test&gt; &lt;!-- CalculatorTestSin --&gt;
  &lt;test name=&quot;CalculatorTestCos&quot;&gt;
    &lt;classes&gt;
      &lt;class name=&quot;by.epam.atmentoring.unittest.CalculatorTestCos&quot;/&gt;
    &lt;/classes&gt;
  &lt;/test&gt; &lt;!-- CalculatorTestCos --&gt;
  &lt;test name=&quot;CalculatorTestIsPositive&quot;&gt;
    &lt;classes&gt;
      &lt;class name=&quot;by.epam.atmentoring.unittest.CalculatorTestIsPositive&quot;/&gt;
    &lt;/classes&gt;
  &lt;/test&gt; &lt;!-- CalculatorTestIsPositive --&gt;
  &lt;test name=&quot;CalculatorTestIsNegative&quot;&gt;
    &lt;classes&gt;
      &lt;class name=&quot;by.epam.atmentoring.unittest.CalculatorTestIsNegative&quot;/&gt;
    &lt;/classes&gt;
  &lt;/test&gt; &lt;!-- CalculatorTestIsNegative --&gt;
&lt;/suite&gt; &lt;!-- CalculatorTestSuite --&gt;
            </pre>
          </div> <!-- main-panel-content rounded-window-bottom -->
        </div> <!-- panel -->
        <div panel-name="testlist-CalculatorTestSuite" class="panel">
          <div class="main-panel-header rounded-window-top">
            <span class="header-content">Tests for CalculatorTestSuite</span>
          </div> <!-- main-panel-header rounded-window-top -->
          <div class="main-panel-content rounded-window-bottom">
            <ul>
              <li>
                <span class="test-name">CalculatorTestSum (1 class)</span>
              </li>
              <li>
                <span class="test-name">CalculatorTestSub (1 class)</span>
              </li>
              <li>
                <span class="test-name">CalculatorTestMult (1 class)</span>
              </li>
              <li>
                <span class="test-name">CalculatorTestDiv (1 class)</span>
              </li>
              <li>
                <span class="test-name">CalculatorTestPow (1 class)</span>
              </li>
              <li>
                <span class="test-name">CalculatorTestSqrt (1 class)</span>
              </li>
              <li>
                <span class="test-name">CalculatorTestTg (1 class)</span>
              </li>
              <li>
                <span class="test-name">CalculatorTestCtg (1 class)</span>
              </li>
              <li>
                <span class="test-name">CalculatorTestSin (1 class)</span>
              </li>
              <li>
                <span class="test-name">CalculatorTestCos (1 class)</span>
              </li>
              <li>
                <span class="test-name">CalculatorTestIsPositive (1 class)</span>
              </li>
              <li>
                <span class="test-name">CalculatorTestIsNegative (1 class)</span>
              </li>
            </ul>
          </div> <!-- main-panel-content rounded-window-bottom -->
        </div> <!-- panel -->
        <div panel-name="group-CalculatorTestSuite" class="panel">
          <div class="main-panel-header rounded-window-top">
            <span class="header-content">Groups for CalculatorTestSuite</span>
          </div> <!-- main-panel-header rounded-window-top -->
          <div class="main-panel-content rounded-window-bottom">
            <div class="test-group">
              <span class="test-group-name">failed</span>
              <br/>
              <div class="method-in-group">
                <span class="method-in-group-name">testCos</span>
                <br/>
              </div> <!-- method-in-group -->
              <div class="method-in-group">
                <span class="method-in-group-name">testCtg</span>
                <br/>
              </div> <!-- method-in-group -->
              <div class="method-in-group">
                <span class="method-in-group-name">testDiv</span>
                <br/>
              </div> <!-- method-in-group -->
              <div class="method-in-group">
                <span class="method-in-group-name">testMult</span>
                <br/>
              </div> <!-- method-in-group -->
              <div class="method-in-group">
                <span class="method-in-group-name">testSqrt</span>
                <br/>
              </div> <!-- method-in-group -->
              <div class="method-in-group">
                <span class="method-in-group-name">testTg</span>
                <br/>
              </div> <!-- method-in-group -->
            </div> <!-- test-group -->
          </div> <!-- main-panel-content rounded-window-bottom -->
        </div> <!-- panel -->
        <div panel-name="times-CalculatorTestSuite" class="panel">
          <div class="main-panel-header rounded-window-top">
            <span class="header-content">Times for CalculatorTestSuite</span>
          </div> <!-- main-panel-header rounded-window-top -->
          <div class="main-panel-content rounded-window-bottom">
            <div class="times-div">
              <script type="text/javascript">
suiteTableInitFunctions.push('tableData_CalculatorTestSuite');
function tableData_CalculatorTestSuite() {
var data = new google.visualization.DataTable();
data.addColumn('number', 'Number');
data.addColumn('string', 'Method');
data.addColumn('string', 'Class');
data.addColumn('number', 'Time (ms)');
data.addRows(114);
data.setCell(0, 0, 0)
data.setCell(0, 1, 'testIsNegative')
data.setCell(0, 2, 'by.epam.atmentoring.unittest.CalculatorTestIsNegative')
data.setCell(0, 3, 29);
data.setCell(1, 0, 1)
data.setCell(1, 1, 'testSub')
data.setCell(1, 2, 'by.epam.atmentoring.unittest.CalculatorTestSub')
data.setCell(1, 3, 24);
data.setCell(2, 0, 2)
data.setCell(2, 1, 'testSum')
data.setCell(2, 2, 'by.epam.atmentoring.unittest.CalculatorTestSum')
data.setCell(2, 3, 21);
data.setCell(3, 0, 3)
data.setCell(3, 1, 'testIsPositive')
data.setCell(3, 2, 'by.epam.atmentoring.unittest.CalculatorTestIsPositive')
data.setCell(3, 3, 21);
data.setCell(4, 0, 4)
data.setCell(4, 1, 'testCtg')
data.setCell(4, 2, 'by.epam.atmentoring.unittest.CalculatorTestCtg')
data.setCell(4, 3, 11);
data.setCell(5, 0, 5)
data.setCell(5, 1, 'testPow')
data.setCell(5, 2, 'by.epam.atmentoring.unittest.CalculatorTestPow')
data.setCell(5, 3, 10);
data.setCell(6, 0, 6)
data.setCell(6, 1, 'testMult')
data.setCell(6, 2, 'by.epam.atmentoring.unittest.CalculatorTestMult')
data.setCell(6, 3, 8);
data.setCell(7, 0, 7)
data.setCell(7, 1, 'testMult')
data.setCell(7, 2, 'by.epam.atmentoring.unittest.CalculatorTestMult')
data.setCell(7, 3, 8);
data.setCell(8, 0, 8)
data.setCell(8, 1, 'testSub')
data.setCell(8, 2, 'by.epam.atmentoring.unittest.CalculatorTestSub')
data.setCell(8, 3, 7);
data.setCell(9, 0, 9)
data.setCell(9, 1, 'testSum')
data.setCell(9, 2, 'by.epam.atmentoring.unittest.CalculatorTestSum')
data.setCell(9, 3, 7);
data.setCell(10, 0, 10)
data.setCell(10, 1, 'testIsPositive')
data.setCell(10, 2, 'by.epam.atmentoring.unittest.CalculatorTestIsPositive')
data.setCell(10, 3, 7);
data.setCell(11, 0, 11)
data.setCell(11, 1, 'testDiv')
data.setCell(11, 2, 'by.epam.atmentoring.unittest.CalculatorTestDiv')
data.setCell(11, 3, 5);
data.setCell(12, 0, 12)
data.setCell(12, 1, 'testSub')
data.setCell(12, 2, 'by.epam.atmentoring.unittest.CalculatorTestSub')
data.setCell(12, 3, 4);
data.setCell(13, 0, 13)
data.setCell(13, 1, 'testSub')
data.setCell(13, 2, 'by.epam.atmentoring.unittest.CalculatorTestSub')
data.setCell(13, 3, 4);
data.setCell(14, 0, 14)
data.setCell(14, 1, 'testDiv')
data.setCell(14, 2, 'by.epam.atmentoring.unittest.CalculatorTestDiv')
data.setCell(14, 3, 4);
data.setCell(15, 0, 15)
data.setCell(15, 1, 'testDiv')
data.setCell(15, 2, 'by.epam.atmentoring.unittest.CalculatorTestDiv')
data.setCell(15, 3, 4);
data.setCell(16, 0, 16)
data.setCell(16, 1, 'testCos')
data.setCell(16, 2, 'by.epam.atmentoring.unittest.CalculatorTestCos')
data.setCell(16, 3, 4);
data.setCell(17, 0, 17)
data.setCell(17, 1, 'testSub')
data.setCell(17, 2, 'by.epam.atmentoring.unittest.CalculatorTestSub')
data.setCell(17, 3, 3);
data.setCell(18, 0, 18)
data.setCell(18, 1, 'testDiv')
data.setCell(18, 2, 'by.epam.atmentoring.unittest.CalculatorTestDiv')
data.setCell(18, 3, 3);
data.setCell(19, 0, 19)
data.setCell(19, 1, 'testDiv')
data.setCell(19, 2, 'by.epam.atmentoring.unittest.CalculatorTestDiv')
data.setCell(19, 3, 3);
data.setCell(20, 0, 20)
data.setCell(20, 1, 'testDiv')
data.setCell(20, 2, 'by.epam.atmentoring.unittest.CalculatorTestDiv')
data.setCell(20, 3, 3);
data.setCell(21, 0, 21)
data.setCell(21, 1, 'testSum')
data.setCell(21, 2, 'by.epam.atmentoring.unittest.CalculatorTestSum')
data.setCell(21, 3, 3);
data.setCell(22, 0, 22)
data.setCell(22, 1, 'testSum')
data.setCell(22, 2, 'by.epam.atmentoring.unittest.CalculatorTestSum')
data.setCell(22, 3, 3);
data.setCell(23, 0, 23)
data.setCell(23, 1, 'testSum')
data.setCell(23, 2, 'by.epam.atmentoring.unittest.CalculatorTestSum')
data.setCell(23, 3, 3);
data.setCell(24, 0, 24)
data.setCell(24, 1, 'testMult')
data.setCell(24, 2, 'by.epam.atmentoring.unittest.CalculatorTestMult')
data.setCell(24, 3, 3);
data.setCell(25, 0, 25)
data.setCell(25, 1, 'testTg')
data.setCell(25, 2, 'by.epam.atmentoring.unittest.CalculatorTestTg')
data.setCell(25, 3, 3);
data.setCell(26, 0, 26)
data.setCell(26, 1, 'testPow')
data.setCell(26, 2, 'by.epam.atmentoring.unittest.CalculatorTestPow')
data.setCell(26, 3, 3);
data.setCell(27, 0, 27)
data.setCell(27, 1, 'testCos')
data.setCell(27, 2, 'by.epam.atmentoring.unittest.CalculatorTestCos')
data.setCell(27, 3, 3);
data.setCell(28, 0, 28)
data.setCell(28, 1, 'testSub')
data.setCell(28, 2, 'by.epam.atmentoring.unittest.CalculatorTestSub')
data.setCell(28, 3, 2);
data.setCell(29, 0, 29)
data.setCell(29, 1, 'testSub')
data.setCell(29, 2, 'by.epam.atmentoring.unittest.CalculatorTestSub')
data.setCell(29, 3, 2);
data.setCell(30, 0, 30)
data.setCell(30, 1, 'testDiv')
data.setCell(30, 2, 'by.epam.atmentoring.unittest.CalculatorTestDiv')
data.setCell(30, 3, 2);
data.setCell(31, 0, 31)
data.setCell(31, 1, 'testMult')
data.setCell(31, 2, 'by.epam.atmentoring.unittest.CalculatorTestMult')
data.setCell(31, 3, 2);
data.setCell(32, 0, 32)
data.setCell(32, 1, 'testMult')
data.setCell(32, 2, 'by.epam.atmentoring.unittest.CalculatorTestMult')
data.setCell(32, 3, 2);
data.setCell(33, 0, 33)
data.setCell(33, 1, 'testSub')
data.setCell(33, 2, 'by.epam.atmentoring.unittest.CalculatorTestSub')
data.setCell(33, 3, 1);
data.setCell(34, 0, 34)
data.setCell(34, 1, 'testSub')
data.setCell(34, 2, 'by.epam.atmentoring.unittest.CalculatorTestSub')
data.setCell(34, 3, 1);
data.setCell(35, 0, 35)
data.setCell(35, 1, 'testSub')
data.setCell(35, 2, 'by.epam.atmentoring.unittest.CalculatorTestSub')
data.setCell(35, 3, 1);
data.setCell(36, 0, 36)
data.setCell(36, 1, 'testSub')
data.setCell(36, 2, 'by.epam.atmentoring.unittest.CalculatorTestSub')
data.setCell(36, 3, 1);
data.setCell(37, 0, 37)
data.setCell(37, 1, 'testSub')
data.setCell(37, 2, 'by.epam.atmentoring.unittest.CalculatorTestSub')
data.setCell(37, 3, 1);
data.setCell(38, 0, 38)
data.setCell(38, 1, 'testDiv')
data.setCell(38, 2, 'by.epam.atmentoring.unittest.CalculatorTestDiv')
data.setCell(38, 3, 1);
data.setCell(39, 0, 39)
data.setCell(39, 1, 'testDiv')
data.setCell(39, 2, 'by.epam.atmentoring.unittest.CalculatorTestDiv')
data.setCell(39, 3, 1);
data.setCell(40, 0, 40)
data.setCell(40, 1, 'testDiv')
data.setCell(40, 2, 'by.epam.atmentoring.unittest.CalculatorTestDiv')
data.setCell(40, 3, 1);
data.setCell(41, 0, 41)
data.setCell(41, 1, 'testDiv')
data.setCell(41, 2, 'by.epam.atmentoring.unittest.CalculatorTestDiv')
data.setCell(41, 3, 1);
data.setCell(42, 0, 42)
data.setCell(42, 1, 'testDiv')
data.setCell(42, 2, 'by.epam.atmentoring.unittest.CalculatorTestDiv')
data.setCell(42, 3, 1);
data.setCell(43, 0, 43)
data.setCell(43, 1, 'testDiv')
data.setCell(43, 2, 'by.epam.atmentoring.unittest.CalculatorTestDiv')
data.setCell(43, 3, 1);
data.setCell(44, 0, 44)
data.setCell(44, 1, 'testDiv')
data.setCell(44, 2, 'by.epam.atmentoring.unittest.CalculatorTestDiv')
data.setCell(44, 3, 1);
data.setCell(45, 0, 45)
data.setCell(45, 1, 'testDiv')
data.setCell(45, 2, 'by.epam.atmentoring.unittest.CalculatorTestDiv')
data.setCell(45, 3, 1);
data.setCell(46, 0, 46)
data.setCell(46, 1, 'testDiv')
data.setCell(46, 2, 'by.epam.atmentoring.unittest.CalculatorTestDiv')
data.setCell(46, 3, 1);
data.setCell(47, 0, 47)
data.setCell(47, 1, 'testDiv')
data.setCell(47, 2, 'by.epam.atmentoring.unittest.CalculatorTestDiv')
data.setCell(47, 3, 1);
data.setCell(48, 0, 48)
data.setCell(48, 1, 'testSum')
data.setCell(48, 2, 'by.epam.atmentoring.unittest.CalculatorTestSum')
data.setCell(48, 3, 1);
data.setCell(49, 0, 49)
data.setCell(49, 1, 'testSum')
data.setCell(49, 2, 'by.epam.atmentoring.unittest.CalculatorTestSum')
data.setCell(49, 3, 1);
data.setCell(50, 0, 50)
data.setCell(50, 1, 'testSum')
data.setCell(50, 2, 'by.epam.atmentoring.unittest.CalculatorTestSum')
data.setCell(50, 3, 1);
data.setCell(51, 0, 51)
data.setCell(51, 1, 'testSum')
data.setCell(51, 2, 'by.epam.atmentoring.unittest.CalculatorTestSum')
data.setCell(51, 3, 1);
data.setCell(52, 0, 52)
data.setCell(52, 1, 'testSum')
data.setCell(52, 2, 'by.epam.atmentoring.unittest.CalculatorTestSum')
data.setCell(52, 3, 1);
data.setCell(53, 0, 53)
data.setCell(53, 1, 'testSum')
data.setCell(53, 2, 'by.epam.atmentoring.unittest.CalculatorTestSum')
data.setCell(53, 3, 1);
data.setCell(54, 0, 54)
data.setCell(54, 1, 'testMult')
data.setCell(54, 2, 'by.epam.atmentoring.unittest.CalculatorTestMult')
data.setCell(54, 3, 1);
data.setCell(55, 0, 55)
data.setCell(55, 1, 'testMult')
data.setCell(55, 2, 'by.epam.atmentoring.unittest.CalculatorTestMult')
data.setCell(55, 3, 1);
data.setCell(56, 0, 56)
data.setCell(56, 1, 'testMult')
data.setCell(56, 2, 'by.epam.atmentoring.unittest.CalculatorTestMult')
data.setCell(56, 3, 1);
data.setCell(57, 0, 57)
data.setCell(57, 1, 'testMult')
data.setCell(57, 2, 'by.epam.atmentoring.unittest.CalculatorTestMult')
data.setCell(57, 3, 1);
data.setCell(58, 0, 58)
data.setCell(58, 1, 'testMult')
data.setCell(58, 2, 'by.epam.atmentoring.unittest.CalculatorTestMult')
data.setCell(58, 3, 1);
data.setCell(59, 0, 59)
data.setCell(59, 1, 'testTg')
data.setCell(59, 2, 'by.epam.atmentoring.unittest.CalculatorTestTg')
data.setCell(59, 3, 1);
data.setCell(60, 0, 60)
data.setCell(60, 1, 'testTg')
data.setCell(60, 2, 'by.epam.atmentoring.unittest.CalculatorTestTg')
data.setCell(60, 3, 1);
data.setCell(61, 0, 61)
data.setCell(61, 1, 'testTg')
data.setCell(61, 2, 'by.epam.atmentoring.unittest.CalculatorTestTg')
data.setCell(61, 3, 1);
data.setCell(62, 0, 62)
data.setCell(62, 1, 'testTg')
data.setCell(62, 2, 'by.epam.atmentoring.unittest.CalculatorTestTg')
data.setCell(62, 3, 1);
data.setCell(63, 0, 63)
data.setCell(63, 1, 'testTg')
data.setCell(63, 2, 'by.epam.atmentoring.unittest.CalculatorTestTg')
data.setCell(63, 3, 1);
data.setCell(64, 0, 64)
data.setCell(64, 1, 'testTg')
data.setCell(64, 2, 'by.epam.atmentoring.unittest.CalculatorTestTg')
data.setCell(64, 3, 1);
data.setCell(65, 0, 65)
data.setCell(65, 1, 'testCtg')
data.setCell(65, 2, 'by.epam.atmentoring.unittest.CalculatorTestCtg')
data.setCell(65, 3, 1);
data.setCell(66, 0, 66)
data.setCell(66, 1, 'testCtg')
data.setCell(66, 2, 'by.epam.atmentoring.unittest.CalculatorTestCtg')
data.setCell(66, 3, 1);
data.setCell(67, 0, 67)
data.setCell(67, 1, 'testCtg')
data.setCell(67, 2, 'by.epam.atmentoring.unittest.CalculatorTestCtg')
data.setCell(67, 3, 1);
data.setCell(68, 0, 68)
data.setCell(68, 1, 'testCtg')
data.setCell(68, 2, 'by.epam.atmentoring.unittest.CalculatorTestCtg')
data.setCell(68, 3, 1);
data.setCell(69, 0, 69)
data.setCell(69, 1, 'testPow')
data.setCell(69, 2, 'by.epam.atmentoring.unittest.CalculatorTestPow')
data.setCell(69, 3, 1);
data.setCell(70, 0, 70)
data.setCell(70, 1, 'testPow')
data.setCell(70, 2, 'by.epam.atmentoring.unittest.CalculatorTestPow')
data.setCell(70, 3, 1);
data.setCell(71, 0, 71)
data.setCell(71, 1, 'testSqrt')
data.setCell(71, 2, 'by.epam.atmentoring.unittest.CalculatorTestSqrt')
data.setCell(71, 3, 1);
data.setCell(72, 0, 72)
data.setCell(72, 1, 'testSqrt')
data.setCell(72, 2, 'by.epam.atmentoring.unittest.CalculatorTestSqrt')
data.setCell(72, 3, 1);
data.setCell(73, 0, 73)
data.setCell(73, 1, 'testSqrt')
data.setCell(73, 2, 'by.epam.atmentoring.unittest.CalculatorTestSqrt')
data.setCell(73, 3, 1);
data.setCell(74, 0, 74)
data.setCell(74, 1, 'testCos')
data.setCell(74, 2, 'by.epam.atmentoring.unittest.CalculatorTestCos')
data.setCell(74, 3, 1);
data.setCell(75, 0, 75)
data.setCell(75, 1, 'testCos')
data.setCell(75, 2, 'by.epam.atmentoring.unittest.CalculatorTestCos')
data.setCell(75, 3, 1);
data.setCell(76, 0, 76)
data.setCell(76, 1, 'testIsPositive')
data.setCell(76, 2, 'by.epam.atmentoring.unittest.CalculatorTestIsPositive')
data.setCell(76, 3, 1);
data.setCell(77, 0, 77)
data.setCell(77, 1, 'testSin')
data.setCell(77, 2, 'by.epam.atmentoring.unittest.CalculatorTestSin')
data.setCell(77, 3, 1);
data.setCell(78, 0, 78)
data.setCell(78, 1, 'testSub')
data.setCell(78, 2, 'by.epam.atmentoring.unittest.CalculatorTestSub')
data.setCell(78, 3, 0);
data.setCell(79, 0, 79)
data.setCell(79, 1, 'testSub')
data.setCell(79, 2, 'by.epam.atmentoring.unittest.CalculatorTestSub')
data.setCell(79, 3, 0);
data.setCell(80, 0, 80)
data.setCell(80, 1, 'testDiv')
data.setCell(80, 2, 'by.epam.atmentoring.unittest.CalculatorTestDiv')
data.setCell(80, 3, 0);
data.setCell(81, 0, 81)
data.setCell(81, 1, 'testDiv')
data.setCell(81, 2, 'by.epam.atmentoring.unittest.CalculatorTestDiv')
data.setCell(81, 3, 0);
data.setCell(82, 0, 82)
data.setCell(82, 1, 'testDiv')
data.setCell(82, 2, 'by.epam.atmentoring.unittest.CalculatorTestDiv')
data.setCell(82, 3, 0);
data.setCell(83, 0, 83)
data.setCell(83, 1, 'testDiv')
data.setCell(83, 2, 'by.epam.atmentoring.unittest.CalculatorTestDiv')
data.setCell(83, 3, 0);
data.setCell(84, 0, 84)
data.setCell(84, 1, 'testDiv')
data.setCell(84, 2, 'by.epam.atmentoring.unittest.CalculatorTestDiv')
data.setCell(84, 3, 0);
data.setCell(85, 0, 85)
data.setCell(85, 1, 'testDiv')
data.setCell(85, 2, 'by.epam.atmentoring.unittest.CalculatorTestDiv')
data.setCell(85, 3, 0);
data.setCell(86, 0, 86)
data.setCell(86, 1, 'testSum')
data.setCell(86, 2, 'by.epam.atmentoring.unittest.CalculatorTestSum')
data.setCell(86, 3, 0);
data.setCell(87, 0, 87)
data.setCell(87, 1, 'testSum')
data.setCell(87, 2, 'by.epam.atmentoring.unittest.CalculatorTestSum')
data.setCell(87, 3, 0);
data.setCell(88, 0, 88)
data.setCell(88, 1, 'testSum')
data.setCell(88, 2, 'by.epam.atmentoring.unittest.CalculatorTestSum')
data.setCell(88, 3, 0);
data.setCell(89, 0, 89)
data.setCell(89, 1, 'testMult')
data.setCell(89, 2, 'by.epam.atmentoring.unittest.CalculatorTestMult')
data.setCell(89, 3, 0);
data.setCell(90, 0, 90)
data.setCell(90, 1, 'testMult')
data.setCell(90, 2, 'by.epam.atmentoring.unittest.CalculatorTestMult')
data.setCell(90, 3, 0);
data.setCell(91, 0, 91)
data.setCell(91, 1, 'testCtg')
data.setCell(91, 2, 'by.epam.atmentoring.unittest.CalculatorTestCtg')
data.setCell(91, 3, 0);
data.setCell(92, 0, 92)
data.setCell(92, 1, 'testCtg')
data.setCell(92, 2, 'by.epam.atmentoring.unittest.CalculatorTestCtg')
data.setCell(92, 3, 0);
data.setCell(93, 0, 93)
data.setCell(93, 1, 'testPow')
data.setCell(93, 2, 'by.epam.atmentoring.unittest.CalculatorTestPow')
data.setCell(93, 3, 0);
data.setCell(94, 0, 94)
data.setCell(94, 1, 'testPow')
data.setCell(94, 2, 'by.epam.atmentoring.unittest.CalculatorTestPow')
data.setCell(94, 3, 0);
data.setCell(95, 0, 95)
data.setCell(95, 1, 'testPow')
data.setCell(95, 2, 'by.epam.atmentoring.unittest.CalculatorTestPow')
data.setCell(95, 3, 0);
data.setCell(96, 0, 96)
data.setCell(96, 1, 'testSqrt')
data.setCell(96, 2, 'by.epam.atmentoring.unittest.CalculatorTestSqrt')
data.setCell(96, 3, 0);
data.setCell(97, 0, 97)
data.setCell(97, 1, 'testSqrt')
data.setCell(97, 2, 'by.epam.atmentoring.unittest.CalculatorTestSqrt')
data.setCell(97, 3, 0);
data.setCell(98, 0, 98)
data.setCell(98, 1, 'testSqrt')
data.setCell(98, 2, 'by.epam.atmentoring.unittest.CalculatorTestSqrt')
data.setCell(98, 3, 0);
data.setCell(99, 0, 99)
data.setCell(99, 1, 'testCos')
data.setCell(99, 2, 'by.epam.atmentoring.unittest.CalculatorTestCos')
data.setCell(99, 3, 0);
data.setCell(100, 0, 100)
data.setCell(100, 1, 'testCos')
data.setCell(100, 2, 'by.epam.atmentoring.unittest.CalculatorTestCos')
data.setCell(100, 3, 0);
data.setCell(101, 0, 101)
data.setCell(101, 1, 'testCos')
data.setCell(101, 2, 'by.epam.atmentoring.unittest.CalculatorTestCos')
data.setCell(101, 3, 0);
data.setCell(102, 0, 102)
data.setCell(102, 1, 'testIsPositive')
data.setCell(102, 2, 'by.epam.atmentoring.unittest.CalculatorTestIsPositive')
data.setCell(102, 3, 0);
data.setCell(103, 0, 103)
data.setCell(103, 1, 'testIsPositive')
data.setCell(103, 2, 'by.epam.atmentoring.unittest.CalculatorTestIsPositive')
data.setCell(103, 3, 0);
data.setCell(104, 0, 104)
data.setCell(104, 1, 'testSin')
data.setCell(104, 2, 'by.epam.atmentoring.unittest.CalculatorTestSin')
data.setCell(104, 3, 0);
data.setCell(105, 0, 105)
data.setCell(105, 1, 'testSin')
data.setCell(105, 2, 'by.epam.atmentoring.unittest.CalculatorTestSin')
data.setCell(105, 3, 0);
data.setCell(106, 0, 106)
data.setCell(106, 1, 'testSin')
data.setCell(106, 2, 'by.epam.atmentoring.unittest.CalculatorTestSin')
data.setCell(106, 3, 0);
data.setCell(107, 0, 107)
data.setCell(107, 1, 'testSin')
data.setCell(107, 2, 'by.epam.atmentoring.unittest.CalculatorTestSin')
data.setCell(107, 3, 0);
data.setCell(108, 0, 108)
data.setCell(108, 1, 'testSin')
data.setCell(108, 2, 'by.epam.atmentoring.unittest.CalculatorTestSin')
data.setCell(108, 3, 0);
data.setCell(109, 0, 109)
data.setCell(109, 1, 'testSin')
data.setCell(109, 2, 'by.epam.atmentoring.unittest.CalculatorTestSin')
data.setCell(109, 3, 0);
data.setCell(110, 0, 110)
data.setCell(110, 1, 'testIsNegative')
data.setCell(110, 2, 'by.epam.atmentoring.unittest.CalculatorTestIsNegative')
data.setCell(110, 3, 0);
data.setCell(111, 0, 111)
data.setCell(111, 1, 'testIsNegative')
data.setCell(111, 2, 'by.epam.atmentoring.unittest.CalculatorTestIsNegative')
data.setCell(111, 3, 0);
data.setCell(112, 0, 112)
data.setCell(112, 1, 'testIsNegative')
data.setCell(112, 2, 'by.epam.atmentoring.unittest.CalculatorTestIsNegative')
data.setCell(112, 3, 0);
data.setCell(113, 0, 113)
data.setCell(113, 1, 'testIsNegative')
data.setCell(113, 2, 'by.epam.atmentoring.unittest.CalculatorTestIsNegative')
data.setCell(113, 3, 0);
window.suiteTableData['CalculatorTestSuite']= { tableData: data, tableDiv: 'times-div-CalculatorTestSuite'}
return data;
}
              </script>
              <span class="suite-total-time">Total running time: 266 ms</span>
              <div id="times-div-CalculatorTestSuite">
              </div> <!-- times-div-CalculatorTestSuite -->
            </div> <!-- times-div -->
          </div> <!-- main-panel-content rounded-window-bottom -->
        </div> <!-- panel -->
        <div panel-name="reporter-CalculatorTestSuite" class="panel">
          <div class="main-panel-header rounded-window-top">
            <span class="header-content">Reporter output for CalculatorTestSuite</span>
          </div> <!-- main-panel-header rounded-window-top -->
          <div class="main-panel-content rounded-window-bottom">
          </div> <!-- main-panel-content rounded-window-bottom -->
        </div> <!-- panel -->
        <div panel-name="ignored-methods-CalculatorTestSuite" class="panel">
          <div class="main-panel-header rounded-window-top">
            <span class="header-content">0 ignored methods</span>
          </div> <!-- main-panel-header rounded-window-top -->
          <div class="main-panel-content rounded-window-bottom">
          </div> <!-- main-panel-content rounded-window-bottom -->
        </div> <!-- panel -->
        <div panel-name="chronological-CalculatorTestSuite" class="panel">
          <div class="main-panel-header rounded-window-top">
            <span class="header-content">Methods in chronological order</span>
          </div> <!-- main-panel-header rounded-window-top -->
          <div class="main-panel-content rounded-window-bottom">
            <div class="chronological-class">
              <div class="chronological-class-name">by.epam.atmentoring.unittest.CalculatorTestDiv</div> <!-- chronological-class-name -->
              <div class="configuration-class before">
                <span class="method-name">setUp</span>
                <span class="method-start">0 ms</span>
              </div> <!-- configuration-class before -->
            </div> <!-- chronological-class -->
            <div class="chronological-class">
              <div class="chronological-class-name">by.epam.atmentoring.unittest.CalculatorTestMult</div> <!-- chronological-class-name -->
              <div class="configuration-class before">
                <span class="method-name">setUp</span>
                <span class="method-start">0 ms</span>
              </div> <!-- configuration-class before -->
            </div> <!-- chronological-class -->
            <div class="chronological-class">
              <div class="chronological-class-name">by.epam.atmentoring.unittest.CalculatorTestSub</div> <!-- chronological-class-name -->
              <div class="configuration-class before">
                <span class="method-name">setUp</span>
                <span class="method-start">0 ms</span>
              </div> <!-- configuration-class before -->
            </div> <!-- chronological-class -->
            <div class="chronological-class">
              <div class="chronological-class-name">by.epam.atmentoring.unittest.CalculatorTestSum</div> <!-- chronological-class-name -->
              <div class="configuration-class before">
                <span class="method-name">setUp</span>
                <span class="method-start">0 ms</span>
              </div> <!-- configuration-class before -->
            </div> <!-- chronological-class -->
            <div class="chronological-class">
              <div class="chronological-class-name">by.epam.atmentoring.unittest.CalculatorTestDiv</div> <!-- chronological-class-name -->
              <div class="test-method">
                <img src="failed.png">
                </img>
                <span class="method-name">testDiv(-1.7976931348623157E308)</span>
                <span class="method-start">13 ms</span>
              </div> <!-- test-method -->
            </div> <!-- chronological-class -->
            <div class="chronological-class">
              <div class="chronological-class-name">by.epam.atmentoring.unittest.CalculatorTestMult</div> <!-- chronological-class-name -->
              <div class="test-method">
                <img src="failed.png">
                </img>
                <span class="method-name">testMult(-1.5, 0.75, -1.125)</span>
                <span class="method-start">13 ms</span>
              </div> <!-- test-method -->
            </div> <!-- chronological-class -->
            <div class="chronological-class">
              <div class="chronological-class-name">by.epam.atmentoring.unittest.CalculatorTestSub</div> <!-- chronological-class-name -->
              <div class="test-method">
                <span class="method-name">testSub(-1.7976931348623157E308, -1, -1.7976931348623157E308)</span>
                <span class="method-start">13 ms</span>
              </div> <!-- test-method -->
            </div> <!-- chronological-class -->
            <div class="chronological-class">
              <div class="chronological-class-name">by.epam.atmentoring.unittest.CalculatorTestSum</div> <!-- chronological-class-name -->
              <div class="test-method">
                <span class="method-name">testSum(-1.7976931348623157E308, 1, -1.7976931348623157E308)</span>
                <span class="method-start">13 ms</span>
              </div> <!-- test-method -->
            </div> <!-- chronological-class -->
            <div class="chronological-class">
              <div class="chronological-class-name">by.epam.atmentoring.unittest.CalculatorTestDiv</div> <!-- chronological-class-name -->
              <div class="test-method">
                <img src="failed.png">
                </img>
                <span class="method-name">testDiv(-1.0)</span>
                <span class="method-start">21 ms</span>
              </div> <!-- test-method -->
            </div> <!-- chronological-class -->
            <div class="chronological-class">
              <div class="chronological-class-name">by.epam.atmentoring.unittest.CalculatorTestMult</div> <!-- chronological-class-name -->
              <div class="test-method">
                <img src="failed.png">
                </img>
                <span class="method-name">testMult(-1.5, -1.5, 2.25)</span>
                <span class="method-start">22 ms</span>
              </div> <!-- test-method -->
            </div> <!-- chronological-class -->
            <div class="chronological-class">
              <div class="chronological-class-name">by.epam.atmentoring.unittest.CalculatorTestSub</div> <!-- chronological-class-name -->
              <div class="test-method">
                <span class="method-name">testSub(-1.5, 1.5, -3.0)</span>
                <span class="method-start">23 ms</span>
              </div> <!-- test-method -->
            </div> <!-- chronological-class -->
            <div class="chronological-class">
              <div class="chronological-class-name">by.epam.atmentoring.unittest.CalculatorTestSum</div> <!-- chronological-class-name -->
              <div class="test-method">
                <span class="method-name">testSum(-1.5, 1.5, 0)</span>
                <span class="method-start">23 ms</span>
              </div> <!-- test-method -->
              <div class="test-method">
                <span class="method-name">testSum(0.1, 1.01, 1.11)</span>
                <span class="method-start">24 ms</span>
              </div> <!-- test-method -->
            </div> <!-- chronological-class -->
            <div class="chronological-class">
              <div class="chronological-class-name">by.epam.atmentoring.unittest.CalculatorTestDiv</div> <!-- chronological-class-name -->
              <div class="test-method">
                <img src="failed.png">
                </img>
                <span class="method-name">testDiv(0.0)</span>
                <span class="method-start">26 ms</span>
              </div> <!-- test-method -->
            </div> <!-- chronological-class -->
            <div class="chronological-class">
              <div class="chronological-class-name">by.epam.atmentoring.unittest.CalculatorTestMult</div> <!-- chronological-class-name -->
              <div class="test-method">
                <img src="failed.png">
                </img>
                <span class="method-name">testMult(-1.5, 0.0, 0.0)</span>
                <span class="method-start">26 ms</span>
              </div> <!-- test-method -->
            </div> <!-- chronological-class -->
            <div class="chronological-class">
              <div class="chronological-class-name">by.epam.atmentoring.unittest.CalculatorTestSum</div> <!-- chronological-class-name -->
              <div class="test-method">
                <span class="method-name">testSum(1.5, 1.5, 3.0)</span>
                <span class="method-start">27 ms</span>
              </div> <!-- test-method -->
            </div> <!-- chronological-class -->
            <div class="chronological-class">
              <div class="chronological-class-name">by.epam.atmentoring.unittest.CalculatorTestMult</div> <!-- chronological-class-name -->
              <div class="test-method">
                <span class="method-name">testMult(0.0, 1.5, 0.0)</span>
                <span class="method-start">29 ms</span>
              </div> <!-- test-method -->
            </div> <!-- chronological-class -->
            <div class="chronological-class">
              <div class="chronological-class-name">by.epam.atmentoring.unittest.CalculatorTestSub</div> <!-- chronological-class-name -->
              <div class="test-method">
                <span class="method-name">testSub(0.1, 1.01, -0.91)</span>
                <span class="method-start">30 ms</span>
              </div> <!-- test-method -->
            </div> <!-- chronological-class -->
            <div class="chronological-class">
              <div class="chronological-class-name">by.epam.atmentoring.unittest.CalculatorTestSum</div> <!-- chronological-class-name -->
              <div class="test-method">
                <span class="method-name">testSum(1.7976931348623157E308, -1, 1.7976931348623157E308)</span>
                <span class="method-start">30 ms</span>
              </div> <!-- test-method -->
            </div> <!-- chronological-class -->
            <div class="chronological-class">
              <div class="chronological-class-name">by.epam.atmentoring.unittest.CalculatorTestDiv</div> <!-- chronological-class-name -->
              <div class="test-method">
                <img src="failed.png">
                </img>
                <span class="method-name">testDiv(1.0)</span>
                <span class="method-start">31 ms</span>
              </div> <!-- test-method -->
            </div> <!-- chronological-class -->
            <div class="chronological-class">
              <div class="chronological-class-name">by.epam.atmentoring.unittest.CalculatorTestMult</div> <!-- chronological-class-name -->
              <div class="test-method">
                <span class="method-name">testMult(1.5, 0.0, 0.0)</span>
                <span class="method-start">31 ms</span>
              </div> <!-- test-method -->
            </div> <!-- chronological-class -->
            <div class="chronological-class">
              <div class="chronological-class-name">by.epam.atmentoring.unittest.CalculatorTestDiv</div> <!-- chronological-class-name -->
              <div class="test-method">
                <img src="failed.png">
                </img>
                <span class="method-name">testDiv(1.7976931348623157E308)</span>
                <span class="method-start">33 ms</span>
              </div> <!-- test-method -->
              <div class="test-method">
                <span class="method-name">testDiv(-1.7976931348623157E308, -2, 8.988465674311579E307)</span>
                <span class="method-start">35 ms</span>
              </div> <!-- test-method -->
              <div class="test-method">
                <span class="method-name">testDiv(-5.1, 2.0, -2.55)</span>
                <span class="method-start">37 ms</span>
              </div> <!-- test-method -->
            </div> <!-- chronological-class -->
            <div class="chronological-class">
              <div class="chronological-class-name">by.epam.atmentoring.unittest.CalculatorTestMult</div> <!-- chronological-class-name -->
              <div class="test-method">
                <img src="failed.png">
                </img>
                <span class="method-name">testMult(1.5, 1.5, 2.25)</span>
                <span class="method-start">39 ms</span>
              </div> <!-- test-method -->
              <div class="test-method">
                <img src="failed.png">
                </img>
                <span class="method-name">testMult(1.5, 0.75, 1.125)</span>
                <span class="method-start">41 ms</span>
              </div> <!-- test-method -->
              <div class="test-method">
                <span class="method-name">testMult(-1, 10, -10)</span>
                <span class="method-start">44 ms</span>
              </div> <!-- test-method -->
              <div class="test-method">
                <span class="method-name">testMult(-1, 1, -1)</span>
                <span class="method-start">45 ms</span>
              </div> <!-- test-method -->
              <div class="test-method">
                <span class="method-name">testMult(1, 0, 0)</span>
                <span class="method-start">48 ms</span>
              </div> <!-- test-method -->
              <div class="test-method">
                <span class="method-name">testMult(1, 1, 1)</span>
                <span class="method-start">50 ms</span>
              </div> <!-- test-method -->
            </div> <!-- chronological-class -->
            <div class="chronological-class">
              <div class="chronological-class-name">by.epam.atmentoring.unittest.CalculatorTestSub</div> <!-- chronological-class-name -->
              <div class="test-method">
                <span class="method-name">testSub(1.5, 1.5, 0.0)</span>
                <span class="method-start">54 ms</span>
              </div> <!-- test-method -->
              <div class="test-method">
                <span class="method-name">testSub(1.7976931348623157E308, 1, 1.7976931348623157E308)</span>
                <span class="method-start">55 ms</span>
              </div> <!-- test-method -->
            </div> <!-- chronological-class -->
            <div class="chronological-class">
              <div class="chronological-class-name">by.epam.atmentoring.unittest.CalculatorTestSum</div> <!-- chronological-class-name -->
              <div class="test-method">
                <span class="method-name">testSum(-9223372036854775808, 1, -9223372036854775807)</span>
                <span class="method-start">59 ms</span>
              </div> <!-- test-method -->
              <div class="test-method">
                <span class="method-name">testSum(-3, -2, -5)</span>
                <span class="method-start">61 ms</span>
              </div> <!-- test-method -->
              <div class="test-method">
                <span class="method-name">testSum(-3, 2, -1)</span>
                <span class="method-start">61 ms</span>
              </div> <!-- test-method -->
              <div class="test-method">
                <span class="method-name">testSum(-2, 3, 1)</span>
                <span class="method-start">62 ms</span>
              </div> <!-- test-method -->
              <div class="test-method">
                <span class="method-name">testSum(0, -1, -1)</span>
                <span class="method-start">66 ms</span>
              </div> <!-- test-method -->
              <div class="test-method">
                <span class="method-name">testSum(0, 0, 0)</span>
                <span class="method-start">68 ms</span>
              </div> <!-- test-method -->
              <div class="test-method">
                <span class="method-name">testSum(0, 1, 1)</span>
                <span class="method-start">70 ms</span>
              </div> <!-- test-method -->
              <div class="test-method">
                <span class="method-name">testSum(2, 3, 5)</span>
                <span class="method-start">71 ms</span>
              </div> <!-- test-method -->
              <div class="test-method">
                <span class="method-name">testSum(9223372036854775807, -1, 9223372036854775806)</span>
                <span class="method-start">73 ms</span>
              </div> <!-- test-method -->
              <div class="configuration-class after">
                <span class="method-name">tearDown</span>
                <span class="method-start">74 ms</span>
              </div> <!-- configuration-class after -->
            </div> <!-- chronological-class -->
            <div class="chronological-class">
              <div class="chronological-class-name">by.epam.atmentoring.unittest.CalculatorTestSub</div> <!-- chronological-class-name -->
              <div class="test-method">
                <span class="method-name">testSub(-9223372036854775808, -1, -9223372036854775807)</span>
                <span class="method-start">84 ms</span>
              </div> <!-- test-method -->
              <div class="test-method">
                <span class="method-name">testSub(-3, -2, -1)</span>
                <span class="method-start">87 ms</span>
              </div> <!-- test-method -->
              <div class="test-method">
                <span class="method-name">testSub(-3, 2, -5)</span>
                <span class="method-start">92 ms</span>
              </div> <!-- test-method -->
              <div class="test-method">
                <span class="method-name">testSub(-2, 3, -5)</span>
                <span class="method-start">93 ms</span>
              </div> <!-- test-method -->
            </div> <!-- chronological-class -->
            <div class="chronological-class">
              <div class="chronological-class-name">by.epam.atmentoring.unittest.CalculatorTestMult</div> <!-- chronological-class-name -->
              <div class="test-method">
                <span class="method-name">testMult(1, 10, 10)</span>
                <span class="method-start">95 ms</span>
              </div> <!-- test-method -->
            </div> <!-- chronological-class -->
            <div class="chronological-class">
              <div class="chronological-class-name">by.epam.atmentoring.unittest.CalculatorTestSub</div> <!-- chronological-class-name -->
              <div class="test-method">
                <span class="method-name">testSub(0, -1, 1)</span>
                <span class="method-start">95 ms</span>
              </div> <!-- test-method -->
            </div> <!-- chronological-class -->
            <div class="chronological-class">
              <div class="chronological-class-name">by.epam.atmentoring.unittest.CalculatorTestMult</div> <!-- chronological-class-name -->
              <div class="configuration-class after">
                <span class="method-name">tearDown</span>
                <span class="method-start">96 ms</span>
              </div> <!-- configuration-class after -->
            </div> <!-- chronological-class -->
            <div class="chronological-class">
              <div class="chronological-class-name">by.epam.atmentoring.unittest.CalculatorTestDiv</div> <!-- chronological-class-name -->
              <div class="test-method">
                <span class="method-name">testDiv(0.0, 123.45678, 0)</span>
                <span class="method-start">96 ms</span>
              </div> <!-- test-method -->
            </div> <!-- chronological-class -->
            <div class="chronological-class">
              <div class="chronological-class-name">by.epam.atmentoring.unittest.CalculatorTestSub</div> <!-- chronological-class-name -->
              <div class="test-method">
                <span class="method-name">testSub(0, 0, 0)</span>
                <span class="method-start">98 ms</span>
              </div> <!-- test-method -->
              <div class="test-method">
                <span class="method-name">testSub(0, 1, -1)</span>
                <span class="method-start">99 ms</span>
              </div> <!-- test-method -->
              <div class="test-method">
                <span class="method-name">testSub(2, 3, -1)</span>
                <span class="method-start">100 ms</span>
              </div> <!-- test-method -->
              <div class="test-method">
                <span class="method-name">testSub(9223372036854775807, 1, 9223372036854775806)</span>
                <span class="method-start">101 ms</span>
              </div> <!-- test-method -->
              <div class="configuration-class after">
                <span class="method-name">tearDown</span>
                <span class="method-start">106 ms</span>
              </div> <!-- configuration-class after -->
            </div> <!-- chronological-class -->
            <div class="chronological-class">
              <div class="chronological-class-name">by.epam.atmentoring.unittest.CalculatorTestDiv</div> <!-- chronological-class-name -->
              <div class="test-method">
                <span class="method-name">testDiv(1.1, 0.1, 11)</span>
                <span class="method-start">109 ms</span>
              </div> <!-- test-method -->
              <div class="test-method">
                <span class="method-name">testDiv(10, 3, 3.3333333333333335)</span>
                <span class="method-start">110 ms</span>
              </div> <!-- test-method -->
              <div class="test-method">
                <span class="method-name">testDiv(1.7976931348623157E308, 2, 8.988465674311579E307)</span>
                <span class="method-start">112 ms</span>
              </div> <!-- test-method -->
              <div class="test-method">
                <span class="method-name">testDiv(-9223372036854775808)</span>
                <span class="method-start">115 ms</span>
              </div> <!-- test-method -->
              <div class="test-method">
                <span class="method-name">testDiv(-1)</span>
                <span class="method-start">117 ms</span>
              </div> <!-- test-method -->
              <div class="test-method">
                <span class="method-name">testDiv(0)</span>
                <span class="method-start">120 ms</span>
              </div> <!-- test-method -->
              <div class="test-method">
                <span class="method-name">testDiv(1)</span>
                <span class="method-start">121 ms</span>
              </div> <!-- test-method -->
              <div class="test-method">
                <span class="method-name">testDiv(9223372036854775807)</span>
                <span class="method-start">122 ms</span>
              </div> <!-- test-method -->
              <div class="test-method">
                <span class="method-name">testDiv(-9223372036854775808, 2, -4611686018427387904)</span>
                <span class="method-start">123 ms</span>
              </div> <!-- test-method -->
              <div class="test-method">
                <span class="method-name">testDiv(-42, -7, 6)</span>
                <span class="method-start">128 ms</span>
              </div> <!-- test-method -->
              <div class="test-method">
                <span class="method-name">testDiv(0, 10, 0)</span>
                <span class="method-start">128 ms</span>
              </div> <!-- test-method -->
              <div class="test-method">
                <span class="method-name">testDiv(1, 3, 0)</span>
                <span class="method-start">130 ms</span>
              </div> <!-- test-method -->
              <div class="test-method">
                <span class="method-name">testDiv(10, 3, 3)</span>
                <span class="method-start">132 ms</span>
              </div> <!-- test-method -->
              <div class="test-method">
                <span class="method-name">testDiv(225, 15, 15)</span>
                <span class="method-start">143 ms</span>
              </div> <!-- test-method -->
              <div class="test-method">
                <span class="method-name">testDiv(9223372036854775807, 2, 4611686018427387903)</span>
                <span class="method-start">147 ms</span>
              </div> <!-- test-method -->
              <div class="configuration-class after">
                <span class="method-name">tearDown</span>
                <span class="method-start">148 ms</span>
              </div> <!-- configuration-class after -->
            </div> <!-- chronological-class -->
            <div class="chronological-class">
              <div class="chronological-class-name">by.epam.atmentoring.unittest.CalculatorTestPow</div> <!-- chronological-class-name -->
              <div class="configuration-class before">
                <span class="method-name">setUp</span>
                <span class="method-start">203 ms</span>
              </div> <!-- configuration-class before -->
              <div class="test-method">
                <span class="method-name">testPow(-2.0, 2.0, 4.0)</span>
                <span class="method-start">203 ms</span>
              </div> <!-- test-method -->
              <div class="test-method">
                <span class="method-name">testPow(-2.0, 1.0, -2.0)</span>
                <span class="method-start">215 ms</span>
              </div> <!-- test-method -->
            </div> <!-- chronological-class -->
            <div class="chronological-class">
              <div class="chronological-class-name">by.epam.atmentoring.unittest.CalculatorTestSqrt</div> <!-- chronological-class-name -->
              <div class="configuration-class before">
                <span class="method-name">setUp</span>
                <span class="method-start">245 ms</span>
              </div> <!-- configuration-class before -->
              <div class="test-method">
                <img src="failed.png">
                </img>
                <span class="method-name">testSqrt(-1.0)</span>
                <span class="method-start">245 ms</span>
              </div> <!-- test-method -->
              <div class="test-method">
                <span class="method-name">testSqrt(0.0, 0.0)</span>
                <span class="method-start">247 ms</span>
              </div> <!-- test-method -->
              <div class="test-method">
                <span class="method-name">testSqrt(1.0, 1.0)</span>
                <span class="method-start">248 ms</span>
              </div> <!-- test-method -->
            </div> <!-- chronological-class -->
            <div class="chronological-class">
              <div class="chronological-class-name">by.epam.atmentoring.unittest.CalculatorTestTg</div> <!-- chronological-class-name -->
              <div class="configuration-class before">
                <span class="method-name">setUp</span>
                <span class="method-start">249 ms</span>
              </div> <!-- configuration-class before -->
            </div> <!-- chronological-class -->
            <div class="chronological-class">
              <div class="chronological-class-name">by.epam.atmentoring.unittest.CalculatorTestSqrt</div> <!-- chronological-class-name -->
              <div class="test-method">
                <span class="method-name">testSqrt(2.25, 1.5)</span>
                <span class="method-start">249 ms</span>
              </div> <!-- test-method -->
            </div> <!-- chronological-class -->
            <div class="chronological-class">
              <div class="chronological-class-name">by.epam.atmentoring.unittest.CalculatorTestTg</div> <!-- chronological-class-name -->
              <div class="test-method">
                <img src="failed.png">
                </img>
                <span class="method-name">testTg(-6.2832, 0.0)</span>
                <span class="method-start">249 ms</span>
              </div> <!-- test-method -->
            </div> <!-- chronological-class -->
            <div class="chronological-class">
              <div class="chronological-class-name">by.epam.atmentoring.unittest.CalculatorTestCtg</div> <!-- chronological-class-name -->
              <div class="configuration-class before">
                <span class="method-name">setUp</span>
                <span class="method-start">250 ms</span>
              </div> <!-- configuration-class before -->
              <div class="test-method">
                <img src="failed.png">
                </img>
                <span class="method-name">testCtg(-6.2832, Infinity)</span>
                <span class="method-start">250 ms</span>
              </div> <!-- test-method -->
            </div> <!-- chronological-class -->
            <div class="chronological-class">
              <div class="chronological-class-name">by.epam.atmentoring.unittest.CalculatorTestSqrt</div> <!-- chronological-class-name -->
              <div class="test-method">
                <span class="method-name">testSqrt(10.0, 3.1622776601683795)</span>
                <span class="method-start">251 ms</span>
              </div> <!-- test-method -->
              <div class="test-method">
                <span class="method-name">testSqrt(225.0, 15.0)</span>
                <span class="method-start">251 ms</span>
              </div> <!-- test-method -->
            </div> <!-- chronological-class -->
            <div class="chronological-class">
              <div class="chronological-class-name">by.epam.atmentoring.unittest.CalculatorTestTg</div> <!-- chronological-class-name -->
              <div class="test-method">
                <img src="failed.png">
                </img>
                <span class="method-name">testTg(0.0175, 0.0175)</span>
                <span class="method-start">251 ms</span>
              </div> <!-- test-method -->
            </div> <!-- chronological-class -->
            <div class="chronological-class">
              <div class="chronological-class-name">by.epam.atmentoring.unittest.CalculatorTestSqrt</div> <!-- chronological-class-name -->
              <div class="configuration-class after">
                <span class="method-name">tearDown</span>
                <span class="method-start">252 ms</span>
              </div> <!-- configuration-class after -->
            </div> <!-- chronological-class -->
            <div class="chronological-class">
              <div class="chronological-class-name">by.epam.atmentoring.unittest.CalculatorTestTg</div> <!-- chronological-class-name -->
              <div class="test-method">
                <img src="failed.png">
                </img>
                <span class="method-name">testTg(1.0472, 1.7321)</span>
                <span class="method-start">252 ms</span>
              </div> <!-- test-method -->
              <div class="test-method">
                <img src="failed.png">
                </img>
                <span class="method-name">testTg(1.5708, Infinity)</span>
                <span class="method-start">254 ms</span>
              </div> <!-- test-method -->
              <div class="test-method">
                <img src="failed.png">
                </img>
                <span class="method-name">testTg(3.1416, 0.0)</span>
                <span class="method-start">255 ms</span>
              </div> <!-- test-method -->
              <div class="test-method">
                <img src="failed.png">
                </img>
                <span class="method-name">testTg(4.7997, -11.4301)</span>
                <span class="method-start">256 ms</span>
              </div> <!-- test-method -->
              <div class="test-method">
                <img src="failed.png">
                </img>
                <span class="method-name">testTg(6.2832, 0.0)</span>
                <span class="method-start">257 ms</span>
              </div> <!-- test-method -->
            </div> <!-- chronological-class -->
            <div class="chronological-class">
              <div class="chronological-class-name">by.epam.atmentoring.unittest.CalculatorTestCtg</div> <!-- chronological-class-name -->
              <div class="test-method">
                <img src="failed.png">
                </img>
                <span class="method-name">testCtg(0.0175, 57.29)</span>
                <span class="method-start">261 ms</span>
              </div> <!-- test-method -->
              <div class="test-method">
                <img src="failed.png">
                </img>
                <span class="method-name">testCtg(1.0472, 0.5774)</span>
                <span class="method-start">262 ms</span>
              </div> <!-- test-method -->
              <div class="test-method">
                <img src="failed.png">
                </img>
                <span class="method-name">testCtg(1.5708, 0.0)</span>
                <span class="method-start">263 ms</span>
              </div> <!-- test-method -->
              <div class="test-method">
                <img src="failed.png">
                </img>
                <span class="method-name">testCtg(3.1416, -Infinity)</span>
                <span class="method-start">264 ms</span>
              </div> <!-- test-method -->
              <div class="test-method">
                <img src="failed.png">
                </img>
                <span class="method-name">testCtg(4.7997, -0.0875)</span>
                <span class="method-start">265 ms</span>
              </div> <!-- test-method -->
              <div class="test-method">
                <img src="failed.png">
                </img>
                <span class="method-name">testCtg(6.2832, Infinity)</span>
                <span class="method-start">266 ms</span>
              </div> <!-- test-method -->
            </div> <!-- chronological-class -->
            <div class="chronological-class">
              <div class="chronological-class-name">by.epam.atmentoring.unittest.CalculatorTestSin</div> <!-- chronological-class-name -->
              <div class="configuration-class before">
                <span class="method-name">setUp</span>
                <span class="method-start">281 ms</span>
              </div> <!-- configuration-class before -->
              <div class="test-method">
                <span class="method-name">testSin(-6.2832, 0.0)</span>
                <span class="method-start">281 ms</span>
              </div> <!-- test-method -->
              <div class="test-method">
                <span class="method-name">testSin(0.0175, 0.0175)</span>
                <span class="method-start">282 ms</span>
              </div> <!-- test-method -->
              <div class="test-method">
                <span class="method-name">testSin(1.0472, 0.866)</span>
                <span class="method-start">283 ms</span>
              </div> <!-- test-method -->
              <div class="test-method">
                <span class="method-name">testSin(1.5708, 1.0)</span>
                <span class="method-start">283 ms</span>
              </div> <!-- test-method -->
              <div class="test-method">
                <span class="method-name">testSin(3.1416, 0.0)</span>
                <span class="method-start">284 ms</span>
              </div> <!-- test-method -->
              <div class="test-method">
                <span class="method-name">testSin(4.7997, -0.9962)</span>
                <span class="method-start">284 ms</span>
              </div> <!-- test-method -->
              <div class="test-method">
                <span class="method-name">testSin(6.2832, 0.0)</span>
                <span class="method-start">285 ms</span>
              </div> <!-- test-method -->
            </div> <!-- chronological-class -->
            <div class="chronological-class">
              <div class="chronological-class-name">by.epam.atmentoring.unittest.CalculatorTestCos</div> <!-- chronological-class-name -->
              <div class="configuration-class before">
                <span class="method-name">setUp</span>
                <span class="method-start">301 ms</span>
              </div> <!-- configuration-class before -->
              <div class="test-method">
                <img src="failed.png">
                </img>
                <span class="method-name">testCos(-6.2832, -1.0)</span>
                <span class="method-start">301 ms</span>
              </div> <!-- test-method -->
              <div class="test-method">
                <img src="failed.png">
                </img>
                <span class="method-name">testCos(0.0175, 0.9998)</span>
                <span class="method-start">305 ms</span>
              </div> <!-- test-method -->
              <div class="test-method">
                <img src="failed.png">
                </img>
                <span class="method-name">testCos(1.0472, 0.5)</span>
                <span class="method-start">305 ms</span>
              </div> <!-- test-method -->
              <div class="test-method">
                <img src="failed.png">
                </img>
                <span class="method-name">testCos(1.5708, 0.0)</span>
                <span class="method-start">306 ms</span>
              </div> <!-- test-method -->
              <div class="test-method">
                <img src="failed.png">
                </img>
                <span class="method-name">testCos(3.1416, -1.0)</span>
                <span class="method-start">307 ms</span>
              </div> <!-- test-method -->
              <div class="test-method">
                <img src="failed.png">
                </img>
                <span class="method-name">testCos(4.7997, 0.0872)</span>
                <span class="method-start">308 ms</span>
              </div> <!-- test-method -->
              <div class="test-method">
                <img src="failed.png">
                </img>
                <span class="method-name">testCos(6.2832, 1.0)</span>
                <span class="method-start">309 ms</span>
              </div> <!-- test-method -->
            </div> <!-- chronological-class -->
            <div class="chronological-class">
              <div class="chronological-class-name">by.epam.atmentoring.unittest.CalculatorTestPow</div> <!-- chronological-class-name -->
              <div class="test-method">
                <span class="method-name">testPow(-2.0, 0.0, 1.0)</span>
                <span class="method-start">310 ms</span>
              </div> <!-- test-method -->
              <div class="test-method">
                <span class="method-name">testPow(2.0, 0.0, 1.0)</span>
                <span class="method-start">314 ms</span>
              </div> <!-- test-method -->
              <div class="test-method">
                <span class="method-name">testPow(2.0, 1.0, 2.0)</span>
                <span class="method-start">314 ms</span>
              </div> <!-- test-method -->
              <div class="test-method">
                <span class="method-name">testPow(2.0, 2.0, 4.0)</span>
                <span class="method-start">315 ms</span>
              </div> <!-- test-method -->
              <div class="test-method">
                <span class="method-name">testPow(2.0, -1.0, 0.5)</span>
                <span class="method-start">317 ms</span>
              </div> <!-- test-method -->
              <div class="configuration-class after">
                <span class="method-name">tearDown</span>
                <span class="method-start">323 ms</span>
              </div> <!-- configuration-class after -->
            </div> <!-- chronological-class -->
            <div class="chronological-class">
              <div class="chronological-class-name">by.epam.atmentoring.unittest.CalculatorTestIsPositive</div> <!-- chronological-class-name -->
              <div class="configuration-class before">
                <span class="method-name">setUp</span>
                <span class="method-start">332 ms</span>
              </div> <!-- configuration-class before -->
              <div class="test-method">
                <span class="method-name">testIsPositive(-9223372036854775808, false)</span>
                <span class="method-start">332 ms</span>
              </div> <!-- test-method -->
            </div> <!-- chronological-class -->
            <div class="chronological-class">
              <div class="chronological-class-name">by.epam.atmentoring.unittest.CalculatorTestIsNegative</div> <!-- chronological-class-name -->
              <div class="configuration-class before">
                <span class="method-name">setUp</span>
                <span class="method-start">340 ms</span>
              </div> <!-- configuration-class before -->
              <div class="test-method">
                <span class="method-name">testIsNegative(-9223372036854775808, true)</span>
                <span class="method-start">340 ms</span>
              </div> <!-- test-method -->
            </div> <!-- chronological-class -->
            <div class="chronological-class">
              <div class="chronological-class-name">by.epam.atmentoring.unittest.CalculatorTestIsPositive</div> <!-- chronological-class-name -->
              <div class="test-method">
                <span class="method-name">testIsPositive(-1, false)</span>
                <span class="method-start">340 ms</span>
              </div> <!-- test-method -->
              <div class="test-method">
                <span class="method-name">testIsPositive(0, false)</span>
                <span class="method-start">341 ms</span>
              </div> <!-- test-method -->
              <div class="test-method">
                <span class="method-name">testIsPositive(1, true)</span>
                <span class="method-start">362 ms</span>
              </div> <!-- test-method -->
              <div class="test-method">
                <span class="method-name">testIsPositive(9223372036854775807, true)</span>
                <span class="method-start">363 ms</span>
              </div> <!-- test-method -->
            </div> <!-- chronological-class -->
            <div class="chronological-class">
              <div class="chronological-class-name">by.epam.atmentoring.unittest.CalculatorTestIsNegative</div> <!-- chronological-class-name -->
              <div class="test-method">
                <span class="method-name">testIsNegative(-1, true)</span>
                <span class="method-start">371 ms</span>
              </div> <!-- test-method -->
              <div class="test-method">
                <span class="method-name">testIsNegative(0, false)</span>
                <span class="method-start">372 ms</span>
              </div> <!-- test-method -->
              <div class="test-method">
                <span class="method-name">testIsNegative(1, false)</span>
                <span class="method-start">372 ms</span>
              </div> <!-- test-method -->
              <div class="test-method">
                <span class="method-name">testIsNegative(9223372036854775807, false)</span>
                <span class="method-start">373 ms</span>
              </div> <!-- test-method -->
          </div> <!-- main-panel-content rounded-window-bottom -->
        </div> <!-- panel -->
      </div> <!-- main-panel-root -->
    </div> <!-- wrapper -->
  </body>
</html>
